[ 2016-03-21T10:13:15+08:00 ] 127.0.0.1 /
INFO: [ app_init ] --START--
INFO: Run Behavior\BuildLiteBehavior [ RunTime:0.000020s ]
INFO: [ app_init ] --END-- [ RunTime:0.004003s ]
INFO: [ app_begin ] --START--
INFO: Run Behavior\ReadHtmlCacheBehavior [ RunTime:0.001328s ]
INFO: [ app_begin ] --END-- [ RunTime:0.001383s ]
NOTIC: [8] Use of undefined constant song - assumed 'song' D:\guanwang\ShangWang\Home\Controller\IndexController.class.php 第 6 行.
INFO: [ view_parse ] --START--
INFO: Run Behavior\ParseTemplateBehavior [ RunTime:0.000611s ]
INFO: [ view_parse ] --END-- [ RunTime:0.000682s ]
INFO: [ view_filter ] --START--
INFO: Run Behavior\WriteHtmlCacheBehavior [ RunTime:0.000945s ]
INFO: [ view_filter ] --END-- [ RunTime:0.000990s ]
INFO: [ app_end ] --START--
INFO: Run Behavior\ShowPageTraceBehavior [ RunTime:0.001494s ]
INFO: [ app_end ] --END-- [ RunTime:0.001686s ]

[ 2016-03-21T19:34:29+08:00 ] 127.0.0.1 /
INFO: [ app_init ] --START--
INFO: Run Behavior\BuildLiteBehavior [ RunTime:0.000022s ]
INFO: [ app_init ] --END-- [ RunTime:0.001096s ]
INFO: [ app_begin ] --START--
INFO: Run Behavior\ReadHtmlCacheBehavior [ RunTime:0.001228s ]
INFO: [ app_begin ] --END-- [ RunTime:0.001280s ]
NOTIC: [8] Use of undefined constant song - assumed 'song' D:\guanwang\ShangWang\Home\Controller\IndexController.class.php 第 6 行.
INFO: [ view_parse ] --START--
INFO: Run Behavior\ParseTemplateBehavior [ RunTime:0.000903s ]
INFO: [ view_parse ] --END-- [ RunTime:0.000958s ]
INFO: [ view_filter ] --START--
INFO: Run Behavior\WriteHtmlCacheBehavior [ RunTime:0.001275s ]
INFO: [ view_filter ] --END-- [ RunTime:0.001329s ]
INFO: [ app_end ] --START--
INFO: Run Behavior\ShowPageTraceBehavior [ RunTime:0.001629s ]
INFO: [ app_end ] --END-- [ RunTime:0.001684s ]

[ 2016-03-21T20:26:13+08:00 ] 127.0.0.1 /
INFO: [ app_init ] --START--
INFO: Run Behavior\BuildLiteBehavior [ RunTime:0.000011s ]
INFO: [ app_init ] --END-- [ RunTime:0.000351s ]
INFO: [ app_begin ] --START--
INFO: Run Behavior\ReadHtmlCacheBehavior [ RunTime:0.000815s ]
INFO: [ app_begin ] --END-- [ RunTime:0.000877s ]
NOTIC: [8] Use of undefined constant song - assumed 'song' D:\guanwang\ShangWang\Home\Controller\IndexController.class.php 第 6 行.
INFO: [ view_parse ] --START--
INFO: Run Behavior\ParseTemplateBehavior [ RunTime:0.000397s ]
INFO: [ view_parse ] --END-- [ RunTime:0.000436s ]
INFO: [ view_filter ] --START--
INFO: Run Behavior\WriteHtmlCacheBehavior [ RunTime:0.000443s ]
INFO: [ view_filter ] --END-- [ RunTime:0.000472s ]
INFO: [ app_end ] --START--
INFO: Run Behavior\ShowPageTraceBehavior [ RunTime:0.000718s ]
INFO: [ app_end ] --END-- [ RunTime:0.000747s ]

