[ 2016-04-29T11:26:47+08:00 ] 127.0.0.1 /index.php/admin
INFO: [ app_init ] --START--
INFO: Run Behavior\BuildLiteBehavior [ RunTime:0.000019s ]
INFO: [ app_init ] --END-- [ RunTime:0.000621s ]
INFO: [ app_begin ] --START--
INFO: Run Behavior\ReadHtmlCacheBehavior [ RunTime:0.001141s ]
INFO: [ app_begin ] --END-- [ RunTime:0.001196s ]

[ 2016-04-29T11:26:47+08:00 ] 127.0.0.1 /index.php/Admin/Login/login
INFO: [ app_init ] --START--
INFO: Run Behavior\BuildLiteBehavior [ RunTime:0.000014s ]
INFO: [ app_init ] --END-- [ RunTime:0.000372s ]
INFO: [ app_begin ] --START--
INFO: Run Behavior\ReadHtmlCacheBehavior [ RunTime:0.000715s ]
INFO: [ app_begin ] --END-- [ RunTime:0.000789s ]
INFO: [ view_parse ] --START--
INFO: [ template_filter ] --START--
INFO: Run Behavior\ContentReplaceBehavior [ RunTime:0.000059s ]
INFO: [ template_filter ] --END-- [ RunTime:0.000111s ]
INFO: Run Behavior\ParseTemplateBehavior [ RunTime:0.020793s ]
INFO: [ view_parse ] --END-- [ RunTime:0.020851s ]
INFO: [ view_filter ] --START--
INFO: Run Behavior\WriteHtmlCacheBehavior [ RunTime:0.000568s ]
INFO: [ view_filter ] --END-- [ RunTime:0.000604s ]
INFO: [ app_end ] --START--
INFO: Run Behavior\ShowPageTraceBehavior [ RunTime:0.009411s ]
INFO: [ app_end ] --END-- [ RunTime:0.009474s ]

[ 2016-04-29T11:26:47+08:00 ] 127.0.0.1 /index.php/Admin/Login/img/A001.jpg
INFO: [ app_init ] --START--
INFO: Run Behavior\BuildLiteBehavior [ RunTime:0.000024s ]
INFO: [ app_init ] --END-- [ RunTime:0.000577s ]

[ 2016-04-29T11:26:55+08:00 ] 127.0.0.1 /index.php/Admin/Login/checkLogin
INFO: [ app_init ] --START--
INFO: Run Behavior\BuildLiteBehavior [ RunTime:0.000014s ]
INFO: [ app_init ] --END-- [ RunTime:0.000370s ]
INFO: [ app_begin ] --START--
INFO: Run Behavior\ReadHtmlCacheBehavior [ RunTime:0.002938s ]
INFO: [ app_begin ] --END-- [ RunTime:0.003042s ]
SQL: SHOW COLUMNS FROM `imicms_user` [ RunTime:0.0086s ]
SQL: SELECT * FROM `imicms_user` WHERE (  name='admin' and password='021bb859391dcda84697650cc19e999f'  ) LIMIT 1   [ RunTime:0.0004s ]
INFO: [ view_parse ] --START--
INFO: [ template_filter ] --START--
INFO: Run Behavior\ContentReplaceBehavior [ RunTime:0.000050s ]
INFO: [ template_filter ] --END-- [ RunTime:0.000091s ]
INFO: Run Behavior\ParseTemplateBehavior [ RunTime:0.012830s ]
INFO: [ view_parse ] --END-- [ RunTime:0.012897s ]
INFO: [ view_filter ] --START--
INFO: Run Behavior\WriteHtmlCacheBehavior [ RunTime:0.000377s ]
INFO: [ view_filter ] --END-- [ RunTime:0.000407s ]

[ 2016-04-29T11:27:03+08:00 ] 127.0.0.1 /index.php/Admin/Login/checkLogin
INFO: [ app_init ] --START--
INFO: Run Behavior\BuildLiteBehavior [ RunTime:0.000023s ]
INFO: [ app_init ] --END-- [ RunTime:0.000627s ]
INFO: [ app_begin ] --START--
INFO: Run Behavior\ReadHtmlCacheBehavior [ RunTime:0.001141s ]
INFO: [ app_begin ] --END-- [ RunTime:0.001408s ]
SQL: SHOW COLUMNS FROM `imicms_user` [ RunTime:0.0047s ]
SQL: SELECT * FROM `imicms_user` WHERE (  name='admin' and password='21232f297a57a5a743894a0e4a801fc3'  ) LIMIT 1   [ RunTime:0.0006s ]
INFO: [ view_parse ] --START--
INFO: [ template_filter ] --START--
INFO: Run Behavior\ContentReplaceBehavior [ RunTime:0.000057s ]
INFO: [ template_filter ] --END-- [ RunTime:0.000105s ]
INFO: Run Behavior\ParseTemplateBehavior [ RunTime:0.008645s ]
INFO: [ view_parse ] --END-- [ RunTime:0.008711s ]
INFO: [ view_filter ] --START--
INFO: Run Behavior\WriteHtmlCacheBehavior [ RunTime:0.000403s ]
INFO: [ view_filter ] --END-- [ RunTime:0.000435s ]

[ 2016-04-29T11:27:09+08:00 ] 127.0.0.1 /index.php/Admin/Login/checkLogin
INFO: [ app_init ] --START--
INFO: Run Behavior\BuildLiteBehavior [ RunTime:0.000014s ]
INFO: [ app_init ] --END-- [ RunTime:0.000351s ]
INFO: [ app_begin ] --START--
INFO: Run Behavior\ReadHtmlCacheBehavior [ RunTime:0.000794s ]
INFO: [ app_begin ] --END-- [ RunTime:0.000854s ]
SQL: SHOW COLUMNS FROM `imicms_user` [ RunTime:0.0052s ]
SQL: SELECT * FROM `imicms_user` WHERE (  name='admin' and password='95cc64dd2825f9df13ec4ad683ecf339'  ) LIMIT 1   [ RunTime:0.0007s ]
INFO: [ view_parse ] --START--
INFO: [ template_filter ] --START--
INFO: Run Behavior\ContentReplaceBehavior [ RunTime:0.000054s ]
INFO: [ template_filter ] --END-- [ RunTime:0.000100s ]
INFO: Run Behavior\ParseTemplateBehavior [ RunTime:0.008491s ]
INFO: [ view_parse ] --END-- [ RunTime:0.008558s ]
INFO: [ view_filter ] --START--
INFO: Run Behavior\WriteHtmlCacheBehavior [ RunTime:0.001003s ]
INFO: [ view_filter ] --END-- [ RunTime:0.001047s ]

[ 2016-04-29T11:27:14+08:00 ] 127.0.0.1 /index.php/Admin/Login/checkLogin
INFO: [ app_init ] --START--
INFO: Run Behavior\BuildLiteBehavior [ RunTime:0.000015s ]
INFO: [ app_init ] --END-- [ RunTime:0.000372s ]
INFO: [ app_begin ] --START--
INFO: Run Behavior\ReadHtmlCacheBehavior [ RunTime:0.000699s ]
INFO: [ app_begin ] --END-- [ RunTime:0.000762s ]
SQL: SHOW COLUMNS FROM `imicms_user` [ RunTime:0.0045s ]
SQL: SELECT * FROM `imicms_user` WHERE (  name='cs' and password='95cc64dd2825f9df13ec4ad683ecf339'  ) LIMIT 1   [ RunTime:0.0008s ]

[ 2016-04-29T11:27:14+08:00 ] 127.0.0.1 /index.php/Admin/Index/index
INFO: [ app_init ] --START--
INFO: Run Behavior\BuildLiteBehavior [ RunTime:0.000012s ]
INFO: [ app_init ] --END-- [ RunTime:0.000312s ]
INFO: [ app_begin ] --START--
INFO: Run Behavior\ReadHtmlCacheBehavior [ RunTime:0.000705s ]
INFO: [ app_begin ] --END-- [ RunTime:0.000756s ]
INFO: [ view_parse ] --START--
INFO: [ template_filter ] --START--
INFO: Run Behavior\ContentReplaceBehavior [ RunTime:0.000060s ]
INFO: [ template_filter ] --END-- [ RunTime:0.000130s ]
INFO: Run Behavior\ParseTemplateBehavior [ RunTime:0.081533s ]
INFO: [ view_parse ] --END-- [ RunTime:0.081583s ]
INFO: [ view_filter ] --START--
INFO: Run Behavior\WriteHtmlCacheBehavior [ RunTime:0.000567s ]
INFO: [ view_filter ] --END-- [ RunTime:0.000609s ]
INFO: [ app_end ] --START--
INFO: Run Behavior\ShowPageTraceBehavior [ RunTime:0.000807s ]
INFO: [ app_end ] --END-- [ RunTime:0.000862s ]

[ 2016-04-29T11:27:21+08:00 ] 127.0.0.1 /index.php/Admin/User/index
INFO: [ app_init ] --START--
INFO: Run Behavior\BuildLiteBehavior [ RunTime:0.000014s ]
INFO: [ app_init ] --END-- [ RunTime:0.000419s ]
INFO: [ app_begin ] --START--
INFO: Run Behavior\ReadHtmlCacheBehavior [ RunTime:0.000653s ]
INFO: [ app_begin ] --END-- [ RunTime:0.000693s ]
SQL: SHOW COLUMNS FROM `imicms_user` [ RunTime:0.0047s ]
SQL: SELECT * FROM `imicms_user`  [ RunTime:0.0004s ]
INFO: [ view_parse ] --START--
INFO: [ template_filter ] --START--
INFO: Run Behavior\ContentReplaceBehavior [ RunTime:0.000062s ]
INFO: [ template_filter ] --END-- [ RunTime:0.000104s ]
INFO: Run Behavior\ParseTemplateBehavior [ RunTime:0.011005s ]
INFO: [ view_parse ] --END-- [ RunTime:0.011058s ]
INFO: [ view_filter ] --START--
INFO: Run Behavior\WriteHtmlCacheBehavior [ RunTime:0.000360s ]
INFO: [ view_filter ] --END-- [ RunTime:0.000390s ]
INFO: [ app_end ] --START--
INFO: Run Behavior\ShowPageTraceBehavior [ RunTime:0.000692s ]
INFO: [ app_end ] --END-- [ RunTime:0.000722s ]

[ 2016-04-29T11:27:35+08:00 ] 127.0.0.1 /index.php/Admin/UserInfo/index
INFO: [ app_init ] --START--
INFO: Run Behavior\BuildLiteBehavior [ RunTime:0.000012s ]
INFO: [ app_init ] --END-- [ RunTime:0.000305s ]
INFO: [ app_begin ] --START--
INFO: Run Behavior\ReadHtmlCacheBehavior [ RunTime:0.000611s ]
INFO: [ app_begin ] --END-- [ RunTime:0.000648s ]
SQL: SHOW COLUMNS FROM `imicms_citys` [ RunTime:0.0057s ]
SQL: SHOW COLUMNS FROM `imicms_userinfo` [ RunTime:0.0057s ]
SQL: SELECT COUNT(*) AS tp_count FROM `imicms_userinfo` LIMIT 1   [ RunTime:0.0008s ]
SQL: SELECT * FROM `imicms_userinfo` ORDER BY addtime desc LIMIT 0,5   [ RunTime:0.0010s ]
SQL: SELECT * FROM `imicms_citys` WHERE ( id=370000 ) LIMIT 1   [ RunTime:0.0148s ]
SQL: SELECT * FROM `imicms_citys` WHERE ( id=371700 ) LIMIT 1   [ RunTime:0.0013s ]
SQL: SELECT * FROM `imicms_citys` WHERE ( id=440000 ) LIMIT 1   [ RunTime:0.0018s ]
SQL: SELECT * FROM `imicms_citys` WHERE ( id=440100 ) LIMIT 1   [ RunTime:0.0016s ]
INFO: [ view_parse ] --START--
INFO: [ template_filter ] --START--
INFO: Run Behavior\ContentReplaceBehavior [ RunTime:0.000070s ]
INFO: [ template_filter ] --END-- [ RunTime:0.000118s ]
INFO: Run Behavior\ParseTemplateBehavior [ RunTime:0.022041s ]
INFO: [ view_parse ] --END-- [ RunTime:0.022105s ]
INFO: [ view_filter ] --START--
INFO: Run Behavior\WriteHtmlCacheBehavior [ RunTime:0.000398s ]
INFO: [ view_filter ] --END-- [ RunTime:0.000430s ]
INFO: [ app_end ] --START--
INFO: Run Behavior\ShowPageTraceBehavior [ RunTime:0.000915s ]
INFO: [ app_end ] --END-- [ RunTime:0.000951s ]

[ 2016-04-29T14:22:46+08:00 ] 127.0.0.1 /index.php/admin
INFO: [ app_init ] --START--
INFO: Run Behavior\BuildLiteBehavior [ RunTime:0.000014s ]
INFO: [ app_init ] --END-- [ RunTime:0.000373s ]
INFO: [ app_begin ] --START--
INFO: Run Behavior\ReadHtmlCacheBehavior [ RunTime:0.000753s ]
INFO: [ app_begin ] --END-- [ RunTime:0.000808s ]
INFO: [ view_parse ] --START--
INFO: [ template_filter ] --START--
INFO: Run Behavior\ContentReplaceBehavior [ RunTime:0.000072s ]
INFO: [ template_filter ] --END-- [ RunTime:0.000128s ]
INFO: Run Behavior\ParseTemplateBehavior [ RunTime:0.011904s ]
INFO: [ view_parse ] --END-- [ RunTime:0.011966s ]
INFO: [ view_filter ] --START--
INFO: Run Behavior\WriteHtmlCacheBehavior [ RunTime:0.000410s ]
INFO: [ view_filter ] --END-- [ RunTime:0.000445s ]
INFO: [ app_end ] --START--
INFO: Run Behavior\ShowPageTraceBehavior [ RunTime:0.001015s ]
INFO: [ app_end ] --END-- [ RunTime:0.001068s ]

[ 2016-04-29T14:23:04+08:00 ] 127.0.0.1 /index.php/Admin/User/index
INFO: [ app_init ] --START--
INFO: Run Behavior\BuildLiteBehavior [ RunTime:0.000014s ]
INFO: [ app_init ] --END-- [ RunTime:0.000350s ]
INFO: [ app_begin ] --START--
INFO: Run Behavior\ReadHtmlCacheBehavior [ RunTime:0.000686s ]
INFO: [ app_begin ] --END-- [ RunTime:0.000732s ]
SQL: SHOW COLUMNS FROM `imicms_user` [ RunTime:0.0058s ]
SQL: SELECT * FROM `imicms_user`  [ RunTime:0.0002s ]
INFO: [ view_parse ] --START--
INFO: [ template_filter ] --START--
INFO: Run Behavior\ContentReplaceBehavior [ RunTime:0.000075s ]
INFO: [ template_filter ] --END-- [ RunTime:0.000126s ]
INFO: Run Behavior\ParseTemplateBehavior [ RunTime:0.009222s ]
INFO: [ view_parse ] --END-- [ RunTime:0.009280s ]
INFO: [ view_filter ] --START--
INFO: Run Behavior\WriteHtmlCacheBehavior [ RunTime:0.000428s ]
INFO: [ view_filter ] --END-- [ RunTime:0.000494s ]
INFO: [ app_end ] --START--
INFO: Run Behavior\ShowPageTraceBehavior [ RunTime:0.000914s ]
INFO: [ app_end ] --END-- [ RunTime:0.000977s ]

[ 2016-04-29T14:26:33+08:00 ] 127.0.0.1 /index.php/Admin/UserInfo/index
INFO: [ app_init ] --START--
INFO: Run Behavior\BuildLiteBehavior [ RunTime:0.000020s ]
INFO: [ app_init ] --END-- [ RunTime:0.000638s ]
INFO: [ app_begin ] --START--
INFO: Run Behavior\ReadHtmlCacheBehavior [ RunTime:0.000741s ]
INFO: [ app_begin ] --END-- [ RunTime:0.000801s ]
SQL: SHOW COLUMNS FROM `imicms_citys` [ RunTime:0.0063s ]
SQL: SHOW COLUMNS FROM `imicms_userinfo` [ RunTime:0.0050s ]
SQL: SELECT COUNT(*) AS tp_count FROM `imicms_userinfo` LIMIT 1   [ RunTime:0.0009s ]
SQL: SELECT * FROM `imicms_userinfo` ORDER BY addtime desc LIMIT 0,5   [ RunTime:0.0002s ]
SQL: SELECT * FROM `imicms_citys` WHERE ( id=370000 ) LIMIT 1   [ RunTime:0.0005s ]
SQL: SELECT * FROM `imicms_citys` WHERE ( id=371700 ) LIMIT 1   [ RunTime:0.0002s ]
SQL: SELECT * FROM `imicms_citys` WHERE ( id=440000 ) LIMIT 1   [ RunTime:0.0005s ]
SQL: SELECT * FROM `imicms_citys` WHERE ( id=440100 ) LIMIT 1   [ RunTime:0.0003s ]
INFO: [ view_parse ] --START--
INFO: [ template_filter ] --START--
INFO: Run Behavior\ContentReplaceBehavior [ RunTime:0.000064s ]
INFO: [ template_filter ] --END-- [ RunTime:0.000127s ]
INFO: Run Behavior\ParseTemplateBehavior [ RunTime:0.011725s ]
INFO: [ view_parse ] --END-- [ RunTime:0.011770s ]
INFO: [ view_filter ] --START--
INFO: Run Behavior\WriteHtmlCacheBehavior [ RunTime:0.000395s ]
INFO: [ view_filter ] --END-- [ RunTime:0.000425s ]
INFO: [ app_end ] --START--
INFO: Run Behavior\ShowPageTraceBehavior [ RunTime:0.000590s ]
INFO: [ app_end ] --END-- [ RunTime:0.000631s ]

[ 2016-04-29T14:27:07+08:00 ] 127.0.0.1 /index.php/Admin/UserInfo/index
INFO: [ app_init ] --START--
INFO: Run Behavior\BuildLiteBehavior [ RunTime:0.000129s ]
INFO: [ app_init ] --END-- [ RunTime:0.000487s ]
INFO: [ app_begin ] --START--
INFO: Run Behavior\ReadHtmlCacheBehavior [ RunTime:0.000675s ]
INFO: [ app_begin ] --END-- [ RunTime:0.000725s ]
SQL: SHOW COLUMNS FROM `imicms_citys` [ RunTime:0.0070s ]
SQL: SHOW COLUMNS FROM `imicms_userinfo` [ RunTime:0.0059s ]
SQL: SELECT COUNT(*) AS tp_count FROM `imicms_userinfo` LIMIT 1   [ RunTime:0.0008s ]
SQL: SELECT * FROM `imicms_userinfo` ORDER BY addtime desc LIMIT 0,5   [ RunTime:0.0006s ]
SQL: SELECT * FROM `imicms_citys` WHERE ( id=370000 ) LIMIT 1   [ RunTime:0.0005s ]
SQL: SELECT * FROM `imicms_citys` WHERE ( id=371700 ) LIMIT 1   [ RunTime:0.0004s ]
SQL: SELECT * FROM `imicms_citys` WHERE ( id=440000 ) LIMIT 1   [ RunTime:0.0004s ]
SQL: SELECT * FROM `imicms_citys` WHERE ( id=440100 ) LIMIT 1   [ RunTime:0.0004s ]
INFO: [ view_parse ] --START--
INFO: [ template_filter ] --START--
INFO: Run Behavior\ContentReplaceBehavior [ RunTime:0.000064s ]
INFO: [ template_filter ] --END-- [ RunTime:0.000116s ]
INFO: Run Behavior\ParseTemplateBehavior [ RunTime:0.009594s ]
INFO: [ view_parse ] --END-- [ RunTime:0.009647s ]
INFO: [ view_filter ] --START--
INFO: Run Behavior\WriteHtmlCacheBehavior [ RunTime:0.000380s ]
INFO: [ view_filter ] --END-- [ RunTime:0.000421s ]
INFO: [ app_end ] --START--
INFO: Run Behavior\ShowPageTraceBehavior [ RunTime:0.000596s ]
INFO: [ app_end ] --END-- [ RunTime:0.000630s ]

[ 2016-04-29T14:27:39+08:00 ] 127.0.0.1 /index.php/Admin/UserInfo/index
INFO: [ app_init ] --START--
INFO: Run Behavior\BuildLiteBehavior [ RunTime:0.000014s ]
INFO: [ app_init ] --END-- [ RunTime:0.000353s ]
INFO: [ app_begin ] --START--
INFO: Run Behavior\ReadHtmlCacheBehavior [ RunTime:0.000674s ]
INFO: [ app_begin ] --END-- [ RunTime:0.000717s ]
SQL: SHOW COLUMNS FROM `imicms_citys` [ RunTime:0.0042s ]
SQL: SHOW COLUMNS FROM `imicms_userinfo` [ RunTime:0.0055s ]
SQL: SELECT COUNT(*) AS tp_count FROM `imicms_userinfo` LIMIT 1   [ RunTime:0.0006s ]
SQL: SELECT * FROM `imicms_userinfo` ORDER BY addtime desc LIMIT 0,5   [ RunTime:0.0007s ]
SQL: SELECT * FROM `imicms_citys` WHERE ( id=370000 ) LIMIT 1   [ RunTime:0.0006s ]
SQL: SELECT * FROM `imicms_citys` WHERE ( id=371700 ) LIMIT 1   [ RunTime:0.0007s ]
SQL: SELECT * FROM `imicms_citys` WHERE ( id=440000 ) LIMIT 1   [ RunTime:0.0009s ]
SQL: SELECT * FROM `imicms_citys` WHERE ( id=440100 ) LIMIT 1   [ RunTime:0.0005s ]
INFO: [ view_parse ] --START--
INFO: [ template_filter ] --START--
INFO: Run Behavior\ContentReplaceBehavior [ RunTime:0.000069s ]
INFO: [ template_filter ] --END-- [ RunTime:0.000116s ]
INFO: Run Behavior\ParseTemplateBehavior [ RunTime:0.009125s ]
INFO: [ view_parse ] --END-- [ RunTime:0.009179s ]
INFO: [ view_filter ] --START--
INFO: Run Behavior\WriteHtmlCacheBehavior [ RunTime:0.000368s ]
INFO: [ view_filter ] --END-- [ RunTime:0.000397s ]
INFO: [ app_end ] --START--
INFO: Run Behavior\ShowPageTraceBehavior [ RunTime:0.000652s ]
INFO: [ app_end ] --END-- [ RunTime:0.000684s ]

[ 2016-04-29T14:28:21+08:00 ] 127.0.0.1 /index.php/Admin/User/add
INFO: [ app_init ] --START--
INFO: Run Behavior\BuildLiteBehavior [ RunTime:0.000014s ]
INFO: [ app_init ] --END-- [ RunTime:0.000368s ]
INFO: [ app_begin ] --START--
INFO: Run Behavior\ReadHtmlCacheBehavior [ RunTime:0.000622s ]
INFO: [ app_begin ] --END-- [ RunTime:0.000661s ]
INFO: [ view_parse ] --START--
INFO: [ template_filter ] --START--
INFO: Run Behavior\ContentReplaceBehavior [ RunTime:0.000089s ]
INFO: [ template_filter ] --END-- [ RunTime:0.000166s ]
INFO: Run Behavior\ParseTemplateBehavior [ RunTime:0.044488s ]
INFO: [ view_parse ] --END-- [ RunTime:0.044531s ]
INFO: [ view_filter ] --START--
INFO: Run Behavior\WriteHtmlCacheBehavior [ RunTime:0.000358s ]
INFO: [ view_filter ] --END-- [ RunTime:0.000387s ]
INFO: [ app_end ] --START--
INFO: Run Behavior\ShowPageTraceBehavior [ RunTime:0.000622s ]
INFO: [ app_end ] --END-- [ RunTime:0.000654s ]

[ 2016-04-29T14:28:24+08:00 ] 127.0.0.1 /index.php/Admin/User/index
INFO: [ app_init ] --START--
INFO: Run Behavior\BuildLiteBehavior [ RunTime:0.000015s ]
INFO: [ app_init ] --END-- [ RunTime:0.000586s ]
INFO: [ app_begin ] --START--
INFO: Run Behavior\ReadHtmlCacheBehavior [ RunTime:0.000681s ]
INFO: [ app_begin ] --END-- [ RunTime:0.000727s ]
SQL: SHOW COLUMNS FROM `imicms_user` [ RunTime:0.0036s ]
SQL: SELECT * FROM `imicms_user`  [ RunTime:0.0003s ]
INFO: [ view_parse ] --START--
INFO: [ template_filter ] --START--
INFO: Run Behavior\ContentReplaceBehavior [ RunTime:0.000071s ]
INFO: [ template_filter ] --END-- [ RunTime:0.000126s ]
INFO: Run Behavior\ParseTemplateBehavior [ RunTime:0.010001s ]
INFO: [ view_parse ] --END-- [ RunTime:0.010050s ]
INFO: [ view_filter ] --START--
INFO: Run Behavior\WriteHtmlCacheBehavior [ RunTime:0.000455s ]
INFO: [ view_filter ] --END-- [ RunTime:0.000487s ]
INFO: [ app_end ] --START--
INFO: Run Behavior\ShowPageTraceBehavior [ RunTime:0.000589s ]
INFO: [ app_end ] --END-- [ RunTime:0.000620s ]

[ 2016-04-29T14:28:26+08:00 ] 127.0.0.1 /index.php/Admin/UserInfo/index
INFO: [ app_init ] --START--
INFO: Run Behavior\BuildLiteBehavior [ RunTime:0.000013s ]
INFO: [ app_init ] --END-- [ RunTime:0.000344s ]
INFO: [ app_begin ] --START--
INFO: Run Behavior\ReadHtmlCacheBehavior [ RunTime:0.000695s ]
INFO: [ app_begin ] --END-- [ RunTime:0.000744s ]
SQL: SHOW COLUMNS FROM `imicms_citys` [ RunTime:0.0076s ]
SQL: SHOW COLUMNS FROM `imicms_userinfo` [ RunTime:0.0043s ]
SQL: SELECT COUNT(*) AS tp_count FROM `imicms_userinfo` LIMIT 1   [ RunTime:0.0007s ]
SQL: SELECT * FROM `imicms_userinfo` ORDER BY addtime desc LIMIT 0,5   [ RunTime:0.0005s ]
SQL: SELECT * FROM `imicms_citys` WHERE ( id=370000 ) LIMIT 1   [ RunTime:0.0004s ]
SQL: SELECT * FROM `imicms_citys` WHERE ( id=371700 ) LIMIT 1   [ RunTime:0.0006s ]
SQL: SELECT * FROM `imicms_citys` WHERE ( id=440000 ) LIMIT 1   [ RunTime:0.0018s ]
SQL: SELECT * FROM `imicms_citys` WHERE ( id=440100 ) LIMIT 1   [ RunTime:0.0009s ]
INFO: [ view_parse ] --START--
INFO: [ template_filter ] --START--
INFO: Run Behavior\ContentReplaceBehavior [ RunTime:0.000062s ]
INFO: [ template_filter ] --END-- [ RunTime:0.000102s ]
INFO: Run Behavior\ParseTemplateBehavior [ RunTime:0.008971s ]
INFO: [ view_parse ] --END-- [ RunTime:0.009026s ]
INFO: [ view_filter ] --START--
INFO: Run Behavior\WriteHtmlCacheBehavior [ RunTime:0.000469s ]
INFO: [ view_filter ] --END-- [ RunTime:0.000506s ]
INFO: [ app_end ] --START--
INFO: Run Behavior\ShowPageTraceBehavior [ RunTime:0.000677s ]
INFO: [ app_end ] --END-- [ RunTime:0.000711s ]

[ 2016-04-29T14:28:27+08:00 ] 127.0.0.1 /index.php/Admin/Userinfo/xls
INFO: [ app_init ] --START--
INFO: Run Behavior\BuildLiteBehavior [ RunTime:0.000015s ]
INFO: [ app_init ] --END-- [ RunTime:0.000365s ]
INFO: [ app_begin ] --START--
INFO: Run Behavior\ReadHtmlCacheBehavior [ RunTime:0.000734s ]
INFO: [ app_begin ] --END-- [ RunTime:0.000785s ]
ERR: 无法加载控制器:Userinfo

[ 2016-04-29T14:29:06+08:00 ] 127.0.0.1 /index.php/Admin/UserInfo/index
INFO: [ app_init ] --START--
INFO: Run Behavior\BuildLiteBehavior [ RunTime:0.000013s ]
INFO: [ app_init ] --END-- [ RunTime:0.000352s ]
INFO: [ app_begin ] --START--
INFO: Run Behavior\ReadHtmlCacheBehavior [ RunTime:0.000664s ]
INFO: [ app_begin ] --END-- [ RunTime:0.000708s ]
SQL: SHOW COLUMNS FROM `imicms_citys` [ RunTime:0.0059s ]
SQL: SHOW COLUMNS FROM `imicms_userinfo` [ RunTime:0.0050s ]
SQL: SELECT COUNT(*) AS tp_count FROM `imicms_userinfo` LIMIT 1   [ RunTime:0.0009s ]
SQL: SELECT * FROM `imicms_userinfo` ORDER BY addtime desc LIMIT 0,5   [ RunTime:0.0005s ]
SQL: SELECT * FROM `imicms_citys` WHERE ( id=370000 ) LIMIT 1   [ RunTime:0.0005s ]
SQL: SELECT * FROM `imicms_citys` WHERE ( id=371700 ) LIMIT 1   [ RunTime:0.0005s ]
SQL: SELECT * FROM `imicms_citys` WHERE ( id=440000 ) LIMIT 1   [ RunTime:0.0005s ]
SQL: SELECT * FROM `imicms_citys` WHERE ( id=440100 ) LIMIT 1   [ RunTime:0.0007s ]
INFO: [ view_parse ] --START--
INFO: [ template_filter ] --START--
INFO: Run Behavior\ContentReplaceBehavior [ RunTime:0.000061s ]
INFO: [ template_filter ] --END-- [ RunTime:0.000102s ]
INFO: Run Behavior\ParseTemplateBehavior [ RunTime:0.009724s ]
INFO: [ view_parse ] --END-- [ RunTime:0.009790s ]
INFO: [ view_filter ] --START--
INFO: Run Behavior\WriteHtmlCacheBehavior [ RunTime:0.000405s ]
INFO: [ view_filter ] --END-- [ RunTime:0.000439s ]
INFO: [ app_end ] --START--
INFO: Run Behavior\ShowPageTraceBehavior [ RunTime:0.000656s ]
INFO: [ app_end ] --END-- [ RunTime:0.000691s ]

[ 2016-04-29T14:29:07+08:00 ] 127.0.0.1 /index.php/Admin/UserInfo/xls
INFO: [ app_init ] --START--
INFO: Run Behavior\BuildLiteBehavior [ RunTime:0.000020s ]
INFO: [ app_init ] --END-- [ RunTime:0.000543s ]
INFO: [ app_begin ] --START--
INFO: Run Behavior\ReadHtmlCacheBehavior [ RunTime:0.001044s ]
INFO: [ app_begin ] --END-- [ RunTime:0.001116s ]
SQL: SHOW COLUMNS FROM `imicms_citys` [ RunTime:0.0051s ]
SQL: SHOW COLUMNS FROM `imicms_userinfo` [ RunTime:0.0056s ]
NOTIC: [8] Undefined index: id D:\jiameng\Shang\Admin\Controller\UserInfoController.class.php 第 32 行.
SQL: SELECT * FROM `imicms_userinfo` ORDER BY addtime desc  [ RunTime:0.0005s ]
SQL: SELECT * FROM `imicms_citys` WHERE ( id=370000 ) LIMIT 1   [ RunTime:0.0003s ]
SQL: SELECT * FROM `imicms_citys` WHERE ( id=371700 ) LIMIT 1   [ RunTime:0.0002s ]
SQL: SELECT * FROM `imicms_citys` WHERE ( id=440000 ) LIMIT 1   [ RunTime:0.0002s ]
SQL: SELECT * FROM `imicms_citys` WHERE ( id=440100 ) LIMIT 1   [ RunTime:0.0002s ]
ERR: 模板不存在:./Shang/Admin/View/UserInfo/xls.html

[ 2016-04-29T14:30:21+08:00 ] 127.0.0.1 /index.php/Admin/UserInfo/xls
INFO: [ app_init ] --START--
INFO: Run Behavior\BuildLiteBehavior [ RunTime:0.000015s ]
INFO: [ app_init ] --END-- [ RunTime:0.000353s ]
INFO: [ app_begin ] --START--
INFO: Run Behavior\ReadHtmlCacheBehavior [ RunTime:0.000772s ]
INFO: [ app_begin ] --END-- [ RunTime:0.000829s ]
SQL: SHOW COLUMNS FROM `imicms_citys` [ RunTime:0.0047s ]
SQL: SHOW COLUMNS FROM `imicms_userinfo` [ RunTime:0.0051s ]
NOTIC: [8] Undefined index: id D:\jiameng\Shang\Admin\Controller\UserInfoController.class.php 第 32 行.
SQL: SELECT * FROM `imicms_userinfo` ORDER BY addtime desc  [ RunTime:0.0010s ]
SQL: SELECT * FROM `imicms_citys` WHERE ( id=370000 ) LIMIT 1   [ RunTime:0.0008s ]
SQL: SELECT * FROM `imicms_citys` WHERE ( id=371700 ) LIMIT 1   [ RunTime:0.0005s ]
SQL: SELECT * FROM `imicms_citys` WHERE ( id=440000 ) LIMIT 1   [ RunTime:0.0005s ]
SQL: SELECT * FROM `imicms_citys` WHERE ( id=440100 ) LIMIT 1   [ RunTime:0.0004s ]
INFO: [ view_parse ] --START--
INFO: [ template_filter ] --START--
INFO: Run Behavior\ContentReplaceBehavior [ RunTime:0.000065s ]
INFO: [ template_filter ] --END-- [ RunTime:0.000111s ]
NOTIC: [8] Undefined variable: data D:\jiameng\Shang\Runtime\Cache\Admin\adfcbb2b79a7e7f16946b71f0a5f3735.php 第 90 行.
NOTIC: [8] Undefined variable: page D:\jiameng\Shang\Runtime\Cache\Admin\adfcbb2b79a7e7f16946b71f0a5f3735.php 第 103 行.
INFO: Run Behavior\ParseTemplateBehavior [ RunTime:0.011707s ]
INFO: [ view_parse ] --END-- [ RunTime:0.011802s ]
INFO: [ view_filter ] --START--
INFO: Run Behavior\WriteHtmlCacheBehavior [ RunTime:0.000762s ]
INFO: [ view_filter ] --END-- [ RunTime:0.000814s ]
INFO: [ app_end ] --START--
INFO: Run Behavior\ShowPageTraceBehavior [ RunTime:0.001363s ]
INFO: [ app_end ] --END-- [ RunTime:0.001427s ]

[ 2016-04-29T14:31:12+08:00 ] 127.0.0.1 /index.php/Admin/UserInfo/xls
INFO: [ app_init ] --START--
INFO: Run Behavior\BuildLiteBehavior [ RunTime:0.000013s ]
INFO: [ app_init ] --END-- [ RunTime:0.000384s ]
INFO: [ app_begin ] --START--
INFO: Run Behavior\ReadHtmlCacheBehavior [ RunTime:0.000700s ]
INFO: [ app_begin ] --END-- [ RunTime:0.000753s ]
SQL: SHOW COLUMNS FROM `imicms_citys` [ RunTime:0.0048s ]
SQL: SHOW COLUMNS FROM `imicms_userinfo` [ RunTime:0.0043s ]
NOTIC: [8] Undefined index: id D:\jiameng\Shang\Admin\Controller\UserInfoController.class.php 第 32 行.
SQL: SELECT * FROM `imicms_userinfo` ORDER BY addtime desc  [ RunTime:0.0004s ]
SQL: SELECT * FROM `imicms_citys` WHERE ( id=370000 ) LIMIT 1   [ RunTime:0.0003s ]
SQL: SELECT * FROM `imicms_citys` WHERE ( id=371700 ) LIMIT 1   [ RunTime:0.0003s ]
SQL: SELECT * FROM `imicms_citys` WHERE ( id=440000 ) LIMIT 1   [ RunTime:0.0003s ]
SQL: SELECT * FROM `imicms_citys` WHERE ( id=440100 ) LIMIT 1   [ RunTime:0.0003s ]
INFO: [ view_parse ] --START--
INFO: [ template_filter ] --START--
INFO: Run Behavior\ContentReplaceBehavior [ RunTime:0.000071s ]
INFO: [ template_filter ] --END-- [ RunTime:0.000123s ]
NOTIC: [8] Undefined variable: data D:\jiameng\Shang\Runtime\Cache\Admin\adfcbb2b79a7e7f16946b71f0a5f3735.php 第 90 行.
NOTIC: [8] Undefined variable: page D:\jiameng\Shang\Runtime\Cache\Admin\adfcbb2b79a7e7f16946b71f0a5f3735.php 第 103 行.
INFO: Run Behavior\ParseTemplateBehavior [ RunTime:0.010388s ]
INFO: [ view_parse ] --END-- [ RunTime:0.010432s ]
INFO: [ view_filter ] --START--
INFO: Run Behavior\WriteHtmlCacheBehavior [ RunTime:0.000495s ]
INFO: [ view_filter ] --END-- [ RunTime:0.000531s ]
INFO: [ app_end ] --START--
INFO: Run Behavior\ShowPageTraceBehavior [ RunTime:0.000702s ]
INFO: [ app_end ] --END-- [ RunTime:0.000741s ]

[ 2016-04-29T14:31:37+08:00 ] 127.0.0.1 /index.php/Admin/UserInfo/xls
INFO: [ app_init ] --START--
INFO: Run Behavior\BuildLiteBehavior [ RunTime:0.000011s ]
INFO: [ app_init ] --END-- [ RunTime:0.000368s ]
INFO: [ app_begin ] --START--
INFO: Run Behavior\ReadHtmlCacheBehavior [ RunTime:0.000690s ]
INFO: [ app_begin ] --END-- [ RunTime:0.000728s ]
SQL: SHOW COLUMNS FROM `imicms_citys` [ RunTime:0.0047s ]
SQL: SHOW COLUMNS FROM `imicms_userinfo` [ RunTime:0.0044s ]
NOTIC: [8] Undefined index: id D:\jiameng\Shang\Admin\Controller\UserInfoController.class.php 第 32 行.
SQL: SELECT * FROM `imicms_userinfo` ORDER BY addtime desc  [ RunTime:0.0004s ]
SQL: SELECT * FROM `imicms_citys` WHERE ( id=370000 ) LIMIT 1   [ RunTime:0.0003s ]
SQL: SELECT * FROM `imicms_citys` WHERE ( id=371700 ) LIMIT 1   [ RunTime:0.0003s ]
SQL: SELECT * FROM `imicms_citys` WHERE ( id=440000 ) LIMIT 1   [ RunTime:0.0003s ]
SQL: SELECT * FROM `imicms_citys` WHERE ( id=440100 ) LIMIT 1   [ RunTime:0.0004s ]
INFO: [ view_parse ] --START--
INFO: [ template_filter ] --START--
INFO: Run Behavior\ContentReplaceBehavior [ RunTime:0.000100s ]
INFO: [ template_filter ] --END-- [ RunTime:0.000161s ]
NOTIC: [8] Undefined variable: data D:\jiameng\Shang\Runtime\Cache\Admin\adfcbb2b79a7e7f16946b71f0a5f3735.php 第 90 行.
NOTIC: [8] Undefined variable: page D:\jiameng\Shang\Runtime\Cache\Admin\adfcbb2b79a7e7f16946b71f0a5f3735.php 第 103 行.
INFO: Run Behavior\ParseTemplateBehavior [ RunTime:0.010604s ]
INFO: [ view_parse ] --END-- [ RunTime:0.010652s ]
INFO: [ view_filter ] --START--
INFO: Run Behavior\WriteHtmlCacheBehavior [ RunTime:0.000692s ]
INFO: [ view_filter ] --END-- [ RunTime:0.000744s ]
INFO: [ app_end ] --START--
INFO: Run Behavior\ShowPageTraceBehavior [ RunTime:0.001224s ]
INFO: [ app_end ] --END-- [ RunTime:0.001289s ]

[ 2016-04-29T14:31:56+08:00 ] 127.0.0.1 /index.php/Admin/UserInfo/xls
INFO: [ app_init ] --START--
INFO: Run Behavior\BuildLiteBehavior [ RunTime:0.000013s ]
INFO: [ app_init ] --END-- [ RunTime:0.000344s ]
INFO: [ app_begin ] --START--
INFO: Run Behavior\ReadHtmlCacheBehavior [ RunTime:0.000665s ]
INFO: [ app_begin ] --END-- [ RunTime:0.000707s ]
SQL: SHOW COLUMNS FROM `imicms_citys` [ RunTime:0.0044s ]
SQL: SHOW COLUMNS FROM `imicms_userinfo` [ RunTime:0.0041s ]
NOTIC: [8] Undefined index: id D:\jiameng\Shang\Admin\Controller\UserInfoController.class.php 第 32 行.
SQL: SELECT * FROM `imicms_userinfo` ORDER BY addtime desc  [ RunTime:0.0014s ]
SQL: SELECT * FROM `imicms_citys` WHERE ( id=370000 ) LIMIT 1   [ RunTime:0.0006s ]
SQL: SELECT * FROM `imicms_citys` WHERE ( id=371700 ) LIMIT 1   [ RunTime:0.0004s ]
SQL: SELECT * FROM `imicms_citys` WHERE ( id=440000 ) LIMIT 1   [ RunTime:0.0002s ]
SQL: SELECT * FROM `imicms_citys` WHERE ( id=440100 ) LIMIT 1   [ RunTime:0.0002s ]
INFO: [ view_parse ] --START--
INFO: [ template_filter ] --START--
INFO: Run Behavior\ContentReplaceBehavior [ RunTime:0.000105s ]
INFO: [ template_filter ] --END-- [ RunTime:0.000181s ]
NOTIC: [8] Undefined variable: data D:\jiameng\Shang\Runtime\Cache\Admin\adfcbb2b79a7e7f16946b71f0a5f3735.php 第 90 行.
NOTIC: [8] Undefined variable: page D:\jiameng\Shang\Runtime\Cache\Admin\adfcbb2b79a7e7f16946b71f0a5f3735.php 第 103 行.
INFO: Run Behavior\ParseTemplateBehavior [ RunTime:0.011145s ]
INFO: [ view_parse ] --END-- [ RunTime:0.011191s ]
INFO: [ view_filter ] --START--
INFO: Run Behavior\WriteHtmlCacheBehavior [ RunTime:0.000439s ]
INFO: [ view_filter ] --END-- [ RunTime:0.000472s ]
INFO: [ app_end ] --START--
INFO: Run Behavior\ShowPageTraceBehavior [ RunTime:0.001181s ]
INFO: [ app_end ] --END-- [ RunTime:0.001237s ]

[ 2016-04-29T14:34:32+08:00 ] 127.0.0.1 /index.php/Admin/UserInfo/index
INFO: [ app_init ] --START--
INFO: Run Behavior\BuildLiteBehavior [ RunTime:0.000015s ]
INFO: [ app_init ] --END-- [ RunTime:0.000374s ]
INFO: [ app_begin ] --START--
INFO: Run Behavior\ReadHtmlCacheBehavior [ RunTime:0.000735s ]
INFO: [ app_begin ] --END-- [ RunTime:0.000797s ]
SQL: SHOW COLUMNS FROM `imicms_citys` [ RunTime:0.0048s ]
SQL: SHOW COLUMNS FROM `imicms_userinfo` [ RunTime:0.0048s ]
SQL: SELECT COUNT(*) AS tp_count FROM `imicms_userinfo` LIMIT 1   [ RunTime:0.0004s ]
SQL: SELECT * FROM `imicms_userinfo` ORDER BY addtime desc LIMIT 0,5   [ RunTime:0.0004s ]
SQL: SELECT * FROM `imicms_citys` WHERE ( id=370000 ) LIMIT 1   [ RunTime:0.0003s ]
SQL: SELECT * FROM `imicms_citys` WHERE ( id=371700 ) LIMIT 1   [ RunTime:0.0002s ]
SQL: SELECT * FROM `imicms_citys` WHERE ( id=440000 ) LIMIT 1   [ RunTime:0.0002s ]
SQL: SELECT * FROM `imicms_citys` WHERE ( id=440100 ) LIMIT 1   [ RunTime:0.0002s ]
INFO: [ view_parse ] --START--
INFO: [ template_filter ] --START--
INFO: Run Behavior\ContentReplaceBehavior [ RunTime:0.000072s ]
INFO: [ template_filter ] --END-- [ RunTime:0.000124s ]
INFO: Run Behavior\ParseTemplateBehavior [ RunTime:0.009885s ]
INFO: [ view_parse ] --END-- [ RunTime:0.009936s ]
INFO: [ view_filter ] --START--
INFO: Run Behavior\WriteHtmlCacheBehavior [ RunTime:0.000439s ]
INFO: [ view_filter ] --END-- [ RunTime:0.000472s ]
INFO: [ app_end ] --START--
INFO: Run Behavior\ShowPageTraceBehavior [ RunTime:0.000593s ]
INFO: [ app_end ] --END-- [ RunTime:0.000625s ]

[ 2016-04-29T14:34:33+08:00 ] 127.0.0.1 /index.php/Admin/UserInfo/xls
INFO: [ app_init ] --START--
INFO: Run Behavior\BuildLiteBehavior [ RunTime:0.000019s ]
INFO: [ app_init ] --END-- [ RunTime:0.000491s ]
INFO: [ app_begin ] --START--
INFO: Run Behavior\ReadHtmlCacheBehavior [ RunTime:0.001111s ]
INFO: [ app_begin ] --END-- [ RunTime:0.001194s ]
SQL: SHOW COLUMNS FROM `imicms_citys` [ RunTime:0.0050s ]
SQL: SHOW COLUMNS FROM `imicms_userinfo` [ RunTime:0.0069s ]
SQL: SELECT * FROM `imicms_userinfo` ORDER BY addtime desc  [ RunTime:0.0010s ]
SQL: SELECT * FROM `imicms_citys` WHERE ( id=370000 ) LIMIT 1   [ RunTime:0.0007s ]
SQL: SELECT * FROM `imicms_citys` WHERE ( id=371700 ) LIMIT 1   [ RunTime:0.0005s ]
SQL: SELECT * FROM `imicms_citys` WHERE ( id=440000 ) LIMIT 1   [ RunTime:0.0007s ]
SQL: SELECT * FROM `imicms_citys` WHERE ( id=440100 ) LIMIT 1   [ RunTime:0.0005s ]
INFO: [ view_parse ] --START--
INFO: [ template_filter ] --START--
INFO: Run Behavior\ContentReplaceBehavior [ RunTime:0.000113s ]
INFO: [ template_filter ] --END-- [ RunTime:0.000192s ]
NOTIC: [8] Undefined variable: data D:\jiameng\Shang\Runtime\Cache\Admin\adfcbb2b79a7e7f16946b71f0a5f3735.php 第 90 行.
NOTIC: [8] Undefined variable: page D:\jiameng\Shang\Runtime\Cache\Admin\adfcbb2b79a7e7f16946b71f0a5f3735.php 第 103 行.
INFO: Run Behavior\ParseTemplateBehavior [ RunTime:0.011010s ]
INFO: [ view_parse ] --END-- [ RunTime:0.011052s ]
INFO: [ view_filter ] --START--
INFO: Run Behavior\WriteHtmlCacheBehavior [ RunTime:0.000418s ]
INFO: [ view_filter ] --END-- [ RunTime:0.000447s ]
INFO: [ app_end ] --START--
INFO: Run Behavior\ShowPageTraceBehavior [ RunTime:0.000628s ]
INFO: [ app_end ] --END-- [ RunTime:0.000662s ]

[ 2016-04-29T14:36:23+08:00 ] 127.0.0.1 /index.php/Admin/UserInfo/xls
INFO: [ app_init ] --START--
INFO: Run Behavior\BuildLiteBehavior [ RunTime:0.000014s ]
INFO: [ app_init ] --END-- [ RunTime:0.000393s ]
INFO: [ app_begin ] --START--
INFO: Run Behavior\ReadHtmlCacheBehavior [ RunTime:0.000760s ]
INFO: [ app_begin ] --END-- [ RunTime:0.000818s ]
SQL: SHOW COLUMNS FROM `imicms_citys` [ RunTime:0.0050s ]
SQL: SHOW COLUMNS FROM `imicms_userinfo` [ RunTime:0.0045s ]
SQL: SELECT * FROM `imicms_userinfo` ORDER BY addtime desc  [ RunTime:0.0010s ]
SQL: SELECT * FROM `imicms_citys` WHERE ( id=370000 ) LIMIT 1   [ RunTime:0.0004s ]
SQL: SELECT * FROM `imicms_citys` WHERE ( id=371700 ) LIMIT 1   [ RunTime:0.0004s ]
SQL: SELECT * FROM `imicms_citys` WHERE ( id=440000 ) LIMIT 1   [ RunTime:0.0003s ]
SQL: SELECT * FROM `imicms_citys` WHERE ( id=440100 ) LIMIT 1   [ RunTime:0.0004s ]
INFO: [ app_end ] --START--
INFO: Run Behavior\ShowPageTraceBehavior [ RunTime:0.000968s ]
INFO: [ app_end ] --END-- [ RunTime:0.001022s ]

[ 2016-04-29T14:37:24+08:00 ] 127.0.0.1 /index.php/Admin/UserInfo/index
INFO: [ app_init ] --START--
INFO: Run Behavior\BuildLiteBehavior [ RunTime:0.000013s ]
INFO: [ app_init ] --END-- [ RunTime:0.000332s ]
INFO: [ app_begin ] --START--
INFO: Run Behavior\ReadHtmlCacheBehavior [ RunTime:0.000569s ]
INFO: [ app_begin ] --END-- [ RunTime:0.000628s ]
SQL: SHOW COLUMNS FROM `imicms_citys` [ RunTime:0.0045s ]
SQL: SHOW COLUMNS FROM `imicms_userinfo` [ RunTime:0.0044s ]
SQL: SELECT COUNT(*) AS tp_count FROM `imicms_userinfo` LIMIT 1   [ RunTime:0.0004s ]
SQL: SELECT * FROM `imicms_userinfo` ORDER BY addtime desc LIMIT 0,5   [ RunTime:0.0004s ]
SQL: SELECT * FROM `imicms_citys` WHERE ( id=370000 ) LIMIT 1   [ RunTime:0.0003s ]
SQL: SELECT * FROM `imicms_citys` WHERE ( id=371700 ) LIMIT 1   [ RunTime:0.0003s ]
SQL: SELECT * FROM `imicms_citys` WHERE ( id=440000 ) LIMIT 1   [ RunTime:0.0002s ]
SQL: SELECT * FROM `imicms_citys` WHERE ( id=440100 ) LIMIT 1   [ RunTime:0.0004s ]
INFO: [ view_parse ] --START--
INFO: [ template_filter ] --START--
INFO: Run Behavior\ContentReplaceBehavior [ RunTime:0.000062s ]
INFO: [ template_filter ] --END-- [ RunTime:0.000103s ]
INFO: Run Behavior\ParseTemplateBehavior [ RunTime:0.009651s ]
INFO: [ view_parse ] --END-- [ RunTime:0.009704s ]
INFO: [ view_filter ] --START--
INFO: Run Behavior\WriteHtmlCacheBehavior [ RunTime:0.000364s ]
INFO: [ view_filter ] --END-- [ RunTime:0.000391s ]
INFO: [ app_end ] --START--
INFO: Run Behavior\ShowPageTraceBehavior [ RunTime:0.000622s ]
INFO: [ app_end ] --END-- [ RunTime:0.000654s ]

[ 2016-04-29T14:37:26+08:00 ] 127.0.0.1 /index.php/Admin/UserInfo/xls
INFO: [ app_init ] --START--
INFO: Run Behavior\BuildLiteBehavior [ RunTime:0.000012s ]
INFO: [ app_init ] --END-- [ RunTime:0.000336s ]
INFO: [ app_begin ] --START--
INFO: Run Behavior\ReadHtmlCacheBehavior [ RunTime:0.000707s ]
INFO: [ app_begin ] --END-- [ RunTime:0.000749s ]
SQL: SHOW COLUMNS FROM `imicms_citys` [ RunTime:0.0041s ]
SQL: SHOW COLUMNS FROM `imicms_userinfo` [ RunTime:0.0045s ]
SQL: SELECT * FROM `imicms_userinfo` ORDER BY addtime desc  [ RunTime:0.0005s ]
SQL: SELECT * FROM `imicms_citys` WHERE ( id=370000 ) LIMIT 1   [ RunTime:0.0004s ]
SQL: SELECT * FROM `imicms_citys` WHERE ( id=371700 ) LIMIT 1   [ RunTime:0.0003s ]
SQL: SELECT * FROM `imicms_citys` WHERE ( id=440000 ) LIMIT 1   [ RunTime:0.0002s ]
SQL: SELECT * FROM `imicms_citys` WHERE ( id=440100 ) LIMIT 1   [ RunTime:0.0002s ]
INFO: [ app_end ] --START--
INFO: Run Behavior\ShowPageTraceBehavior [ RunTime:0.000790s ]
INFO: [ app_end ] --END-- [ RunTime:0.000835s ]

[ 2016-04-29T14:39:10+08:00 ] 127.0.0.1 /index.php/Admin/UserInfo/index
INFO: [ app_init ] --START--
INFO: Run Behavior\BuildLiteBehavior [ RunTime:0.000014s ]
INFO: [ app_init ] --END-- [ RunTime:0.000377s ]
INFO: [ app_begin ] --START--
INFO: Run Behavior\ReadHtmlCacheBehavior [ RunTime:0.000685s ]
INFO: [ app_begin ] --END-- [ RunTime:0.000737s ]
SQL: SHOW COLUMNS FROM `imicms_citys` [ RunTime:0.0056s ]
SQL: SHOW COLUMNS FROM `imicms_userinfo` [ RunTime:0.0054s ]
SQL: SELECT COUNT(*) AS tp_count FROM `imicms_userinfo` LIMIT 1   [ RunTime:0.0003s ]
SQL: SELECT * FROM `imicms_userinfo` ORDER BY addtime desc LIMIT 0,5   [ RunTime:0.0002s ]
SQL: SELECT * FROM `imicms_citys` WHERE ( id=370000 ) LIMIT 1   [ RunTime:0.0004s ]
SQL: SELECT * FROM `imicms_citys` WHERE ( id=371700 ) LIMIT 1   [ RunTime:0.0001s ]
SQL: SELECT * FROM `imicms_citys` WHERE ( id=440000 ) LIMIT 1   [ RunTime:0.0003s ]
SQL: SELECT * FROM `imicms_citys` WHERE ( id=440100 ) LIMIT 1   [ RunTime:0.0002s ]
INFO: [ view_parse ] --START--
INFO: [ template_filter ] --START--
INFO: Run Behavior\ContentReplaceBehavior [ RunTime:0.000952s ]
INFO: [ template_filter ] --END-- [ RunTime:0.001556s ]
INFO: Run Behavior\ParseTemplateBehavior [ RunTime:0.013804s ]
INFO: [ view_parse ] --END-- [ RunTime:0.013881s ]
INFO: [ view_filter ] --START--
INFO: Run Behavior\WriteHtmlCacheBehavior [ RunTime:0.000575s ]
INFO: [ view_filter ] --END-- [ RunTime:0.000619s ]
INFO: [ app_end ] --START--
INFO: Run Behavior\ShowPageTraceBehavior [ RunTime:0.000693s ]
INFO: [ app_end ] --END-- [ RunTime:0.000735s ]

[ 2016-04-29T14:39:12+08:00 ] 127.0.0.1 /index.php/Admin/UserInfo/index
INFO: [ app_init ] --START--
INFO: Run Behavior\BuildLiteBehavior [ RunTime:0.000013s ]
INFO: [ app_init ] --END-- [ RunTime:0.000356s ]
INFO: [ app_begin ] --START--
INFO: Run Behavior\ReadHtmlCacheBehavior [ RunTime:0.000650s ]
INFO: [ app_begin ] --END-- [ RunTime:0.000696s ]
SQL: SHOW COLUMNS FROM `imicms_citys` [ RunTime:0.0040s ]
SQL: SHOW COLUMNS FROM `imicms_userinfo` [ RunTime:0.0040s ]
SQL: SELECT COUNT(*) AS tp_count FROM `imicms_userinfo` LIMIT 1   [ RunTime:0.0004s ]
SQL: SELECT * FROM `imicms_userinfo` ORDER BY addtime desc LIMIT 0,5   [ RunTime:0.0002s ]
SQL: SELECT * FROM `imicms_citys` WHERE ( id=370000 ) LIMIT 1   [ RunTime:0.0002s ]
SQL: SELECT * FROM `imicms_citys` WHERE ( id=371700 ) LIMIT 1   [ RunTime:0.0002s ]
SQL: SELECT * FROM `imicms_citys` WHERE ( id=440000 ) LIMIT 1   [ RunTime:0.0002s ]
SQL: SELECT * FROM `imicms_citys` WHERE ( id=440100 ) LIMIT 1   [ RunTime:0.0001s ]
INFO: [ view_parse ] --START--
INFO: [ template_filter ] --START--
INFO: Run Behavior\ContentReplaceBehavior [ RunTime:0.000110s ]
INFO: [ template_filter ] --END-- [ RunTime:0.000180s ]
INFO: Run Behavior\ParseTemplateBehavior [ RunTime:0.012294s ]
INFO: [ view_parse ] --END-- [ RunTime:0.012353s ]
INFO: [ view_filter ] --START--
INFO: Run Behavior\WriteHtmlCacheBehavior [ RunTime:0.000586s ]
INFO: [ view_filter ] --END-- [ RunTime:0.000628s ]
INFO: [ app_end ] --START--
INFO: Run Behavior\ShowPageTraceBehavior [ RunTime:0.000675s ]
INFO: [ app_end ] --END-- [ RunTime:0.000716s ]

[ 2016-04-29T14:39:14+08:00 ] 127.0.0.1 /index.php/Admin/UserInfo/index
INFO: [ app_init ] --START--
INFO: Run Behavior\BuildLiteBehavior [ RunTime:0.000023s ]
INFO: [ app_init ] --END-- [ RunTime:0.000399s ]
INFO: [ app_begin ] --START--
INFO: Run Behavior\ReadHtmlCacheBehavior [ RunTime:0.000582s ]
INFO: [ app_begin ] --END-- [ RunTime:0.000620s ]
SQL: SHOW COLUMNS FROM `imicms_citys` [ RunTime:0.0045s ]
SQL: SHOW COLUMNS FROM `imicms_userinfo` [ RunTime:0.0051s ]
SQL: SELECT COUNT(*) AS tp_count FROM `imicms_userinfo` LIMIT 1   [ RunTime:0.0007s ]
SQL: SELECT * FROM `imicms_userinfo` ORDER BY addtime desc LIMIT 0,5   [ RunTime:0.0008s ]
SQL: SELECT * FROM `imicms_citys` WHERE ( id=370000 ) LIMIT 1   [ RunTime:0.0007s ]
SQL: SELECT * FROM `imicms_citys` WHERE ( id=371700 ) LIMIT 1   [ RunTime:0.0009s ]
SQL: SELECT * FROM `imicms_citys` WHERE ( id=440000 ) LIMIT 1   [ RunTime:0.0006s ]
SQL: SELECT * FROM `imicms_citys` WHERE ( id=440100 ) LIMIT 1   [ RunTime:0.0004s ]
INFO: [ view_parse ] --START--
INFO: [ template_filter ] --START--
INFO: Run Behavior\ContentReplaceBehavior [ RunTime:0.000061s ]
INFO: [ template_filter ] --END-- [ RunTime:0.000104s ]
INFO: Run Behavior\ParseTemplateBehavior [ RunTime:0.009842s ]
INFO: [ view_parse ] --END-- [ RunTime:0.009884s ]
INFO: [ view_filter ] --START--
INFO: Run Behavior\WriteHtmlCacheBehavior [ RunTime:0.000383s ]
INFO: [ view_filter ] --END-- [ RunTime:0.000424s ]
INFO: [ app_end ] --START--
INFO: Run Behavior\ShowPageTraceBehavior [ RunTime:0.000576s ]
INFO: [ app_end ] --END-- [ RunTime:0.000606s ]

[ 2016-04-29T14:39:17+08:00 ] 127.0.0.1 /index.php/Admin/UserInfo/xls
INFO: [ app_init ] --START--
INFO: Run Behavior\BuildLiteBehavior [ RunTime:0.000013s ]
INFO: [ app_init ] --END-- [ RunTime:0.000353s ]
INFO: [ app_begin ] --START--
INFO: Run Behavior\ReadHtmlCacheBehavior [ RunTime:0.000886s ]
INFO: [ app_begin ] --END-- [ RunTime:0.000960s ]
ERR: 非法操作:xls

[ 2016-04-29T14:39:20+08:00 ] 127.0.0.1 /index.php/Admin/UserInfo/xls
INFO: [ app_init ] --START--
INFO: Run Behavior\BuildLiteBehavior [ RunTime:0.000017s ]
INFO: [ app_init ] --END-- [ RunTime:0.000354s ]
INFO: [ app_begin ] --START--
INFO: Run Behavior\ReadHtmlCacheBehavior [ RunTime:0.000705s ]
INFO: [ app_begin ] --END-- [ RunTime:0.000755s ]
ERR: 非法操作:xls

[ 2016-04-29T14:39:37+08:00 ] 127.0.0.1 /index.php/Admin/UserInfo/xls
INFO: [ app_init ] --START--
INFO: Run Behavior\BuildLiteBehavior [ RunTime:0.000018s ]
INFO: [ app_init ] --END-- [ RunTime:0.000501s ]
INFO: [ app_begin ] --START--
INFO: Run Behavior\ReadHtmlCacheBehavior [ RunTime:0.000600s ]
INFO: [ app_begin ] --END-- [ RunTime:0.000636s ]
ERR: 非法操作:xls

[ 2016-04-29T14:50:44+08:00 ] 127.0.0.1 /index.php/Admin/UserInfo/xls
INFO: [ app_init ] --START--
INFO: Run Behavior\BuildLiteBehavior [ RunTime:0.000014s ]
INFO: [ app_init ] --END-- [ RunTime:0.000380s ]
INFO: [ app_begin ] --START--
INFO: Run Behavior\ReadHtmlCacheBehavior [ RunTime:0.000715s ]
INFO: [ app_begin ] --END-- [ RunTime:0.000772s ]
ERR: 非法操作:xls

[ 2016-04-29T14:56:36+08:00 ] 127.0.0.1 /index.php/Admin/UserInfo/index
INFO: [ app_init ] --START--
INFO: Run Behavior\BuildLiteBehavior [ RunTime:0.000021s ]
INFO: [ app_init ] --END-- [ RunTime:0.000380s ]
INFO: [ app_begin ] --START--
INFO: Run Behavior\ReadHtmlCacheBehavior [ RunTime:0.000638s ]
INFO: [ app_begin ] --END-- [ RunTime:0.000684s ]
SQL: SHOW COLUMNS FROM `imicms_citys` [ RunTime:0.0050s ]
SQL: SHOW COLUMNS FROM `imicms_userinfo` [ RunTime:0.0055s ]
SQL: SELECT COUNT(*) AS tp_count FROM `imicms_userinfo` LIMIT 1   [ RunTime:0.0009s ]
SQL: SELECT * FROM `imicms_userinfo` ORDER BY addtime desc LIMIT 0,5   [ RunTime:0.0010s ]
SQL: SELECT * FROM `imicms_citys` WHERE ( id=370000 ) LIMIT 1   [ RunTime:0.0010s ]
SQL: SELECT * FROM `imicms_citys` WHERE ( id=371700 ) LIMIT 1   [ RunTime:0.0010s ]
SQL: SELECT * FROM `imicms_citys` WHERE ( id=440000 ) LIMIT 1   [ RunTime:0.0003s ]
SQL: SELECT * FROM `imicms_citys` WHERE ( id=440100 ) LIMIT 1   [ RunTime:0.0010s ]
INFO: [ view_parse ] --START--
INFO: [ template_filter ] --START--
INFO: Run Behavior\ContentReplaceBehavior [ RunTime:0.000074s ]
INFO: [ template_filter ] --END-- [ RunTime:0.000118s ]
INFO: Run Behavior\ParseTemplateBehavior [ RunTime:0.009433s ]
INFO: [ view_parse ] --END-- [ RunTime:0.009484s ]
INFO: [ view_filter ] --START--
INFO: Run Behavior\WriteHtmlCacheBehavior [ RunTime:0.000343s ]
INFO: [ view_filter ] --END-- [ RunTime:0.000375s ]
INFO: [ app_end ] --START--
INFO: Run Behavior\ShowPageTraceBehavior [ RunTime:0.000588s ]
INFO: [ app_end ] --END-- [ RunTime:0.000631s ]

[ 2016-04-29T14:56:37+08:00 ] 127.0.0.1 /index.php/Admin/UserInfo/xls
INFO: [ app_init ] --START--
INFO: Run Behavior\BuildLiteBehavior [ RunTime:0.000021s ]
INFO: [ app_init ] --END-- [ RunTime:0.000584s ]
INFO: [ app_begin ] --START--
INFO: Run Behavior\ReadHtmlCacheBehavior [ RunTime:0.000668s ]
INFO: [ app_begin ] --END-- [ RunTime:0.000719s ]
SQL: SHOW COLUMNS FROM `imicms_citys` [ RunTime:0.0050s ]
SQL: SHOW COLUMNS FROM `imicms_userinfo` [ RunTime:0.0046s ]
SQL: SELECT * FROM `imicms_userinfo` ORDER BY addtime desc  [ RunTime:0.0008s ]
SQL: SELECT * FROM `imicms_citys` WHERE ( id=370000 ) LIMIT 1   [ RunTime:0.0008s ]
SQL: SELECT * FROM `imicms_citys` WHERE ( id=371700 ) LIMIT 1   [ RunTime:0.0007s ]
SQL: SELECT * FROM `imicms_citys` WHERE ( id=440000 ) LIMIT 1   [ RunTime:0.0005s ]
SQL: SELECT * FROM `imicms_citys` WHERE ( id=440100 ) LIMIT 1   [ RunTime:0.0004s ]
ERR: 模板不存在:./Shang/Admin/View/UserInfo/xls.html

[ 2016-04-29T14:57:07+08:00 ] 127.0.0.1 /index.php/Admin/UserInfo/index
INFO: [ app_init ] --START--
INFO: Run Behavior\BuildLiteBehavior [ RunTime:0.000013s ]
INFO: [ app_init ] --END-- [ RunTime:0.000337s ]
INFO: [ app_begin ] --START--
INFO: Run Behavior\ReadHtmlCacheBehavior [ RunTime:0.000609s ]
INFO: [ app_begin ] --END-- [ RunTime:0.000662s ]
SQL: SHOW COLUMNS FROM `imicms_citys` [ RunTime:0.0044s ]
SQL: SHOW COLUMNS FROM `imicms_userinfo` [ RunTime:0.0049s ]
SQL: SELECT COUNT(*) AS tp_count FROM `imicms_userinfo` LIMIT 1   [ RunTime:0.0006s ]
SQL: SELECT * FROM `imicms_userinfo` ORDER BY addtime desc LIMIT 0,5   [ RunTime:0.0004s ]
SQL: SELECT * FROM `imicms_citys` WHERE ( id=370000 ) LIMIT 1   [ RunTime:0.0004s ]
SQL: SELECT * FROM `imicms_citys` WHERE ( id=371700 ) LIMIT 1   [ RunTime:0.0004s ]
SQL: SELECT * FROM `imicms_citys` WHERE ( id=440000 ) LIMIT 1   [ RunTime:0.0007s ]
SQL: SELECT * FROM `imicms_citys` WHERE ( id=440100 ) LIMIT 1   [ RunTime:0.0004s ]
INFO: [ view_parse ] --START--
INFO: [ template_filter ] --START--
INFO: Run Behavior\ContentReplaceBehavior [ RunTime:0.000072s ]
INFO: [ template_filter ] --END-- [ RunTime:0.000122s ]
INFO: Run Behavior\ParseTemplateBehavior [ RunTime:0.011987s ]
INFO: [ view_parse ] --END-- [ RunTime:0.012059s ]
INFO: [ view_filter ] --START--
INFO: Run Behavior\WriteHtmlCacheBehavior [ RunTime:0.000582s ]
INFO: [ view_filter ] --END-- [ RunTime:0.000640s ]
INFO: [ app_end ] --START--
INFO: Run Behavior\ShowPageTraceBehavior [ RunTime:0.000808s ]
INFO: [ app_end ] --END-- [ RunTime:0.000864s ]

[ 2016-04-29T14:57:08+08:00 ] 127.0.0.1 /index.php/Admin/UserInfo/xls
INFO: [ app_init ] --START--
INFO: Run Behavior\BuildLiteBehavior [ RunTime:0.000011s ]
INFO: [ app_init ] --END-- [ RunTime:0.000353s ]
INFO: [ app_begin ] --START--
INFO: Run Behavior\ReadHtmlCacheBehavior [ RunTime:0.000496s ]
INFO: [ app_begin ] --END-- [ RunTime:0.000531s ]
SQL: SHOW COLUMNS FROM `imicms_citys` [ RunTime:0.0045s ]
SQL: SHOW COLUMNS FROM `imicms_userinfo` [ RunTime:0.0058s ]
SQL: SELECT * FROM `imicms_userinfo` ORDER BY addtime desc  [ RunTime:0.0012s ]
SQL: SELECT * FROM `imicms_citys` WHERE ( id=370000 ) LIMIT 1   [ RunTime:0.0016s ]
SQL: SELECT * FROM `imicms_citys` WHERE ( id=371700 ) LIMIT 1   [ RunTime:0.0017s ]
SQL: SELECT * FROM `imicms_citys` WHERE ( id=440000 ) LIMIT 1   [ RunTime:0.0013s ]
SQL: SELECT * FROM `imicms_citys` WHERE ( id=440100 ) LIMIT 1   [ RunTime:0.0007s ]
INFO: [ view_parse ] --START--
INFO: [ template_filter ] --START--
INFO: Run Behavior\ContentReplaceBehavior [ RunTime:0.000072s ]
INFO: [ template_filter ] --END-- [ RunTime:0.000121s ]
NOTIC: [8] Undefined variable: data D:\jiameng\Shang\Runtime\Cache\Admin\adfcbb2b79a7e7f16946b71f0a5f3735.php 第 90 行.
NOTIC: [8] Undefined variable: page D:\jiameng\Shang\Runtime\Cache\Admin\adfcbb2b79a7e7f16946b71f0a5f3735.php 第 103 行.
INFO: Run Behavior\ParseTemplateBehavior [ RunTime:0.011471s ]
INFO: [ view_parse ] --END-- [ RunTime:0.011517s ]
INFO: [ view_filter ] --START--
INFO: Run Behavior\WriteHtmlCacheBehavior [ RunTime:0.000334s ]
INFO: [ view_filter ] --END-- [ RunTime:0.000367s ]
INFO: [ app_end ] --START--
INFO: Run Behavior\ShowPageTraceBehavior [ RunTime:0.000599s ]
INFO: [ app_end ] --END-- [ RunTime:0.000635s ]

[ 2016-04-29T15:01:00+08:00 ] 127.0.0.1 /index.php/Admin/UserInfo/xls
INFO: [ app_init ] --START--
INFO: Run Behavior\BuildLiteBehavior [ RunTime:0.000014s ]
INFO: [ app_init ] --END-- [ RunTime:0.000367s ]
INFO: [ app_begin ] --START--
INFO: Run Behavior\ReadHtmlCacheBehavior [ RunTime:0.000622s ]
INFO: [ app_begin ] --END-- [ RunTime:0.000667s ]
SQL: SHOW COLUMNS FROM `imicms_citys` [ RunTime:0.0052s ]
SQL: SHOW COLUMNS FROM `imicms_userinfo` [ RunTime:0.0084s ]
SQL: SELECT * FROM `imicms_userinfo` ORDER BY addtime desc  [ RunTime:0.0009s ]
SQL: SELECT * FROM `imicms_citys` WHERE ( id=370000 ) LIMIT 1   [ RunTime:0.0006s ]
SQL: SELECT * FROM `imicms_citys` WHERE ( id=371700 ) LIMIT 1   [ RunTime:0.0005s ]
SQL: SELECT * FROM `imicms_citys` WHERE ( id=440000 ) LIMIT 1   [ RunTime:0.0003s ]
SQL: SELECT * FROM `imicms_citys` WHERE ( id=440100 ) LIMIT 1   [ RunTime:0.0003s ]
INFO: [ app_end ] --START--
INFO: Run Behavior\ShowPageTraceBehavior [ RunTime:0.001093s ]
INFO: [ app_end ] --END-- [ RunTime:0.001158s ]

[ 2016-04-29T15:02:10+08:00 ] 127.0.0.1 /index.php/Admin/UserInfo/xls
INFO: [ app_init ] --START--
INFO: Run Behavior\BuildLiteBehavior [ RunTime:0.000014s ]
INFO: [ app_init ] --END-- [ RunTime:0.000373s ]
INFO: [ app_begin ] --START--
INFO: Run Behavior\ReadHtmlCacheBehavior [ RunTime:0.000605s ]
INFO: [ app_begin ] --END-- [ RunTime:0.000651s ]
SQL: SHOW COLUMNS FROM `imicms_citys` [ RunTime:0.0045s ]
SQL: SHOW COLUMNS FROM `imicms_userinfo` [ RunTime:0.0047s ]
SQL: SELECT * FROM `imicms_userinfo` ORDER BY addtime desc  [ RunTime:0.0010s ]
SQL: SELECT * FROM `imicms_citys` WHERE ( id=370000 ) LIMIT 1   [ RunTime:0.0008s ]
SQL: SELECT * FROM `imicms_citys` WHERE ( id=371700 ) LIMIT 1   [ RunTime:0.0004s ]
SQL: SELECT * FROM `imicms_citys` WHERE ( id=440000 ) LIMIT 1   [ RunTime:0.0002s ]
SQL: SELECT * FROM `imicms_citys` WHERE ( id=440100 ) LIMIT 1   [ RunTime:0.0004s ]
INFO: [ app_end ] --START--
INFO: Run Behavior\ShowPageTraceBehavior [ RunTime:0.000988s ]
INFO: [ app_end ] --END-- [ RunTime:0.001064s ]

[ 2016-04-29T15:56:04+08:00 ] 127.0.0.1 /index.php/Admin/UserInfo/xls
INFO: [ app_init ] --START--
INFO: Run Behavior\BuildLiteBehavior [ RunTime:0.000014s ]
INFO: [ app_init ] --END-- [ RunTime:0.000354s ]
INFO: [ app_begin ] --START--
INFO: Run Behavior\ReadHtmlCacheBehavior [ RunTime:0.000784s ]
INFO: [ app_begin ] --END-- [ RunTime:0.000867s ]
SQL: SHOW COLUMNS FROM `imicms_citys` [ RunTime:0.0050s ]
SQL: SHOW COLUMNS FROM `imicms_userinfo` [ RunTime:0.0053s ]
SQL: SELECT * FROM `imicms_userinfo` ORDER BY addtime desc  [ RunTime:0.0008s ]
SQL: SELECT * FROM `imicms_citys` WHERE ( id=370000 ) LIMIT 1   [ RunTime:0.0004s ]
SQL: SELECT * FROM `imicms_citys` WHERE ( id=371700 ) LIMIT 1   [ RunTime:0.0004s ]
SQL: SELECT * FROM `imicms_citys` WHERE ( id=440000 ) LIMIT 1   [ RunTime:0.0004s ]
SQL: SELECT * FROM `imicms_citys` WHERE ( id=440100 ) LIMIT 1   [ RunTime:0.0003s ]
INFO: [ app_end ] --START--
INFO: Run Behavior\ShowPageTraceBehavior [ RunTime:0.001137s ]
INFO: [ app_end ] --END-- [ RunTime:0.001202s ]

[ 2016-04-29T15:58:08+08:00 ] 127.0.0.1 /index.php/Admin/UserInfo/index
INFO: [ app_init ] --START--
INFO: Run Behavior\BuildLiteBehavior [ RunTime:0.000013s ]
INFO: [ app_init ] --END-- [ RunTime:0.000459s ]
INFO: [ app_begin ] --START--
INFO: Run Behavior\ReadHtmlCacheBehavior [ RunTime:0.000810s ]
INFO: [ app_begin ] --END-- [ RunTime:0.000883s ]
SQL: SHOW COLUMNS FROM `imicms_citys` [ RunTime:0.0049s ]
SQL: SHOW COLUMNS FROM `imicms_userinfo` [ RunTime:0.0046s ]
SQL: SELECT COUNT(*) AS tp_count FROM `imicms_userinfo` LIMIT 1   [ RunTime:0.0002s ]
SQL: SELECT * FROM `imicms_userinfo` ORDER BY addtime desc LIMIT 0,5   [ RunTime:0.0002s ]
SQL: SELECT * FROM `imicms_citys` WHERE ( id=370000 ) LIMIT 1   [ RunTime:0.0002s ]
SQL: SELECT * FROM `imicms_citys` WHERE ( id=371700 ) LIMIT 1   [ RunTime:0.0002s ]
SQL: SELECT * FROM `imicms_citys` WHERE ( id=440000 ) LIMIT 1   [ RunTime:0.0002s ]
SQL: SELECT * FROM `imicms_citys` WHERE ( id=440100 ) LIMIT 1   [ RunTime:0.0002s ]
INFO: [ view_parse ] --START--
INFO: [ template_filter ] --START--
INFO: Run Behavior\ContentReplaceBehavior [ RunTime:0.000103s ]
INFO: [ template_filter ] --END-- [ RunTime:0.000162s ]
INFO: Run Behavior\ParseTemplateBehavior [ RunTime:0.010288s ]
INFO: [ view_parse ] --END-- [ RunTime:0.010335s ]
INFO: [ view_filter ] --START--
INFO: Run Behavior\WriteHtmlCacheBehavior [ RunTime:0.000357s ]
INFO: [ view_filter ] --END-- [ RunTime:0.000387s ]
INFO: [ app_end ] --START--
INFO: Run Behavior\ShowPageTraceBehavior [ RunTime:0.000619s ]
INFO: [ app_end ] --END-- [ RunTime:0.000650s ]

[ 2016-04-29T15:58:10+08:00 ] 127.0.0.1 /index.php/Admin/UserInfo/xls
INFO: [ app_init ] --START--
INFO: Run Behavior\BuildLiteBehavior [ RunTime:0.000017s ]
INFO: [ app_init ] --END-- [ RunTime:0.000461s ]
INFO: [ app_begin ] --START--
INFO: Run Behavior\ReadHtmlCacheBehavior [ RunTime:0.000698s ]
INFO: [ app_begin ] --END-- [ RunTime:0.000751s ]
SQL: SHOW COLUMNS FROM `imicms_citys` [ RunTime:0.0048s ]
SQL: SHOW COLUMNS FROM `imicms_userinfo` [ RunTime:0.0055s ]
SQL: SELECT * FROM `imicms_userinfo` ORDER BY addtime desc  [ RunTime:0.0005s ]
SQL: SELECT * FROM `imicms_citys` WHERE ( id=370000 ) LIMIT 1   [ RunTime:0.0003s ]
SQL: SELECT * FROM `imicms_citys` WHERE ( id=371700 ) LIMIT 1   [ RunTime:0.0002s ]
SQL: SELECT * FROM `imicms_citys` WHERE ( id=440000 ) LIMIT 1   [ RunTime:0.0002s ]
SQL: SELECT * FROM `imicms_citys` WHERE ( id=440100 ) LIMIT 1   [ RunTime:0.0002s ]
INFO: [ app_end ] --START--
INFO: Run Behavior\ShowPageTraceBehavior [ RunTime:0.000861s ]
INFO: [ app_end ] --END-- [ RunTime:0.000908s ]

[ 2016-04-29T16:38:34+08:00 ] 127.0.0.1 /index.php/Admin/UserInfo/index
INFO: [ app_init ] --START--
INFO: Run Behavior\BuildLiteBehavior [ RunTime:0.000013s ]
INFO: [ app_init ] --END-- [ RunTime:0.000368s ]
INFO: [ app_begin ] --START--
INFO: Run Behavior\ReadHtmlCacheBehavior [ RunTime:0.000583s ]
INFO: [ app_begin ] --END-- [ RunTime:0.000626s ]
SQL: SHOW COLUMNS FROM `imicms_citys` [ RunTime:0.0041s ]
SQL: SHOW COLUMNS FROM `imicms_userinfo` [ RunTime:0.0047s ]
SQL: SELECT COUNT(*) AS tp_count FROM `imicms_userinfo` LIMIT 1   [ RunTime:0.0003s ]
SQL: SELECT * FROM `imicms_userinfo` ORDER BY addtime desc LIMIT 0,5   [ RunTime:0.0003s ]
SQL: SELECT * FROM `imicms_citys` WHERE ( id=370000 ) LIMIT 1   [ RunTime:0.0002s ]
SQL: SELECT * FROM `imicms_citys` WHERE ( id=371700 ) LIMIT 1   [ RunTime:0.0002s ]
SQL: SELECT * FROM `imicms_citys` WHERE ( id=440000 ) LIMIT 1   [ RunTime:0.0002s ]
SQL: SELECT * FROM `imicms_citys` WHERE ( id=440100 ) LIMIT 1   [ RunTime:0.0002s ]
INFO: [ view_parse ] --START--
INFO: [ template_filter ] --START--
INFO: Run Behavior\ContentReplaceBehavior [ RunTime:0.000068s ]
INFO: [ template_filter ] --END-- [ RunTime:0.000116s ]
INFO: Run Behavior\ParseTemplateBehavior [ RunTime:0.009782s ]
INFO: [ view_parse ] --END-- [ RunTime:0.009838s ]
INFO: [ view_filter ] --START--
INFO: Run Behavior\WriteHtmlCacheBehavior [ RunTime:0.000389s ]
INFO: [ view_filter ] --END-- [ RunTime:0.000423s ]
INFO: [ app_end ] --START--
INFO: Run Behavior\ShowPageTraceBehavior [ RunTime:0.000651s ]
INFO: [ app_end ] --END-- [ RunTime:0.000691s ]

[ 2016-04-29T16:38:36+08:00 ] 127.0.0.1 /index.php/Admin/UserInfo/index
INFO: [ app_init ] --START--
INFO: Run Behavior\BuildLiteBehavior [ RunTime:0.000014s ]
INFO: [ app_init ] --END-- [ RunTime:0.000369s ]
INFO: [ app_begin ] --START--
INFO: Run Behavior\ReadHtmlCacheBehavior [ RunTime:0.000626s ]
INFO: [ app_begin ] --END-- [ RunTime:0.000680s ]
SQL: SHOW COLUMNS FROM `imicms_citys` [ RunTime:0.0043s ]
SQL: SHOW COLUMNS FROM `imicms_userinfo` [ RunTime:0.0046s ]
SQL: SELECT COUNT(*) AS tp_count FROM `imicms_userinfo` LIMIT 1   [ RunTime:0.0008s ]
SQL: SELECT * FROM `imicms_userinfo` ORDER BY addtime desc LIMIT 0,5   [ RunTime:0.0009s ]
SQL: SELECT * FROM `imicms_citys` WHERE ( id=370000 ) LIMIT 1   [ RunTime:0.0004s ]
SQL: SELECT * FROM `imicms_citys` WHERE ( id=371700 ) LIMIT 1   [ RunTime:0.0003s ]
SQL: SELECT * FROM `imicms_citys` WHERE ( id=440000 ) LIMIT 1   [ RunTime:0.0003s ]
SQL: SELECT * FROM `imicms_citys` WHERE ( id=440100 ) LIMIT 1   [ RunTime:0.0003s ]
INFO: [ view_parse ] --START--
INFO: [ template_filter ] --START--
INFO: Run Behavior\ContentReplaceBehavior [ RunTime:0.000059s ]
INFO: [ template_filter ] --END-- [ RunTime:0.000099s ]
INFO: Run Behavior\ParseTemplateBehavior [ RunTime:0.008454s ]
INFO: [ view_parse ] --END-- [ RunTime:0.008495s ]
INFO: [ view_filter ] --START--
INFO: Run Behavior\WriteHtmlCacheBehavior [ RunTime:0.000281s ]
INFO: [ view_filter ] --END-- [ RunTime:0.000315s ]
INFO: [ app_end ] --START--
INFO: Run Behavior\ShowPageTraceBehavior [ RunTime:0.000499s ]
INFO: [ app_end ] --END-- [ RunTime:0.000529s ]

[ 2016-04-29T16:38:38+08:00 ] 127.0.0.1 /index.php/Admin/UserInfo/xls
INFO: [ app_init ] --START--
INFO: Run Behavior\BuildLiteBehavior [ RunTime:0.000014s ]
INFO: [ app_init ] --END-- [ RunTime:0.000337s ]
INFO: [ app_begin ] --START--
INFO: Run Behavior\ReadHtmlCacheBehavior [ RunTime:0.000576s ]
INFO: [ app_begin ] --END-- [ RunTime:0.000621s ]
INFO: [ app_end ] --START--
INFO: Run Behavior\ShowPageTraceBehavior [ RunTime:0.000603s ]
INFO: [ app_end ] --END-- [ RunTime:0.000659s ]

[ 2016-04-29T16:41:56+08:00 ] 127.0.0.1 /index.php/Admin/UserInfo/index
INFO: [ app_init ] --START--
INFO: Run Behavior\BuildLiteBehavior [ RunTime:0.000014s ]
INFO: [ app_init ] --END-- [ RunTime:0.000358s ]
INFO: [ app_begin ] --START--
INFO: Run Behavior\ReadHtmlCacheBehavior [ RunTime:0.000651s ]
INFO: [ app_begin ] --END-- [ RunTime:0.000709s ]

[ 2016-04-29T16:42:00+08:00 ] 127.0.0.1 /index.php/Admin/UserInfo/index
INFO: [ app_init ] --START--
INFO: Run Behavior\BuildLiteBehavior [ RunTime:0.000014s ]
INFO: [ app_init ] --END-- [ RunTime:0.000392s ]
INFO: [ app_begin ] --START--
INFO: Run Behavior\ReadHtmlCacheBehavior [ RunTime:0.000807s ]
INFO: [ app_begin ] --END-- [ RunTime:0.000852s ]

[ 2016-04-29T16:42:18+08:00 ] 127.0.0.1 /index.php/Admin/UserInfo/index
INFO: [ app_init ] --START--
INFO: Run Behavior\BuildLiteBehavior [ RunTime:0.000014s ]
INFO: [ app_init ] --END-- [ RunTime:0.000382s ]
INFO: [ app_begin ] --START--
INFO: Run Behavior\ReadHtmlCacheBehavior [ RunTime:0.000625s ]
INFO: [ app_begin ] --END-- [ RunTime:0.000680s ]
SQL: SHOW COLUMNS FROM `imicms_citys` [ RunTime:0.0046s ]
SQL: SHOW COLUMNS FROM `imicms_userinfo` [ RunTime:0.0047s ]
SQL: SELECT COUNT(*) AS tp_count FROM `imicms_userinfo` LIMIT 1   [ RunTime:0.0003s ]
SQL: SELECT * FROM `imicms_userinfo` ORDER BY addtime desc LIMIT 0,5   [ RunTime:0.0002s ]
SQL: SELECT * FROM `imicms_citys` WHERE ( id=370000 ) LIMIT 1   [ RunTime:0.0003s ]
SQL: SELECT * FROM `imicms_citys` WHERE ( id=371700 ) LIMIT 1   [ RunTime:0.0002s ]
SQL: SELECT * FROM `imicms_citys` WHERE ( id=440000 ) LIMIT 1   [ RunTime:0.0002s ]
SQL: SELECT * FROM `imicms_citys` WHERE ( id=440100 ) LIMIT 1   [ RunTime:0.0002s ]
INFO: [ view_parse ] --START--
INFO: [ template_filter ] --START--
INFO: Run Behavior\ContentReplaceBehavior [ RunTime:0.000066s ]
INFO: [ template_filter ] --END-- [ RunTime:0.000110s ]
INFO: Run Behavior\ParseTemplateBehavior [ RunTime:0.009888s ]
INFO: [ view_parse ] --END-- [ RunTime:0.009941s ]
INFO: [ view_filter ] --START--
INFO: Run Behavior\WriteHtmlCacheBehavior [ RunTime:0.000313s ]
INFO: [ view_filter ] --END-- [ RunTime:0.000344s ]
INFO: [ app_end ] --START--
INFO: Run Behavior\ShowPageTraceBehavior [ RunTime:0.000577s ]
INFO: [ app_end ] --END-- [ RunTime:0.000611s ]

[ 2016-04-29T16:42:19+08:00 ] 127.0.0.1 /index.php/Admin/UserInfo/xls
INFO: [ app_init ] --START--
INFO: Run Behavior\BuildLiteBehavior [ RunTime:0.000014s ]
INFO: [ app_init ] --END-- [ RunTime:0.000467s ]
INFO: [ app_begin ] --START--
INFO: Run Behavior\ReadHtmlCacheBehavior [ RunTime:0.000573s ]
INFO: [ app_begin ] --END-- [ RunTime:0.000618s ]
INFO: [ app_end ] --START--
INFO: Run Behavior\ShowPageTraceBehavior [ RunTime:0.000606s ]
INFO: [ app_end ] --END-- [ RunTime:0.000657s ]

[ 2016-04-29T16:42:55+08:00 ] 127.0.0.1 /index.php/Admin/UserInfo/xls
INFO: [ app_init ] --START--
INFO: Run Behavior\BuildLiteBehavior [ RunTime:0.000014s ]
INFO: [ app_init ] --END-- [ RunTime:0.000371s ]
INFO: [ app_begin ] --START--
INFO: Run Behavior\ReadHtmlCacheBehavior [ RunTime:0.000661s ]
INFO: [ app_begin ] --END-- [ RunTime:0.000712s ]
INFO: [ app_end ] --START--
INFO: Run Behavior\ShowPageTraceBehavior [ RunTime:0.000752s ]
INFO: [ app_end ] --END-- [ RunTime:0.000810s ]

[ 2016-04-29T16:44:08+08:00 ] 127.0.0.1 /index.php/Admin/UserInfo/index
INFO: [ app_init ] --START--
INFO: Run Behavior\BuildLiteBehavior [ RunTime:0.000012s ]
INFO: [ app_init ] --END-- [ RunTime:0.000337s ]
INFO: [ app_begin ] --START--
INFO: Run Behavior\ReadHtmlCacheBehavior [ RunTime:0.000666s ]
INFO: [ app_begin ] --END-- [ RunTime:0.000729s ]
SQL: SHOW COLUMNS FROM `imicms_citys` [ RunTime:0.0050s ]
SQL: SHOW COLUMNS FROM `imicms_userinfo` [ RunTime:0.0080s ]
SQL: SELECT COUNT(*) AS tp_count FROM `imicms_userinfo` LIMIT 1   [ RunTime:0.0004s ]
SQL: SELECT * FROM `imicms_userinfo` ORDER BY addtime desc LIMIT 0,5   [ RunTime:0.0003s ]
SQL: SELECT * FROM `imicms_citys` WHERE ( id=370000 ) LIMIT 1   [ RunTime:0.0003s ]
SQL: SELECT * FROM `imicms_citys` WHERE ( id=371700 ) LIMIT 1   [ RunTime:0.0002s ]
SQL: SELECT * FROM `imicms_citys` WHERE ( id=440000 ) LIMIT 1   [ RunTime:0.0002s ]
SQL: SELECT * FROM `imicms_citys` WHERE ( id=440100 ) LIMIT 1   [ RunTime:0.0002s ]
INFO: [ view_parse ] --START--
INFO: [ template_filter ] --START--
INFO: Run Behavior\ContentReplaceBehavior [ RunTime:0.000059s ]
INFO: [ template_filter ] --END-- [ RunTime:0.000107s ]
INFO: Run Behavior\ParseTemplateBehavior [ RunTime:0.008835s ]
INFO: [ view_parse ] --END-- [ RunTime:0.008881s ]
INFO: [ view_filter ] --START--
INFO: Run Behavior\WriteHtmlCacheBehavior [ RunTime:0.000285s ]
INFO: [ view_filter ] --END-- [ RunTime:0.000314s ]
INFO: [ app_end ] --START--
INFO: Run Behavior\ShowPageTraceBehavior [ RunTime:0.000588s ]
INFO: [ app_end ] --END-- [ RunTime:0.000621s ]

[ 2016-04-29T16:44:10+08:00 ] 127.0.0.1 /index.php/Admin/UserInfo/xls
INFO: [ app_init ] --START--
INFO: Run Behavior\BuildLiteBehavior [ RunTime:0.000019s ]
INFO: [ app_init ] --END-- [ RunTime:0.000502s ]
INFO: [ app_begin ] --START--
INFO: Run Behavior\ReadHtmlCacheBehavior [ RunTime:0.000914s ]
INFO: [ app_begin ] --END-- [ RunTime:0.000985s ]
INFO: [ view_parse ] --START--
INFO: [ template_filter ] --START--
INFO: Run Behavior\ContentReplaceBehavior [ RunTime:0.000067s ]
INFO: [ template_filter ] --END-- [ RunTime:0.000114s ]
NOTIC: [8] Undefined variable: data D:\jiameng\Shang\Runtime\Cache\Admin\adfcbb2b79a7e7f16946b71f0a5f3735.php 第 90 行.
NOTIC: [8] Undefined variable: page D:\jiameng\Shang\Runtime\Cache\Admin\adfcbb2b79a7e7f16946b71f0a5f3735.php 第 103 行.
INFO: Run Behavior\ParseTemplateBehavior [ RunTime:0.012660s ]
INFO: [ view_parse ] --END-- [ RunTime:0.012721s ]
INFO: [ view_filter ] --START--
INFO: Run Behavior\WriteHtmlCacheBehavior [ RunTime:0.000329s ]
INFO: [ view_filter ] --END-- [ RunTime:0.000364s ]
INFO: [ app_end ] --START--
INFO: Run Behavior\ShowPageTraceBehavior [ RunTime:0.000561s ]
INFO: [ app_end ] --END-- [ RunTime:0.000596s ]

[ 2016-04-29T16:47:29+08:00 ] 127.0.0.1 /index.php/Admin/UserInfo/index
INFO: [ app_init ] --START--
INFO: Run Behavior\BuildLiteBehavior [ RunTime:0.000030s ]
INFO: [ app_init ] --END-- [ RunTime:0.000699s ]
INFO: [ app_begin ] --START--
INFO: Run Behavior\ReadHtmlCacheBehavior [ RunTime:0.000535s ]
INFO: [ app_begin ] --END-- [ RunTime:0.000574s ]

[ 2016-04-29T16:48:48+08:00 ] 127.0.0.1 /index.php/Admin/UserInfo/index
INFO: [ app_init ] --START--
INFO: Run Behavior\BuildLiteBehavior [ RunTime:0.000014s ]
INFO: [ app_init ] --END-- [ RunTime:0.000395s ]
INFO: [ app_begin ] --START--
INFO: Run Behavior\ReadHtmlCacheBehavior [ RunTime:0.000752s ]
INFO: [ app_begin ] --END-- [ RunTime:0.000810s ]
SQL: SHOW COLUMNS FROM `imicms_citys` [ RunTime:0.0081s ]
SQL: SHOW COLUMNS FROM `imicms_userinfo` [ RunTime:0.0051s ]
SQL: SELECT COUNT(*) AS tp_count FROM `imicms_userinfo` LIMIT 1   [ RunTime:0.0010s ]
SQL: SELECT * FROM `imicms_userinfo` ORDER BY addtime desc LIMIT 0,5   [ RunTime:0.0009s ]
SQL: SELECT * FROM `imicms_citys` WHERE ( id=370000 ) LIMIT 1   [ RunTime:0.0007s ]
SQL: SELECT * FROM `imicms_citys` WHERE ( id=371700 ) LIMIT 1   [ RunTime:0.0009s ]
SQL: SELECT * FROM `imicms_citys` WHERE ( id=440000 ) LIMIT 1   [ RunTime:0.0017s ]
SQL: SELECT * FROM `imicms_citys` WHERE ( id=440100 ) LIMIT 1   [ RunTime:0.0009s ]
INFO: [ view_parse ] --START--
INFO: [ template_filter ] --START--
INFO: Run Behavior\ContentReplaceBehavior [ RunTime:0.000065s ]
INFO: [ template_filter ] --END-- [ RunTime:0.000111s ]
INFO: Run Behavior\ParseTemplateBehavior [ RunTime:0.009961s ]
INFO: [ view_parse ] --END-- [ RunTime:0.010013s ]
INFO: [ view_filter ] --START--
INFO: Run Behavior\WriteHtmlCacheBehavior [ RunTime:0.000280s ]
INFO: [ view_filter ] --END-- [ RunTime:0.000309s ]
INFO: [ app_end ] --START--
INFO: Run Behavior\ShowPageTraceBehavior [ RunTime:0.000516s ]
INFO: [ app_end ] --END-- [ RunTime:0.000557s ]

[ 2016-04-29T16:48:50+08:00 ] 127.0.0.1 /index.php/Admin/UserInfo/xls
INFO: [ app_init ] --START--
INFO: Run Behavior\BuildLiteBehavior [ RunTime:0.000014s ]
INFO: [ app_init ] --END-- [ RunTime:0.000354s ]
INFO: [ app_begin ] --START--
INFO: Run Behavior\ReadHtmlCacheBehavior [ RunTime:0.000672s ]
INFO: [ app_begin ] --END-- [ RunTime:0.000731s ]
INFO: [ app_end ] --START--
INFO: Run Behavior\ShowPageTraceBehavior [ RunTime:0.000526s ]
INFO: [ app_end ] --END-- [ RunTime:0.000586s ]

[ 2016-04-29T17:01:20+08:00 ] 127.0.0.1 /index.php/Admin/UserInfo/index
INFO: [ app_init ] --START--
INFO: Run Behavior\BuildLiteBehavior [ RunTime:0.000013s ]
INFO: [ app_init ] --END-- [ RunTime:0.000351s ]
INFO: [ app_begin ] --START--
INFO: Run Behavior\ReadHtmlCacheBehavior [ RunTime:0.000704s ]
INFO: [ app_begin ] --END-- [ RunTime:0.000764s ]
SQL: SHOW COLUMNS FROM `imicms_citys` [ RunTime:0.0049s ]
SQL: SHOW COLUMNS FROM `imicms_userinfo` [ RunTime:0.0042s ]
SQL: SELECT COUNT(*) AS tp_count FROM `imicms_userinfo` LIMIT 1   [ RunTime:0.0002s ]
SQL: SELECT * FROM `imicms_userinfo` ORDER BY addtime desc LIMIT 0,5   [ RunTime:0.0002s ]
SQL: SELECT * FROM `imicms_citys` WHERE ( id=370000 ) LIMIT 1   [ RunTime:0.0002s ]
SQL: SELECT * FROM `imicms_citys` WHERE ( id=371700 ) LIMIT 1   [ RunTime:0.0002s ]
SQL: SELECT * FROM `imicms_citys` WHERE ( id=440000 ) LIMIT 1   [ RunTime:0.0002s ]
SQL: SELECT * FROM `imicms_citys` WHERE ( id=440100 ) LIMIT 1   [ RunTime:0.0002s ]
INFO: [ view_parse ] --START--
INFO: [ template_filter ] --START--
INFO: Run Behavior\ContentReplaceBehavior [ RunTime:0.000072s ]
INFO: [ template_filter ] --END-- [ RunTime:0.000122s ]
INFO: Run Behavior\ParseTemplateBehavior [ RunTime:0.011335s ]
INFO: [ view_parse ] --END-- [ RunTime:0.011396s ]
INFO: [ view_filter ] --START--
INFO: Run Behavior\WriteHtmlCacheBehavior [ RunTime:0.000353s ]
INFO: [ view_filter ] --END-- [ RunTime:0.000386s ]
INFO: [ app_end ] --START--
INFO: Run Behavior\ShowPageTraceBehavior [ RunTime:0.000617s ]
INFO: [ app_end ] --END-- [ RunTime:0.000660s ]

[ 2016-04-29T17:01:22+08:00 ] 127.0.0.1 /index.php/Admin/UserInfo/index
INFO: [ app_init ] --START--
INFO: Run Behavior\BuildLiteBehavior [ RunTime:0.000013s ]
INFO: [ app_init ] --END-- [ RunTime:0.000343s ]
INFO: [ app_begin ] --START--
INFO: Run Behavior\ReadHtmlCacheBehavior [ RunTime:0.000602s ]
INFO: [ app_begin ] --END-- [ RunTime:0.000650s ]
SQL: SHOW COLUMNS FROM `imicms_citys` [ RunTime:0.0053s ]
SQL: SHOW COLUMNS FROM `imicms_userinfo` [ RunTime:0.0042s ]
SQL: SELECT COUNT(*) AS tp_count FROM `imicms_userinfo` LIMIT 1   [ RunTime:0.0002s ]
SQL: SELECT * FROM `imicms_userinfo` ORDER BY addtime desc LIMIT 0,5   [ RunTime:0.0002s ]
SQL: SELECT * FROM `imicms_citys` WHERE ( id=370000 ) LIMIT 1   [ RunTime:0.0002s ]
SQL: SELECT * FROM `imicms_citys` WHERE ( id=371700 ) LIMIT 1   [ RunTime:0.0002s ]
SQL: SELECT * FROM `imicms_citys` WHERE ( id=440000 ) LIMIT 1   [ RunTime:0.0002s ]
SQL: SELECT * FROM `imicms_citys` WHERE ( id=440100 ) LIMIT 1   [ RunTime:0.0002s ]
INFO: [ view_parse ] --START--
INFO: [ template_filter ] --START--
INFO: Run Behavior\ContentReplaceBehavior [ RunTime:0.000062s ]
INFO: [ template_filter ] --END-- [ RunTime:0.000103s ]
INFO: Run Behavior\ParseTemplateBehavior [ RunTime:0.011519s ]
INFO: [ view_parse ] --END-- [ RunTime:0.011568s ]
INFO: [ view_filter ] --START--
INFO: Run Behavior\WriteHtmlCacheBehavior [ RunTime:0.000294s ]
INFO: [ view_filter ] --END-- [ RunTime:0.000323s ]
INFO: [ app_end ] --START--
INFO: Run Behavior\ShowPageTraceBehavior [ RunTime:0.000613s ]
INFO: [ app_end ] --END-- [ RunTime:0.000648s ]

[ 2016-04-29T17:01:23+08:00 ] 127.0.0.1 /index.php/Admin/UserInfo/index
INFO: [ app_init ] --START--
INFO: Run Behavior\BuildLiteBehavior [ RunTime:0.000014s ]
INFO: [ app_init ] --END-- [ RunTime:0.000365s ]
INFO: [ app_begin ] --START--
INFO: Run Behavior\ReadHtmlCacheBehavior [ RunTime:0.000744s ]
INFO: [ app_begin ] --END-- [ RunTime:0.000848s ]
SQL: SHOW COLUMNS FROM `imicms_citys` [ RunTime:0.0050s ]
SQL: SHOW COLUMNS FROM `imicms_userinfo` [ RunTime:0.0041s ]
SQL: SELECT COUNT(*) AS tp_count FROM `imicms_userinfo` LIMIT 1   [ RunTime:0.0007s ]
SQL: SELECT * FROM `imicms_userinfo` ORDER BY addtime desc LIMIT 0,5   [ RunTime:0.0006s ]
SQL: SELECT * FROM `imicms_citys` WHERE ( id=370000 ) LIMIT 1   [ RunTime:0.0004s ]
SQL: SELECT * FROM `imicms_citys` WHERE ( id=371700 ) LIMIT 1   [ RunTime:0.0004s ]
SQL: SELECT * FROM `imicms_citys` WHERE ( id=440000 ) LIMIT 1   [ RunTime:0.0004s ]
SQL: SELECT * FROM `imicms_citys` WHERE ( id=440100 ) LIMIT 1   [ RunTime:0.0003s ]
INFO: [ view_parse ] --START--
INFO: [ template_filter ] --START--
INFO: Run Behavior\ContentReplaceBehavior [ RunTime:0.000140s ]
INFO: [ template_filter ] --END-- [ RunTime:0.000228s ]
INFO: Run Behavior\ParseTemplateBehavior [ RunTime:0.011354s ]
INFO: [ view_parse ] --END-- [ RunTime:0.011434s ]
INFO: [ view_filter ] --START--
INFO: Run Behavior\WriteHtmlCacheBehavior [ RunTime:0.000409s ]
INFO: [ view_filter ] --END-- [ RunTime:0.000443s ]
INFO: [ app_end ] --START--
INFO: Run Behavior\ShowPageTraceBehavior [ RunTime:0.000684s ]
INFO: [ app_end ] --END-- [ RunTime:0.000730s ]

[ 2016-04-29T17:01:25+08:00 ] 127.0.0.1 /index.php/Admin/UserInfo/xls
INFO: [ app_init ] --START--
INFO: Run Behavior\BuildLiteBehavior [ RunTime:0.000014s ]
INFO: [ app_init ] --END-- [ RunTime:0.000417s ]
INFO: [ app_begin ] --START--
INFO: Run Behavior\ReadHtmlCacheBehavior [ RunTime:0.000592s ]
INFO: [ app_begin ] --END-- [ RunTime:0.000646s ]
SQL: SHOW COLUMNS FROM `imicms_citys` [ RunTime:0.0055s ]
SQL: SHOW COLUMNS FROM `imicms_userinfo` [ RunTime:0.0051s ]
SQL: SELECT * FROM `imicms_userinfo` ORDER BY addtime desc  [ RunTime:0.0002s ]
SQL: SELECT * FROM `imicms_citys` WHERE ( id=370000 ) LIMIT 1   [ RunTime:0.0003s ]
SQL: SELECT * FROM `imicms_citys` WHERE ( id=371700 ) LIMIT 1   [ RunTime:0.0002s ]
SQL: SELECT * FROM `imicms_citys` WHERE ( id=440000 ) LIMIT 1   [ RunTime:0.0002s ]
SQL: SELECT * FROM `imicms_citys` WHERE ( id=440100 ) LIMIT 1   [ RunTime:0.0002s ]
INFO: [ app_end ] --START--
INFO: Run Behavior\ShowPageTraceBehavior [ RunTime:0.000861s ]
INFO: [ app_end ] --END-- [ RunTime:0.000913s ]

[ 2016-04-29T17:03:31+08:00 ] 127.0.0.1 /index.php/Admin/UserInfo/index
INFO: [ app_init ] --START--
INFO: Run Behavior\BuildLiteBehavior [ RunTime:0.000014s ]
INFO: [ app_init ] --END-- [ RunTime:0.000405s ]
INFO: [ app_begin ] --START--
INFO: Run Behavior\ReadHtmlCacheBehavior [ RunTime:0.000929s ]
INFO: [ app_begin ] --END-- [ RunTime:0.000997s ]
SQL: SHOW COLUMNS FROM `imicms_citys` [ RunTime:0.0044s ]
SQL: SHOW COLUMNS FROM `imicms_userinfo` [ RunTime:0.0043s ]
SQL: SELECT COUNT(*) AS tp_count FROM `imicms_userinfo` LIMIT 1   [ RunTime:0.0002s ]
SQL: SELECT * FROM `imicms_userinfo` ORDER BY addtime desc LIMIT 0,5   [ RunTime:0.0002s ]
SQL: SELECT * FROM `imicms_citys` WHERE ( id=370000 ) LIMIT 1   [ RunTime:0.0005s ]
SQL: SELECT * FROM `imicms_citys` WHERE ( id=371700 ) LIMIT 1   [ RunTime:0.0002s ]
SQL: SELECT * FROM `imicms_citys` WHERE ( id=440000 ) LIMIT 1   [ RunTime:0.0003s ]
SQL: SELECT * FROM `imicms_citys` WHERE ( id=440100 ) LIMIT 1   [ RunTime:0.0002s ]
INFO: [ view_parse ] --START--
INFO: [ template_filter ] --START--
INFO: Run Behavior\ContentReplaceBehavior [ RunTime:0.000061s ]
INFO: [ template_filter ] --END-- [ RunTime:0.000103s ]
INFO: Run Behavior\ParseTemplateBehavior [ RunTime:0.009863s ]
INFO: [ view_parse ] --END-- [ RunTime:0.009911s ]
INFO: [ view_filter ] --START--
INFO: Run Behavior\WriteHtmlCacheBehavior [ RunTime:0.000313s ]
INFO: [ view_filter ] --END-- [ RunTime:0.000343s ]
INFO: [ app_end ] --START--
INFO: Run Behavior\ShowPageTraceBehavior [ RunTime:0.000507s ]
INFO: [ app_end ] --END-- [ RunTime:0.000538s ]

[ 2016-04-29T17:03:33+08:00 ] 127.0.0.1 /index.php/Admin/UserInfo/xls
INFO: [ app_init ] --START--
INFO: Run Behavior\BuildLiteBehavior [ RunTime:0.000014s ]
INFO: [ app_init ] --END-- [ RunTime:0.000440s ]
INFO: [ app_begin ] --START--
INFO: Run Behavior\ReadHtmlCacheBehavior [ RunTime:0.000578s ]
INFO: [ app_begin ] --END-- [ RunTime:0.000623s ]
SQL: SHOW COLUMNS FROM `imicms_citys` [ RunTime:0.0056s ]
SQL: SHOW COLUMNS FROM `imicms_userinfo` [ RunTime:0.0046s ]
SQL: SELECT * FROM `imicms_userinfo` ORDER BY addtime desc  [ RunTime:0.0004s ]
SQL: SELECT * FROM `imicms_citys` WHERE ( id=370000 ) LIMIT 1   [ RunTime:0.0003s ]
SQL: SELECT * FROM `imicms_citys` WHERE ( id=371700 ) LIMIT 1   [ RunTime:0.0002s ]
SQL: SELECT * FROM `imicms_citys` WHERE ( id=440000 ) LIMIT 1   [ RunTime:0.0002s ]
SQL: SELECT * FROM `imicms_citys` WHERE ( id=440100 ) LIMIT 1   [ RunTime:0.0004s ]
INFO: [ app_end ] --START--
INFO: Run Behavior\ShowPageTraceBehavior [ RunTime:0.000625s ]
INFO: [ app_end ] --END-- [ RunTime:0.000660s ]

[ 2016-04-29T17:04:26+08:00 ] 127.0.0.1 /index.php/Admin/UserInfo/index
INFO: [ app_init ] --START--
INFO: Run Behavior\BuildLiteBehavior [ RunTime:0.000014s ]
INFO: [ app_init ] --END-- [ RunTime:0.000343s ]
INFO: [ app_begin ] --START--
INFO: Run Behavior\ReadHtmlCacheBehavior [ RunTime:0.000711s ]
INFO: [ app_begin ] --END-- [ RunTime:0.000757s ]
SQL: SHOW COLUMNS FROM `imicms_citys` [ RunTime:0.0042s ]
SQL: SHOW COLUMNS FROM `imicms_userinfo` [ RunTime:0.0051s ]
SQL: SELECT COUNT(*) AS tp_count FROM `imicms_userinfo` LIMIT 1   [ RunTime:0.0009s ]
SQL: SELECT * FROM `imicms_userinfo` ORDER BY addtime desc LIMIT 0,5   [ RunTime:0.0022s ]
SQL: SELECT * FROM `imicms_citys` WHERE ( id=370000 ) LIMIT 1   [ RunTime:0.0006s ]
SQL: SELECT * FROM `imicms_citys` WHERE ( id=371700 ) LIMIT 1   [ RunTime:0.0004s ]
SQL: SELECT * FROM `imicms_citys` WHERE ( id=440000 ) LIMIT 1   [ RunTime:0.0003s ]
SQL: SELECT * FROM `imicms_citys` WHERE ( id=440100 ) LIMIT 1   [ RunTime:0.0003s ]
INFO: [ view_parse ] --START--
INFO: [ template_filter ] --START--
INFO: Run Behavior\ContentReplaceBehavior [ RunTime:0.000101s ]
INFO: [ template_filter ] --END-- [ RunTime:0.000169s ]
INFO: Run Behavior\ParseTemplateBehavior [ RunTime:0.013140s ]
INFO: [ view_parse ] --END-- [ RunTime:0.013232s ]
INFO: [ view_filter ] --START--
INFO: Run Behavior\WriteHtmlCacheBehavior [ RunTime:0.000604s ]
INFO: [ view_filter ] --END-- [ RunTime:0.000651s ]
INFO: [ app_end ] --START--
INFO: Run Behavior\ShowPageTraceBehavior [ RunTime:0.000624s ]
INFO: [ app_end ] --END-- [ RunTime:0.000701s ]

[ 2016-04-29T17:04:28+08:00 ] 127.0.0.1 /index.php/Admin/UserInfo/xls
INFO: [ app_init ] --START--
INFO: Run Behavior\BuildLiteBehavior [ RunTime:0.000013s ]
INFO: [ app_init ] --END-- [ RunTime:0.000357s ]
INFO: [ app_begin ] --START--
INFO: Run Behavior\ReadHtmlCacheBehavior [ RunTime:0.000621s ]
INFO: [ app_begin ] --END-- [ RunTime:0.000664s ]
SQL: SHOW COLUMNS FROM `imicms_citys` [ RunTime:0.0039s ]
SQL: SHOW COLUMNS FROM `imicms_userinfo` [ RunTime:0.0042s ]
SQL: SELECT * FROM `imicms_userinfo` ORDER BY addtime desc  [ RunTime:0.0002s ]
SQL: SELECT * FROM `imicms_citys` WHERE ( id=370000 ) LIMIT 1   [ RunTime:0.0002s ]
SQL: SELECT * FROM `imicms_citys` WHERE ( id=371700 ) LIMIT 1   [ RunTime:0.0002s ]
SQL: SELECT * FROM `imicms_citys` WHERE ( id=440000 ) LIMIT 1   [ RunTime:0.0001s ]
SQL: SELECT * FROM `imicms_citys` WHERE ( id=440100 ) LIMIT 1   [ RunTime:0.0004s ]
INFO: [ app_end ] --START--
INFO: Run Behavior\ShowPageTraceBehavior [ RunTime:0.001154s ]
INFO: [ app_end ] --END-- [ RunTime:0.001232s ]

[ 2016-04-29T17:04:48+08:00 ] 127.0.0.1 /index.php/Admin/UserInfo/index
INFO: [ app_init ] --START--
INFO: Run Behavior\BuildLiteBehavior [ RunTime:0.000012s ]
INFO: [ app_init ] --END-- [ RunTime:0.000306s ]
INFO: [ app_begin ] --START--
INFO: Run Behavior\ReadHtmlCacheBehavior [ RunTime:0.000751s ]
INFO: [ app_begin ] --END-- [ RunTime:0.000797s ]
SQL: SHOW COLUMNS FROM `imicms_citys` [ RunTime:0.0047s ]
SQL: SHOW COLUMNS FROM `imicms_userinfo` [ RunTime:0.0053s ]
SQL: SELECT COUNT(*) AS tp_count FROM `imicms_userinfo` LIMIT 1   [ RunTime:0.0004s ]
SQL: SELECT * FROM `imicms_userinfo` ORDER BY addtime desc LIMIT 0,5   [ RunTime:0.0003s ]
SQL: SELECT * FROM `imicms_citys` WHERE ( id=370000 ) LIMIT 1   [ RunTime:0.0003s ]
SQL: SELECT * FROM `imicms_citys` WHERE ( id=371700 ) LIMIT 1   [ RunTime:0.0003s ]
SQL: SELECT * FROM `imicms_citys` WHERE ( id=440000 ) LIMIT 1   [ RunTime:0.0003s ]
SQL: SELECT * FROM `imicms_citys` WHERE ( id=440100 ) LIMIT 1   [ RunTime:0.0004s ]
INFO: [ view_parse ] --START--
INFO: [ template_filter ] --START--
INFO: Run Behavior\ContentReplaceBehavior [ RunTime:0.000072s ]
INFO: [ template_filter ] --END-- [ RunTime:0.000120s ]
INFO: Run Behavior\ParseTemplateBehavior [ RunTime:0.009576s ]
INFO: [ view_parse ] --END-- [ RunTime:0.009626s ]
INFO: [ view_filter ] --START--
INFO: Run Behavior\WriteHtmlCacheBehavior [ RunTime:0.000419s ]
INFO: [ view_filter ] --END-- [ RunTime:0.000456s ]
INFO: [ app_end ] --START--
INFO: Run Behavior\ShowPageTraceBehavior [ RunTime:0.000614s ]
INFO: [ app_end ] --END-- [ RunTime:0.000653s ]

[ 2016-04-29T17:04:49+08:00 ] 127.0.0.1 /index.php/Admin/UserInfo/xls
INFO: [ app_init ] --START--
INFO: Run Behavior\BuildLiteBehavior [ RunTime:0.000013s ]
INFO: [ app_init ] --END-- [ RunTime:0.000337s ]
INFO: [ app_begin ] --START--
INFO: Run Behavior\ReadHtmlCacheBehavior [ RunTime:0.000600s ]
INFO: [ app_begin ] --END-- [ RunTime:0.000666s ]
SQL: SHOW COLUMNS FROM `imicms_citys` [ RunTime:0.0116s ]
SQL: SHOW COLUMNS FROM `imicms_userinfo` [ RunTime:0.0038s ]
SQL: SELECT * FROM `imicms_userinfo` ORDER BY addtime desc  [ RunTime:0.0002s ]
SQL: SELECT * FROM `imicms_citys` WHERE ( id=370000 ) LIMIT 1   [ RunTime:0.0001s ]
SQL: SELECT * FROM `imicms_citys` WHERE ( id=371700 ) LIMIT 1   [ RunTime:0.0002s ]
SQL: SELECT * FROM `imicms_citys` WHERE ( id=440000 ) LIMIT 1   [ RunTime:0.0002s ]
SQL: SELECT * FROM `imicms_citys` WHERE ( id=440100 ) LIMIT 1   [ RunTime:0.0003s ]
INFO: [ app_end ] --START--
INFO: Run Behavior\ShowPageTraceBehavior [ RunTime:0.000970s ]
INFO: [ app_end ] --END-- [ RunTime:0.001023s ]

[ 2016-04-29T17:19:30+08:00 ] 127.0.0.1 /index.php/Admin/UserInfo/index
INFO: [ app_init ] --START--
INFO: Run Behavior\BuildLiteBehavior [ RunTime:0.000035s ]
INFO: [ app_init ] --END-- [ RunTime:0.000455s ]
INFO: [ app_begin ] --START--
INFO: Run Behavior\ReadHtmlCacheBehavior [ RunTime:0.000617s ]
INFO: [ app_begin ] --END-- [ RunTime:0.000670s ]
SQL: SHOW COLUMNS FROM `imicms_citys` [ RunTime:0.0050s ]
SQL: SHOW COLUMNS FROM `imicms_userinfo` [ RunTime:0.0049s ]
SQL: SELECT COUNT(*) AS tp_count FROM `imicms_userinfo` LIMIT 1   [ RunTime:0.0004s ]
SQL: SELECT * FROM `imicms_userinfo` ORDER BY addtime desc LIMIT 0,5   [ RunTime:0.0006s ]
SQL: SELECT * FROM `imicms_citys` WHERE ( id=370000 ) LIMIT 1   [ RunTime:0.0003s ]
SQL: SELECT * FROM `imicms_citys` WHERE ( id=371700 ) LIMIT 1   [ RunTime:0.0003s ]
SQL: SELECT * FROM `imicms_citys` WHERE ( id=440000 ) LIMIT 1   [ RunTime:0.0003s ]
SQL: SELECT * FROM `imicms_citys` WHERE ( id=440100 ) LIMIT 1   [ RunTime:0.0003s ]
INFO: [ view_parse ] --START--
INFO: [ template_filter ] --START--
INFO: Run Behavior\ContentReplaceBehavior [ RunTime:0.000079s ]
INFO: [ template_filter ] --END-- [ RunTime:0.000135s ]
INFO: Run Behavior\ParseTemplateBehavior [ RunTime:0.014123s ]
INFO: [ view_parse ] --END-- [ RunTime:0.014190s ]
INFO: [ view_filter ] --START--
INFO: Run Behavior\WriteHtmlCacheBehavior [ RunTime:0.000457s ]
INFO: [ view_filter ] --END-- [ RunTime:0.000518s ]
INFO: [ app_end ] --START--
INFO: Run Behavior\ShowPageTraceBehavior [ RunTime:0.000944s ]
INFO: [ app_end ] --END-- [ RunTime:0.001009s ]

[ 2016-04-29T17:19:31+08:00 ] 127.0.0.1 /index.php/Admin/UserInfo/xls
INFO: [ app_init ] --START--
INFO: Run Behavior\BuildLiteBehavior [ RunTime:0.000015s ]
INFO: [ app_init ] --END-- [ RunTime:0.000512s ]
INFO: [ app_begin ] --START--
INFO: Run Behavior\ReadHtmlCacheBehavior [ RunTime:0.000738s ]
INFO: [ app_begin ] --END-- [ RunTime:0.000812s ]
SQL: SHOW COLUMNS FROM `imicms_citys` [ RunTime:0.0053s ]
SQL: SHOW COLUMNS FROM `imicms_userinfo` [ RunTime:0.0047s ]
SQL: SELECT * FROM `imicms_userinfo` ORDER BY addtime desc  [ RunTime:0.0007s ]
SQL: SELECT * FROM `imicms_citys` WHERE ( id=370000 ) LIMIT 1   [ RunTime:0.0004s ]
SQL: SELECT * FROM `imicms_citys` WHERE ( id=371700 ) LIMIT 1   [ RunTime:0.0004s ]
SQL: SELECT * FROM `imicms_citys` WHERE ( id=440000 ) LIMIT 1   [ RunTime:0.0005s ]
SQL: SELECT * FROM `imicms_citys` WHERE ( id=440100 ) LIMIT 1   [ RunTime:0.0005s ]
INFO: [ app_end ] --START--
INFO: Run Behavior\ShowPageTraceBehavior [ RunTime:0.000716s ]
INFO: [ app_end ] --END-- [ RunTime:0.000766s ]

[ 2016-04-29T17:54:30+08:00 ] 127.0.0.1 /index.php/Admin/UserInfo/xls
INFO: [ app_init ] --START--
INFO: Run Behavior\BuildLiteBehavior [ RunTime:0.000013s ]
INFO: [ app_init ] --END-- [ RunTime:0.000330s ]
INFO: [ app_begin ] --START--
INFO: Run Behavior\ReadHtmlCacheBehavior [ RunTime:0.000578s ]
INFO: [ app_begin ] --END-- [ RunTime:0.000676s ]
SQL: SHOW COLUMNS FROM `imicms_citys` [ RunTime:0.0049s ]
SQL: SHOW COLUMNS FROM `imicms_userinfo` [ RunTime:0.0053s ]
SQL: SELECT * FROM `imicms_userinfo` ORDER BY addtime desc  [ RunTime:0.0006s ]
SQL: SELECT * FROM `imicms_citys` WHERE ( id=370000 ) LIMIT 1   [ RunTime:0.0005s ]
SQL: SELECT * FROM `imicms_citys` WHERE ( id=371700 ) LIMIT 1   [ RunTime:0.0004s ]
SQL: SELECT * FROM `imicms_citys` WHERE ( id=440000 ) LIMIT 1   [ RunTime:0.0003s ]
SQL: SELECT * FROM `imicms_citys` WHERE ( id=440100 ) LIMIT 1   [ RunTime:0.0004s ]
INFO: [ app_end ] --START--
INFO: Run Behavior\ShowPageTraceBehavior [ RunTime:0.000693s ]
INFO: [ app_end ] --END-- [ RunTime:0.000736s ]

[ 2016-04-29T17:55:12+08:00 ] 127.0.0.1 /index.php/Admin/UserInfo/xls
INFO: [ app_init ] --START--
INFO: Run Behavior\BuildLiteBehavior [ RunTime:0.000023s ]
INFO: [ app_init ] --END-- [ RunTime:0.000396s ]
INFO: [ app_begin ] --START--
INFO: Run Behavior\ReadHtmlCacheBehavior [ RunTime:0.000630s ]
INFO: [ app_begin ] --END-- [ RunTime:0.000685s ]
SQL: SHOW COLUMNS FROM `imicms_citys` [ RunTime:0.0040s ]
SQL: SHOW COLUMNS FROM `imicms_userinfo` [ RunTime:0.0064s ]
SQL: SELECT * FROM `imicms_userinfo` ORDER BY addtime desc  [ RunTime:0.0004s ]
SQL: SELECT * FROM `imicms_citys` WHERE ( id=370000 ) LIMIT 1   [ RunTime:0.0003s ]
SQL: SELECT * FROM `imicms_citys` WHERE ( id=371700 ) LIMIT 1   [ RunTime:0.0003s ]
SQL: SELECT * FROM `imicms_citys` WHERE ( id=440000 ) LIMIT 1   [ RunTime:0.0005s ]
SQL: SELECT * FROM `imicms_citys` WHERE ( id=440100 ) LIMIT 1   [ RunTime:0.0005s ]
INFO: [ app_end ] --START--
INFO: Run Behavior\ShowPageTraceBehavior [ RunTime:0.000683s ]
INFO: [ app_end ] --END-- [ RunTime:0.000724s ]

