[ 2016-05-09T10:55:02+08:00 ] 127.0.0.1 /index.php/admin
INFO: [ app_init ] --START--
INFO: Run Behavior\BuildLiteBehavior [ RunTime:0.000027s ]
INFO: [ app_init ] --END-- [ RunTime:0.001530s ]
INFO: [ app_begin ] --START--
INFO: Run Behavior\ReadHtmlCacheBehavior [ RunTime:0.008233s ]
INFO: [ app_begin ] --END-- [ RunTime:0.008375s ]

[ 2016-05-09T10:55:02+08:00 ] 127.0.0.1 /index.php/Admin/Login/login
INFO: [ app_init ] --START--
INFO: Run Behavior\BuildLiteBehavior [ RunTime:0.000012s ]
INFO: [ app_init ] --END-- [ RunTime:0.000414s ]
INFO: [ app_begin ] --START--
INFO: Run Behavior\ReadHtmlCacheBehavior [ RunTime:0.000618s ]
INFO: [ app_begin ] --END-- [ RunTime:0.000655s ]
INFO: [ view_parse ] --START--
INFO: [ template_filter ] --START--
INFO: Run Behavior\ContentReplaceBehavior [ RunTime:0.000052s ]
INFO: [ template_filter ] --END-- [ RunTime:0.000097s ]
INFO: Run Behavior\ParseTemplateBehavior [ RunTime:0.019573s ]
INFO: [ view_parse ] --END-- [ RunTime:0.019628s ]
INFO: [ view_filter ] --START--
INFO: Run Behavior\WriteHtmlCacheBehavior [ RunTime:0.000490s ]
INFO: [ view_filter ] --END-- [ RunTime:0.000522s ]
INFO: [ app_end ] --START--
INFO: Run Behavior\ShowPageTraceBehavior [ RunTime:0.011709s ]
INFO: [ app_end ] --END-- [ RunTime:0.011767s ]

[ 2016-05-09T10:55:02+08:00 ] 127.0.0.1 /index.php/Admin/Login/img/A001.jpg
INFO: [ app_init ] --START--
INFO: Run Behavior\BuildLiteBehavior [ RunTime:0.000015s ]
INFO: [ app_init ] --END-- [ RunTime:0.000918s ]

[ 2016-05-09T10:55:05+08:00 ] 127.0.0.1 /index.php/Admin/Login/checkLogin
INFO: [ app_init ] --START--
INFO: Run Behavior\BuildLiteBehavior [ RunTime:0.000014s ]
INFO: [ app_init ] --END-- [ RunTime:0.000372s ]
INFO: [ app_begin ] --START--
INFO: Run Behavior\ReadHtmlCacheBehavior [ RunTime:0.000862s ]
INFO: [ app_begin ] --END-- [ RunTime:0.000933s ]
SQL: SHOW COLUMNS FROM `imicms_user` [ RunTime:0.0048s ]
SQL: SELECT * FROM `imicms_user` WHERE (  name='cs' and password='95cc64dd2825f9df13ec4ad683ecf339'  ) LIMIT 1   [ RunTime:0.0005s ]

[ 2016-05-09T10:55:05+08:00 ] 127.0.0.1 /index.php/Admin/Index/index
INFO: [ app_init ] --START--
INFO: Run Behavior\BuildLiteBehavior [ RunTime:0.000010s ]
INFO: [ app_init ] --END-- [ RunTime:0.000292s ]
INFO: [ app_begin ] --START--
INFO: Run Behavior\ReadHtmlCacheBehavior [ RunTime:0.000799s ]
INFO: [ app_begin ] --END-- [ RunTime:0.000852s ]
INFO: [ view_parse ] --START--
INFO: [ template_filter ] --START--
INFO: Run Behavior\ContentReplaceBehavior [ RunTime:0.000059s ]
INFO: [ template_filter ] --END-- [ RunTime:0.000102s ]
INFO: Run Behavior\ParseTemplateBehavior [ RunTime:0.030176s ]
INFO: [ view_parse ] --END-- [ RunTime:0.030236s ]
INFO: [ view_filter ] --START--
INFO: Run Behavior\WriteHtmlCacheBehavior [ RunTime:0.000408s ]
INFO: [ view_filter ] --END-- [ RunTime:0.000442s ]
INFO: [ app_end ] --START--
INFO: Run Behavior\ShowPageTraceBehavior [ RunTime:0.001188s ]
INFO: [ app_end ] --END-- [ RunTime:0.002285s ]

[ 2016-05-09T10:55:30+08:00 ] 127.0.0.1 /index.php/Admin/User/index
INFO: [ app_init ] --START--
INFO: Run Behavior\BuildLiteBehavior [ RunTime:0.000020s ]
INFO: [ app_init ] --END-- [ RunTime:0.000594s ]
INFO: [ app_begin ] --START--
INFO: Run Behavior\ReadHtmlCacheBehavior [ RunTime:0.001152s ]
INFO: [ app_begin ] --END-- [ RunTime:0.001221s ]
SQL: SHOW COLUMNS FROM `imicms_user` [ RunTime:0.0049s ]
SQL: SELECT * FROM `imicms_user`  [ RunTime:0.0003s ]
INFO: [ view_parse ] --START--
INFO: [ template_filter ] --START--
INFO: Run Behavior\ContentReplaceBehavior [ RunTime:0.000114s ]
INFO: [ template_filter ] --END-- [ RunTime:0.000169s ]
INFO: Run Behavior\ParseTemplateBehavior [ RunTime:0.017884s ]
INFO: [ view_parse ] --END-- [ RunTime:0.017948s ]
INFO: [ view_filter ] --START--
INFO: Run Behavior\WriteHtmlCacheBehavior [ RunTime:0.000384s ]
INFO: [ view_filter ] --END-- [ RunTime:0.000414s ]
INFO: [ app_end ] --START--
INFO: Run Behavior\ShowPageTraceBehavior [ RunTime:0.000670s ]
INFO: [ app_end ] --END-- [ RunTime:0.000701s ]

[ 2016-05-09T10:55:31+08:00 ] 127.0.0.1 /index.php/Admin/UserInfo/index
INFO: [ app_init ] --START--
INFO: Run Behavior\BuildLiteBehavior [ RunTime:0.000019s ]
INFO: [ app_init ] --END-- [ RunTime:0.000641s ]
INFO: [ app_begin ] --START--
INFO: Run Behavior\ReadHtmlCacheBehavior [ RunTime:0.000945s ]
INFO: [ app_begin ] --END-- [ RunTime:0.001011s ]
SQL: SHOW COLUMNS FROM `imicms_citys` [ RunTime:0.0046s ]
SQL: SHOW COLUMNS FROM `imicms_userinfo` [ RunTime:0.0040s ]
SQL: SELECT COUNT(*) AS tp_count FROM `imicms_userinfo` LIMIT 1   [ RunTime:0.0004s ]
SQL: SELECT * FROM `imicms_userinfo` ORDER BY addtime desc LIMIT 0,5   [ RunTime:0.0005s ]
SQL: SELECT * FROM `imicms_citys` WHERE ( id=0 ) LIMIT 1   [ RunTime:0.0195s ]
SQL: SELECT * FROM `imicms_citys` WHERE ( id=0 ) LIMIT 1   [ RunTime:0.0005s ]
SQL: SELECT * FROM `imicms_citys` WHERE ( id=0 ) LIMIT 1   [ RunTime:0.0005s ]
SQL: SELECT * FROM `imicms_citys` WHERE ( id=0 ) LIMIT 1   [ RunTime:0.0005s ]
SQL: SELECT * FROM `imicms_citys` WHERE ( id=0 ) LIMIT 1   [ RunTime:0.0005s ]
SQL: SELECT * FROM `imicms_citys` WHERE ( id=0 ) LIMIT 1   [ RunTime:0.0005s ]
SQL: SELECT * FROM `imicms_citys` WHERE ( id=0 ) LIMIT 1   [ RunTime:0.0005s ]
SQL: SELECT * FROM `imicms_citys` WHERE ( id=0 ) LIMIT 1   [ RunTime:0.0005s ]
SQL: SELECT * FROM `imicms_citys` WHERE ( id=0 ) LIMIT 1   [ RunTime:0.0005s ]
SQL: SELECT * FROM `imicms_citys` WHERE ( id=0 ) LIMIT 1   [ RunTime:0.0005s ]
INFO: [ view_parse ] --START--
INFO: [ template_filter ] --START--
INFO: Run Behavior\ContentReplaceBehavior [ RunTime:0.000133s ]
INFO: [ template_filter ] --END-- [ RunTime:0.000204s ]
INFO: Run Behavior\ParseTemplateBehavior [ RunTime:0.020933s ]
INFO: [ view_parse ] --END-- [ RunTime:0.021079s ]
INFO: [ view_filter ] --START--
INFO: Run Behavior\WriteHtmlCacheBehavior [ RunTime:0.000782s ]
INFO: [ view_filter ] --END-- [ RunTime:0.001548s ]
INFO: [ app_end ] --START--
INFO: Run Behavior\ShowPageTraceBehavior [ RunTime:0.001516s ]
INFO: [ app_end ] --END-- [ RunTime:0.001600s ]

[ 2016-05-09T10:55:32+08:00 ] 127.0.0.1 /index.php/Admin/UserInfo/xls
INFO: [ app_init ] --START--
INFO: Run Behavior\BuildLiteBehavior [ RunTime:0.000020s ]
INFO: [ app_init ] --END-- [ RunTime:0.000576s ]
INFO: [ app_begin ] --START--
INFO: Run Behavior\ReadHtmlCacheBehavior [ RunTime:0.001071s ]
INFO: [ app_begin ] --END-- [ RunTime:0.001141s ]
SQL: SHOW COLUMNS FROM `imicms_citys` [ RunTime:0.0040s ]
SQL: SHOW COLUMNS FROM `imicms_userinfo` [ RunTime:0.0056s ]
SQL: SELECT * FROM `imicms_userinfo` ORDER BY addtime desc  [ RunTime:0.0006s ]
SQL: SELECT * FROM `imicms_citys` WHERE ( id=0 ) LIMIT 1   [ RunTime:0.0003s ]
SQL: SELECT * FROM `imicms_citys` WHERE ( id=0 ) LIMIT 1   [ RunTime:0.0004s ]
SQL: SELECT * FROM `imicms_citys` WHERE ( id=0 ) LIMIT 1   [ RunTime:0.0002s ]
SQL: SELECT * FROM `imicms_citys` WHERE ( id=0 ) LIMIT 1   [ RunTime:0.0002s ]
SQL: SELECT * FROM `imicms_citys` WHERE ( id=0 ) LIMIT 1   [ RunTime:0.0002s ]
SQL: SELECT * FROM `imicms_citys` WHERE ( id=0 ) LIMIT 1   [ RunTime:0.0002s ]
SQL: SELECT * FROM `imicms_citys` WHERE ( id=0 ) LIMIT 1   [ RunTime:0.0002s ]
SQL: SELECT * FROM `imicms_citys` WHERE ( id=0 ) LIMIT 1   [ RunTime:0.0002s ]
SQL: SELECT * FROM `imicms_citys` WHERE ( id=0 ) LIMIT 1   [ RunTime:0.0002s ]
SQL: SELECT * FROM `imicms_citys` WHERE ( id=0 ) LIMIT 1   [ RunTime:0.0002s ]
SQL: SELECT * FROM `imicms_citys` WHERE ( id=0 ) LIMIT 1   [ RunTime:0.0002s ]
SQL: SELECT * FROM `imicms_citys` WHERE ( id=0 ) LIMIT 1   [ RunTime:0.0002s ]
SQL: SELECT * FROM `imicms_citys` WHERE ( id=0 ) LIMIT 1   [ RunTime:0.0003s ]
SQL: SELECT * FROM `imicms_citys` WHERE ( id=0 ) LIMIT 1   [ RunTime:0.0002s ]
SQL: SELECT * FROM `imicms_citys` WHERE ( id=0 ) LIMIT 1   [ RunTime:0.0003s ]
SQL: SELECT * FROM `imicms_citys` WHERE ( id=0 ) LIMIT 1   [ RunTime:0.0003s ]
SQL: SELECT * FROM `imicms_citys` WHERE ( id=0 ) LIMIT 1   [ RunTime:0.0004s ]
SQL: SELECT * FROM `imicms_citys` WHERE ( id=0 ) LIMIT 1   [ RunTime:0.0002s ]
SQL: SELECT * FROM `imicms_citys` WHERE ( id=0 ) LIMIT 1   [ RunTime:0.0002s ]
SQL: SELECT * FROM `imicms_citys` WHERE ( id=0 ) LIMIT 1   [ RunTime:0.0002s ]
SQL: SELECT * FROM `imicms_citys` WHERE ( id=0 ) LIMIT 1   [ RunTime:0.0002s ]
SQL: SELECT * FROM `imicms_citys` WHERE ( id=0 ) LIMIT 1   [ RunTime:0.0002s ]
SQL: SELECT * FROM `imicms_citys` WHERE ( id=0 ) LIMIT 1   [ RunTime:0.0002s ]
SQL: SELECT * FROM `imicms_citys` WHERE ( id=0 ) LIMIT 1   [ RunTime:0.0002s ]
SQL: SELECT * FROM `imicms_citys` WHERE ( id=0 ) LIMIT 1   [ RunTime:0.0002s ]
SQL: SELECT * FROM `imicms_citys` WHERE ( id=0 ) LIMIT 1   [ RunTime:0.0003s ]
SQL: SELECT * FROM `imicms_citys` WHERE ( id=110000 ) LIMIT 1   [ RunTime:0.0006s ]
SQL: SELECT * FROM `imicms_citys` WHERE ( id=110100 ) LIMIT 1   [ RunTime:0.0004s ]
SQL: SELECT * FROM `imicms_citys` WHERE ( id=370000 ) LIMIT 1   [ RunTime:0.0011s ]
SQL: SELECT * FROM `imicms_citys` WHERE ( id=371700 ) LIMIT 1   [ RunTime:0.0013s ]
SQL: SELECT * FROM `imicms_citys` WHERE ( id=440000 ) LIMIT 1   [ RunTime:0.0020s ]
SQL: SELECT * FROM `imicms_citys` WHERE ( id=440100 ) LIMIT 1   [ RunTime:0.0012s ]
NOTIC: [2] Cannot modify header information - headers already sent by (output started at D:\jiameng\Shang\Admin\Controller\UserInfoController.class.php:64) D:\jiameng\Shang\Admin\Controller\UserInfoController.class.php 第 66 行.
NOTIC: [2] Cannot modify header information - headers already sent by (output started at D:\jiameng\Shang\Admin\Controller\UserInfoController.class.php:64) D:\jiameng\Shang\Admin\Controller\UserInfoController.class.php 第 67 行.
INFO: [ app_end ] --START--
INFO: Run Behavior\ShowPageTraceBehavior [ RunTime:0.001068s ]
INFO: [ app_end ] --END-- [ RunTime:0.001116s ]

[ 2016-05-09T10:55:45+08:00 ] 127.0.0.1 /index.php/Admin/UserInfo/index
INFO: [ app_init ] --START--
INFO: Run Behavior\BuildLiteBehavior [ RunTime:0.000015s ]
INFO: [ app_init ] --END-- [ RunTime:0.000519s ]
INFO: [ app_begin ] --START--
INFO: Run Behavior\ReadHtmlCacheBehavior [ RunTime:0.000727s ]
INFO: [ app_begin ] --END-- [ RunTime:0.000773s ]
SQL: SHOW COLUMNS FROM `imicms_citys` [ RunTime:0.0049s ]
SQL: SHOW COLUMNS FROM `imicms_userinfo` [ RunTime:0.0041s ]
SQL: SELECT COUNT(*) AS tp_count FROM `imicms_userinfo` LIMIT 1   [ RunTime:0.0002s ]
SQL: SELECT * FROM `imicms_userinfo` ORDER BY addtime desc LIMIT 0,5   [ RunTime:0.0002s ]
SQL: SELECT * FROM `imicms_citys` WHERE ( id=0 ) LIMIT 1   [ RunTime:0.0002s ]
SQL: SELECT * FROM `imicms_citys` WHERE ( id=0 ) LIMIT 1   [ RunTime:0.0002s ]
SQL: SELECT * FROM `imicms_citys` WHERE ( id=0 ) LIMIT 1   [ RunTime:0.0002s ]
SQL: SELECT * FROM `imicms_citys` WHERE ( id=0 ) LIMIT 1   [ RunTime:0.0002s ]
SQL: SELECT * FROM `imicms_citys` WHERE ( id=0 ) LIMIT 1   [ RunTime:0.0002s ]
SQL: SELECT * FROM `imicms_citys` WHERE ( id=0 ) LIMIT 1   [ RunTime:0.0002s ]
SQL: SELECT * FROM `imicms_citys` WHERE ( id=0 ) LIMIT 1   [ RunTime:0.0002s ]
SQL: SELECT * FROM `imicms_citys` WHERE ( id=0 ) LIMIT 1   [ RunTime:0.0002s ]
SQL: SELECT * FROM `imicms_citys` WHERE ( id=0 ) LIMIT 1   [ RunTime:0.0002s ]
SQL: SELECT * FROM `imicms_citys` WHERE ( id=0 ) LIMIT 1   [ RunTime:0.0002s ]
INFO: [ view_parse ] --START--
INFO: [ template_filter ] --START--
INFO: Run Behavior\ContentReplaceBehavior [ RunTime:0.000071s ]
INFO: [ template_filter ] --END-- [ RunTime:0.000117s ]
INFO: Run Behavior\ParseTemplateBehavior [ RunTime:0.009589s ]
INFO: [ view_parse ] --END-- [ RunTime:0.009638s ]
INFO: [ view_filter ] --START--
INFO: Run Behavior\WriteHtmlCacheBehavior [ RunTime:0.000446s ]
INFO: [ view_filter ] --END-- [ RunTime:0.000479s ]
INFO: [ app_end ] --START--
INFO: Run Behavior\ShowPageTraceBehavior [ RunTime:0.000728s ]
INFO: [ app_end ] --END-- [ RunTime:0.000773s ]

[ 2016-05-09T10:55:49+08:00 ] 127.0.0.1 /index.php/Admin/UserInfo/xls
INFO: [ app_init ] --START--
INFO: Run Behavior\BuildLiteBehavior [ RunTime:0.000021s ]
INFO: [ app_init ] --END-- [ RunTime:0.001079s ]
INFO: [ app_begin ] --START--
INFO: Run Behavior\ReadHtmlCacheBehavior [ RunTime:0.000996s ]
INFO: [ app_begin ] --END-- [ RunTime:0.001058s ]
SQL: SHOW COLUMNS FROM `imicms_citys` [ RunTime:0.0044s ]
SQL: SHOW COLUMNS FROM `imicms_userinfo` [ RunTime:0.0041s ]
SQL: SELECT * FROM `imicms_userinfo` ORDER BY addtime desc  [ RunTime:0.0002s ]
SQL: SELECT * FROM `imicms_citys` WHERE ( id=0 ) LIMIT 1   [ RunTime:0.0002s ]
SQL: SELECT * FROM `imicms_citys` WHERE ( id=0 ) LIMIT 1   [ RunTime:0.0002s ]
SQL: SELECT * FROM `imicms_citys` WHERE ( id=0 ) LIMIT 1   [ RunTime:0.0002s ]
SQL: SELECT * FROM `imicms_citys` WHERE ( id=0 ) LIMIT 1   [ RunTime:0.0002s ]
SQL: SELECT * FROM `imicms_citys` WHERE ( id=0 ) LIMIT 1   [ RunTime:0.0001s ]
SQL: SELECT * FROM `imicms_citys` WHERE ( id=0 ) LIMIT 1   [ RunTime:0.0002s ]
SQL: SELECT * FROM `imicms_citys` WHERE ( id=0 ) LIMIT 1   [ RunTime:0.0002s ]
SQL: SELECT * FROM `imicms_citys` WHERE ( id=0 ) LIMIT 1   [ RunTime:0.0002s ]
SQL: SELECT * FROM `imicms_citys` WHERE ( id=0 ) LIMIT 1   [ RunTime:0.0002s ]
SQL: SELECT * FROM `imicms_citys` WHERE ( id=0 ) LIMIT 1   [ RunTime:0.0002s ]
SQL: SELECT * FROM `imicms_citys` WHERE ( id=0 ) LIMIT 1   [ RunTime:0.0002s ]
SQL: SELECT * FROM `imicms_citys` WHERE ( id=0 ) LIMIT 1   [ RunTime:0.0002s ]
SQL: SELECT * FROM `imicms_citys` WHERE ( id=0 ) LIMIT 1   [ RunTime:0.0002s ]
SQL: SELECT * FROM `imicms_citys` WHERE ( id=0 ) LIMIT 1   [ RunTime:0.0002s ]
SQL: SELECT * FROM `imicms_citys` WHERE ( id=0 ) LIMIT 1   [ RunTime:0.0002s ]
SQL: SELECT * FROM `imicms_citys` WHERE ( id=0 ) LIMIT 1   [ RunTime:0.0002s ]
SQL: SELECT * FROM `imicms_citys` WHERE ( id=0 ) LIMIT 1   [ RunTime:0.0002s ]
SQL: SELECT * FROM `imicms_citys` WHERE ( id=0 ) LIMIT 1   [ RunTime:0.0002s ]
SQL: SELECT * FROM `imicms_citys` WHERE ( id=0 ) LIMIT 1   [ RunTime:0.0002s ]
SQL: SELECT * FROM `imicms_citys` WHERE ( id=0 ) LIMIT 1   [ RunTime:0.0002s ]
SQL: SELECT * FROM `imicms_citys` WHERE ( id=0 ) LIMIT 1   [ RunTime:0.0002s ]
SQL: SELECT * FROM `imicms_citys` WHERE ( id=0 ) LIMIT 1   [ RunTime:0.0002s ]
SQL: SELECT * FROM `imicms_citys` WHERE ( id=0 ) LIMIT 1   [ RunTime:0.0002s ]
SQL: SELECT * FROM `imicms_citys` WHERE ( id=0 ) LIMIT 1   [ RunTime:0.0002s ]
SQL: SELECT * FROM `imicms_citys` WHERE ( id=0 ) LIMIT 1   [ RunTime:0.0002s ]
SQL: SELECT * FROM `imicms_citys` WHERE ( id=0 ) LIMIT 1   [ RunTime:0.0002s ]
SQL: SELECT * FROM `imicms_citys` WHERE ( id=110000 ) LIMIT 1   [ RunTime:0.0002s ]
SQL: SELECT * FROM `imicms_citys` WHERE ( id=110100 ) LIMIT 1   [ RunTime:0.0002s ]
SQL: SELECT * FROM `imicms_citys` WHERE ( id=370000 ) LIMIT 1   [ RunTime:0.0002s ]
SQL: SELECT * FROM `imicms_citys` WHERE ( id=371700 ) LIMIT 1   [ RunTime:0.0002s ]
SQL: SELECT * FROM `imicms_citys` WHERE ( id=440000 ) LIMIT 1   [ RunTime:0.0002s ]
SQL: SELECT * FROM `imicms_citys` WHERE ( id=440100 ) LIMIT 1   [ RunTime:0.0002s ]
NOTIC: [2] Cannot modify header information - headers already sent by (output started at D:\jiameng\Shang\Admin\Controller\UserInfoController.class.php:64) D:\jiameng\Shang\Admin\Controller\UserInfoController.class.php 第 66 行.
NOTIC: [2] Cannot modify header information - headers already sent by (output started at D:\jiameng\Shang\Admin\Controller\UserInfoController.class.php:64) D:\jiameng\Shang\Admin\Controller\UserInfoController.class.php 第 67 行.
INFO: [ app_end ] --START--
INFO: Run Behavior\ShowPageTraceBehavior [ RunTime:0.000876s ]
INFO: [ app_end ] --END-- [ RunTime:0.000926s ]

[ 2016-05-09T10:56:44+08:00 ] 127.0.0.1 /index.php/admin
INFO: [ app_init ] --START--
INFO: Run Behavior\BuildLiteBehavior [ RunTime:0.000011s ]
INFO: [ app_init ] --END-- [ RunTime:0.000323s ]
INFO: [ app_begin ] --START--
INFO: Run Behavior\ReadHtmlCacheBehavior [ RunTime:0.000665s ]
INFO: [ app_begin ] --END-- [ RunTime:0.000701s ]

[ 2016-05-09T10:56:44+08:00 ] 127.0.0.1 /index.php/Admin/Login/login
INFO: [ app_init ] --START--
INFO: Run Behavior\BuildLiteBehavior [ RunTime:0.000012s ]
INFO: [ app_init ] --END-- [ RunTime:0.000333s ]
INFO: [ app_begin ] --START--
INFO: Run Behavior\ReadHtmlCacheBehavior [ RunTime:0.000694s ]
INFO: [ app_begin ] --END-- [ RunTime:0.000766s ]
INFO: [ view_parse ] --START--
INFO: [ template_filter ] --START--
INFO: Run Behavior\ContentReplaceBehavior [ RunTime:0.000053s ]
INFO: [ template_filter ] --END-- [ RunTime:0.000096s ]
INFO: Run Behavior\ParseTemplateBehavior [ RunTime:0.006198s ]
INFO: [ view_parse ] --END-- [ RunTime:0.006241s ]
INFO: [ view_filter ] --START--
INFO: Run Behavior\WriteHtmlCacheBehavior [ RunTime:0.000371s ]
INFO: [ view_filter ] --END-- [ RunTime:0.000399s ]
INFO: [ app_end ] --START--
INFO: Run Behavior\ShowPageTraceBehavior [ RunTime:0.000661s ]
INFO: [ app_end ] --END-- [ RunTime:0.000692s ]

[ 2016-05-09T10:56:44+08:00 ] 127.0.0.1 /index.php/Admin/Login/img/A001.jpg
INFO: [ app_init ] --START--
INFO: Run Behavior\BuildLiteBehavior [ RunTime:0.000014s ]
INFO: [ app_init ] --END-- [ RunTime:0.000383s ]

[ 2016-05-09T10:56:48+08:00 ] 127.0.0.1 /index.php/Admin/Login/checkLogin
INFO: [ app_init ] --START--
INFO: Run Behavior\BuildLiteBehavior [ RunTime:0.000011s ]
INFO: [ app_init ] --END-- [ RunTime:0.000329s ]
INFO: [ app_begin ] --START--
INFO: Run Behavior\ReadHtmlCacheBehavior [ RunTime:0.000740s ]
INFO: [ app_begin ] --END-- [ RunTime:0.000779s ]
SQL: SHOW COLUMNS FROM `imicms_user` [ RunTime:0.0041s ]
SQL: SELECT * FROM `imicms_user` WHERE (  name='cs' and password='95cc64dd2825f9df13ec4ad683ecf339'  ) LIMIT 1   [ RunTime:0.0003s ]

[ 2016-05-09T10:56:48+08:00 ] 127.0.0.1 /index.php/Admin/Index/index
INFO: [ app_init ] --START--
INFO: Run Behavior\BuildLiteBehavior [ RunTime:0.000009s ]
INFO: [ app_init ] --END-- [ RunTime:0.000293s ]
INFO: [ app_begin ] --START--
INFO: Run Behavior\ReadHtmlCacheBehavior [ RunTime:0.000579s ]
INFO: [ app_begin ] --END-- [ RunTime:0.000617s ]
INFO: [ view_parse ] --START--
INFO: [ template_filter ] --START--
INFO: Run Behavior\ContentReplaceBehavior [ RunTime:0.000060s ]
INFO: [ template_filter ] --END-- [ RunTime:0.000099s ]
INFO: Run Behavior\ParseTemplateBehavior [ RunTime:0.007528s ]
INFO: [ view_parse ] --END-- [ RunTime:0.007570s ]
INFO: [ view_filter ] --START--
INFO: Run Behavior\WriteHtmlCacheBehavior [ RunTime:0.000377s ]
INFO: [ view_filter ] --END-- [ RunTime:0.000405s ]
INFO: [ app_end ] --START--
INFO: Run Behavior\ShowPageTraceBehavior [ RunTime:0.000563s ]
INFO: [ app_end ] --END-- [ RunTime:0.000594s ]

[ 2016-05-09T10:56:50+08:00 ] 127.0.0.1 /index.php/Admin/UserInfo/index
INFO: [ app_init ] --START--
INFO: Run Behavior\BuildLiteBehavior [ RunTime:0.000023s ]
INFO: [ app_init ] --END-- [ RunTime:0.001500s ]
INFO: [ app_begin ] --START--
INFO: Run Behavior\ReadHtmlCacheBehavior [ RunTime:0.002249s ]
INFO: [ app_begin ] --END-- [ RunTime:0.002324s ]
SQL: SHOW COLUMNS FROM `imicms_citys` [ RunTime:0.0050s ]
SQL: SHOW COLUMNS FROM `imicms_userinfo` [ RunTime:0.0038s ]
SQL: SELECT COUNT(*) AS tp_count FROM `imicms_userinfo` LIMIT 1   [ RunTime:0.0004s ]
SQL: SELECT * FROM `imicms_userinfo` ORDER BY addtime desc LIMIT 0,5   [ RunTime:0.0003s ]
SQL: SELECT * FROM `imicms_citys` WHERE ( id=0 ) LIMIT 1   [ RunTime:0.0003s ]
SQL: SELECT * FROM `imicms_citys` WHERE ( id=0 ) LIMIT 1   [ RunTime:0.0003s ]
SQL: SELECT * FROM `imicms_citys` WHERE ( id=0 ) LIMIT 1   [ RunTime:0.0003s ]
SQL: SELECT * FROM `imicms_citys` WHERE ( id=0 ) LIMIT 1   [ RunTime:0.0003s ]
SQL: SELECT * FROM `imicms_citys` WHERE ( id=0 ) LIMIT 1   [ RunTime:0.0003s ]
SQL: SELECT * FROM `imicms_citys` WHERE ( id=0 ) LIMIT 1   [ RunTime:0.0003s ]
SQL: SELECT * FROM `imicms_citys` WHERE ( id=0 ) LIMIT 1   [ RunTime:0.0003s ]
SQL: SELECT * FROM `imicms_citys` WHERE ( id=0 ) LIMIT 1   [ RunTime:0.0004s ]
SQL: SELECT * FROM `imicms_citys` WHERE ( id=0 ) LIMIT 1   [ RunTime:0.0003s ]
SQL: SELECT * FROM `imicms_citys` WHERE ( id=0 ) LIMIT 1   [ RunTime:0.0003s ]
INFO: [ view_parse ] --START--
INFO: [ template_filter ] --START--
INFO: Run Behavior\ContentReplaceBehavior [ RunTime:0.000062s ]
INFO: [ template_filter ] --END-- [ RunTime:0.000102s ]
INFO: Run Behavior\ParseTemplateBehavior [ RunTime:0.009902s ]
INFO: [ view_parse ] --END-- [ RunTime:0.009945s ]
INFO: [ view_filter ] --START--
INFO: Run Behavior\WriteHtmlCacheBehavior [ RunTime:0.000394s ]
INFO: [ view_filter ] --END-- [ RunTime:0.000423s ]
INFO: [ app_end ] --START--
INFO: Run Behavior\ShowPageTraceBehavior [ RunTime:0.000878s ]
INFO: [ app_end ] --END-- [ RunTime:0.000929s ]

[ 2016-05-09T10:56:51+08:00 ] 127.0.0.1 /index.php/Admin/UserInfo/xls
INFO: [ app_init ] --START--
INFO: Run Behavior\BuildLiteBehavior [ RunTime:0.000011s ]
INFO: [ app_init ] --END-- [ RunTime:0.000300s ]
INFO: [ app_begin ] --START--
INFO: Run Behavior\ReadHtmlCacheBehavior [ RunTime:0.000617s ]
INFO: [ app_begin ] --END-- [ RunTime:0.000654s ]
SQL: SHOW COLUMNS FROM `imicms_citys` [ RunTime:0.0040s ]
SQL: SHOW COLUMNS FROM `imicms_userinfo` [ RunTime:0.0041s ]
SQL: SELECT * FROM `imicms_userinfo` ORDER BY addtime desc  [ RunTime:0.0005s ]
SQL: SELECT * FROM `imicms_citys` WHERE ( id=0 ) LIMIT 1   [ RunTime:0.0003s ]
SQL: SELECT * FROM `imicms_citys` WHERE ( id=0 ) LIMIT 1   [ RunTime:0.0003s ]
SQL: SELECT * FROM `imicms_citys` WHERE ( id=0 ) LIMIT 1   [ RunTime:0.0002s ]
SQL: SELECT * FROM `imicms_citys` WHERE ( id=0 ) LIMIT 1   [ RunTime:0.0003s ]
SQL: SELECT * FROM `imicms_citys` WHERE ( id=0 ) LIMIT 1   [ RunTime:0.0003s ]
SQL: SELECT * FROM `imicms_citys` WHERE ( id=0 ) LIMIT 1   [ RunTime:0.0002s ]
SQL: SELECT * FROM `imicms_citys` WHERE ( id=0 ) LIMIT 1   [ RunTime:0.0002s ]
SQL: SELECT * FROM `imicms_citys` WHERE ( id=0 ) LIMIT 1   [ RunTime:0.0002s ]
SQL: SELECT * FROM `imicms_citys` WHERE ( id=0 ) LIMIT 1   [ RunTime:0.0002s ]
SQL: SELECT * FROM `imicms_citys` WHERE ( id=0 ) LIMIT 1   [ RunTime:0.0002s ]
SQL: SELECT * FROM `imicms_citys` WHERE ( id=0 ) LIMIT 1   [ RunTime:0.0002s ]
SQL: SELECT * FROM `imicms_citys` WHERE ( id=0 ) LIMIT 1   [ RunTime:0.0002s ]
SQL: SELECT * FROM `imicms_citys` WHERE ( id=0 ) LIMIT 1   [ RunTime:0.0002s ]
SQL: SELECT * FROM `imicms_citys` WHERE ( id=0 ) LIMIT 1   [ RunTime:0.0002s ]
SQL: SELECT * FROM `imicms_citys` WHERE ( id=0 ) LIMIT 1   [ RunTime:0.0002s ]
SQL: SELECT * FROM `imicms_citys` WHERE ( id=0 ) LIMIT 1   [ RunTime:0.0005s ]
SQL: SELECT * FROM `imicms_citys` WHERE ( id=0 ) LIMIT 1   [ RunTime:0.0003s ]
SQL: SELECT * FROM `imicms_citys` WHERE ( id=0 ) LIMIT 1   [ RunTime:0.0004s ]
SQL: SELECT * FROM `imicms_citys` WHERE ( id=0 ) LIMIT 1   [ RunTime:0.0003s ]
SQL: SELECT * FROM `imicms_citys` WHERE ( id=0 ) LIMIT 1   [ RunTime:0.0003s ]
SQL: SELECT * FROM `imicms_citys` WHERE ( id=0 ) LIMIT 1   [ RunTime:0.0002s ]
SQL: SELECT * FROM `imicms_citys` WHERE ( id=0 ) LIMIT 1   [ RunTime:0.0002s ]
SQL: SELECT * FROM `imicms_citys` WHERE ( id=0 ) LIMIT 1   [ RunTime:0.0003s ]
SQL: SELECT * FROM `imicms_citys` WHERE ( id=0 ) LIMIT 1   [ RunTime:0.0003s ]
SQL: SELECT * FROM `imicms_citys` WHERE ( id=0 ) LIMIT 1   [ RunTime:0.0002s ]
SQL: SELECT * FROM `imicms_citys` WHERE ( id=0 ) LIMIT 1   [ RunTime:0.0003s ]
SQL: SELECT * FROM `imicms_citys` WHERE ( id=110000 ) LIMIT 1   [ RunTime:0.0003s ]
SQL: SELECT * FROM `imicms_citys` WHERE ( id=110100 ) LIMIT 1   [ RunTime:0.0003s ]
SQL: SELECT * FROM `imicms_citys` WHERE ( id=370000 ) LIMIT 1   [ RunTime:0.0002s ]
SQL: SELECT * FROM `imicms_citys` WHERE ( id=371700 ) LIMIT 1   [ RunTime:0.0002s ]
SQL: SELECT * FROM `imicms_citys` WHERE ( id=440000 ) LIMIT 1   [ RunTime:0.0002s ]
SQL: SELECT * FROM `imicms_citys` WHERE ( id=440100 ) LIMIT 1   [ RunTime:0.0002s ]
NOTIC: [2] Cannot modify header information - headers already sent by (output started at D:\jiameng\Shang\Admin\Controller\UserInfoController.class.php:64) D:\jiameng\Shang\Admin\Controller\UserInfoController.class.php 第 66 行.
NOTIC: [2] Cannot modify header information - headers already sent by (output started at D:\jiameng\Shang\Admin\Controller\UserInfoController.class.php:64) D:\jiameng\Shang\Admin\Controller\UserInfoController.class.php 第 67 行.
INFO: [ app_end ] --START--
INFO: Run Behavior\ShowPageTraceBehavior [ RunTime:0.000758s ]
INFO: [ app_end ] --END-- [ RunTime:0.000794s ]

[ 2016-05-09T10:57:23+08:00 ] 127.0.0.1 /index.php/Admin/UserInfo/xls
INFO: [ app_init ] --START--
INFO: Run Behavior\BuildLiteBehavior [ RunTime:0.000013s ]
INFO: [ app_init ] --END-- [ RunTime:0.000321s ]
INFO: [ app_begin ] --START--
INFO: Run Behavior\ReadHtmlCacheBehavior [ RunTime:0.000666s ]
INFO: [ app_begin ] --END-- [ RunTime:0.000706s ]
SQL: SHOW COLUMNS FROM `imicms_citys` [ RunTime:0.0043s ]
SQL: SHOW COLUMNS FROM `imicms_userinfo` [ RunTime:0.0044s ]
SQL: SELECT * FROM `imicms_userinfo` ORDER BY addtime desc  [ RunTime:0.0002s ]
SQL: SELECT * FROM `imicms_citys` WHERE ( id=0 ) LIMIT 1   [ RunTime:0.0002s ]
SQL: SELECT * FROM `imicms_citys` WHERE ( id=0 ) LIMIT 1   [ RunTime:0.0002s ]
SQL: SELECT * FROM `imicms_citys` WHERE ( id=0 ) LIMIT 1   [ RunTime:0.0002s ]
SQL: SELECT * FROM `imicms_citys` WHERE ( id=0 ) LIMIT 1   [ RunTime:0.0001s ]
SQL: SELECT * FROM `imicms_citys` WHERE ( id=0 ) LIMIT 1   [ RunTime:0.0001s ]
SQL: SELECT * FROM `imicms_citys` WHERE ( id=0 ) LIMIT 1   [ RunTime:0.0001s ]
SQL: SELECT * FROM `imicms_citys` WHERE ( id=0 ) LIMIT 1   [ RunTime:0.0002s ]
SQL: SELECT * FROM `imicms_citys` WHERE ( id=0 ) LIMIT 1   [ RunTime:0.0002s ]
SQL: SELECT * FROM `imicms_citys` WHERE ( id=0 ) LIMIT 1   [ RunTime:0.0002s ]
SQL: SELECT * FROM `imicms_citys` WHERE ( id=0 ) LIMIT 1   [ RunTime:0.0002s ]
SQL: SELECT * FROM `imicms_citys` WHERE ( id=0 ) LIMIT 1   [ RunTime:0.0002s ]
SQL: SELECT * FROM `imicms_citys` WHERE ( id=0 ) LIMIT 1   [ RunTime:0.0002s ]
SQL: SELECT * FROM `imicms_citys` WHERE ( id=0 ) LIMIT 1   [ RunTime:0.0002s ]
SQL: SELECT * FROM `imicms_citys` WHERE ( id=0 ) LIMIT 1   [ RunTime:0.0002s ]
SQL: SELECT * FROM `imicms_citys` WHERE ( id=0 ) LIMIT 1   [ RunTime:0.0002s ]
SQL: SELECT * FROM `imicms_citys` WHERE ( id=0 ) LIMIT 1   [ RunTime:0.0001s ]
SQL: SELECT * FROM `imicms_citys` WHERE ( id=0 ) LIMIT 1   [ RunTime:0.0001s ]
SQL: SELECT * FROM `imicms_citys` WHERE ( id=0 ) LIMIT 1   [ RunTime:0.0001s ]
SQL: SELECT * FROM `imicms_citys` WHERE ( id=0 ) LIMIT 1   [ RunTime:0.0001s ]
SQL: SELECT * FROM `imicms_citys` WHERE ( id=0 ) LIMIT 1   [ RunTime:0.0001s ]
SQL: SELECT * FROM `imicms_citys` WHERE ( id=0 ) LIMIT 1   [ RunTime:0.0001s ]
SQL: SELECT * FROM `imicms_citys` WHERE ( id=0 ) LIMIT 1   [ RunTime:0.0001s ]
SQL: SELECT * FROM `imicms_citys` WHERE ( id=0 ) LIMIT 1   [ RunTime:0.0001s ]
SQL: SELECT * FROM `imicms_citys` WHERE ( id=0 ) LIMIT 1   [ RunTime:0.0001s ]
SQL: SELECT * FROM `imicms_citys` WHERE ( id=0 ) LIMIT 1   [ RunTime:0.0001s ]
SQL: SELECT * FROM `imicms_citys` WHERE ( id=0 ) LIMIT 1   [ RunTime:0.0001s ]
SQL: SELECT * FROM `imicms_citys` WHERE ( id=110000 ) LIMIT 1   [ RunTime:0.0001s ]
SQL: SELECT * FROM `imicms_citys` WHERE ( id=110100 ) LIMIT 1   [ RunTime:0.0001s ]
SQL: SELECT * FROM `imicms_citys` WHERE ( id=370000 ) LIMIT 1   [ RunTime:0.0002s ]
SQL: SELECT * FROM `imicms_citys` WHERE ( id=371700 ) LIMIT 1   [ RunTime:0.0001s ]
SQL: SELECT * FROM `imicms_citys` WHERE ( id=440000 ) LIMIT 1   [ RunTime:0.0001s ]
SQL: SELECT * FROM `imicms_citys` WHERE ( id=440100 ) LIMIT 1   [ RunTime:0.0001s ]
NOTIC: [2] Cannot modify header information - headers already sent by (output started at D:\jiameng\Shang\Admin\Controller\UserInfoController.class.php:64) D:\jiameng\Shang\Admin\Controller\UserInfoController.class.php 第 66 行.
NOTIC: [2] Cannot modify header information - headers already sent by (output started at D:\jiameng\Shang\Admin\Controller\UserInfoController.class.php:64) D:\jiameng\Shang\Admin\Controller\UserInfoController.class.php 第 67 行.
INFO: [ app_end ] --START--
INFO: Run Behavior\ShowPageTraceBehavior [ RunTime:0.000741s ]
INFO: [ app_end ] --END-- [ RunTime:0.000775s ]

[ 2016-05-09T10:59:22+08:00 ] 127.0.0.1 /index.php/Admin/UserInfo/index
INFO: [ app_init ] --START--
INFO: Run Behavior\BuildLiteBehavior [ RunTime:0.000012s ]
INFO: [ app_init ] --END-- [ RunTime:0.000306s ]
INFO: [ app_begin ] --START--
INFO: Run Behavior\ReadHtmlCacheBehavior [ RunTime:0.000636s ]
INFO: [ app_begin ] --END-- [ RunTime:0.000674s ]
SQL: SHOW COLUMNS FROM `imicms_citys` [ RunTime:0.0056s ]
SQL: SHOW COLUMNS FROM `imicms_userinfo` [ RunTime:0.0049s ]
SQL: SELECT COUNT(*) AS tp_count FROM `imicms_userinfo` LIMIT 1   [ RunTime:0.0005s ]
SQL: SELECT * FROM `imicms_userinfo` ORDER BY addtime desc LIMIT 0,5   [ RunTime:0.0003s ]
SQL: SELECT * FROM `imicms_citys` WHERE ( id=0 ) LIMIT 1   [ RunTime:0.0003s ]
SQL: SELECT * FROM `imicms_citys` WHERE ( id=0 ) LIMIT 1   [ RunTime:0.0003s ]
SQL: SELECT * FROM `imicms_citys` WHERE ( id=0 ) LIMIT 1   [ RunTime:0.0003s ]
SQL: SELECT * FROM `imicms_citys` WHERE ( id=0 ) LIMIT 1   [ RunTime:0.0003s ]
SQL: SELECT * FROM `imicms_citys` WHERE ( id=0 ) LIMIT 1   [ RunTime:0.0003s ]
SQL: SELECT * FROM `imicms_citys` WHERE ( id=0 ) LIMIT 1   [ RunTime:0.0003s ]
SQL: SELECT * FROM `imicms_citys` WHERE ( id=0 ) LIMIT 1   [ RunTime:0.0003s ]
SQL: SELECT * FROM `imicms_citys` WHERE ( id=0 ) LIMIT 1   [ RunTime:0.0003s ]
SQL: SELECT * FROM `imicms_citys` WHERE ( id=0 ) LIMIT 1   [ RunTime:0.0003s ]
SQL: SELECT * FROM `imicms_citys` WHERE ( id=0 ) LIMIT 1   [ RunTime:0.0003s ]
INFO: [ view_parse ] --START--
INFO: [ template_filter ] --START--
INFO: Run Behavior\ContentReplaceBehavior [ RunTime:0.000073s ]
INFO: [ template_filter ] --END-- [ RunTime:0.000116s ]
INFO: Run Behavior\ParseTemplateBehavior [ RunTime:0.009410s ]
INFO: [ view_parse ] --END-- [ RunTime:0.009453s ]
INFO: [ view_filter ] --START--
INFO: Run Behavior\WriteHtmlCacheBehavior [ RunTime:0.000391s ]
INFO: [ view_filter ] --END-- [ RunTime:0.000420s ]
INFO: [ app_end ] --START--
INFO: Run Behavior\ShowPageTraceBehavior [ RunTime:0.000810s ]
INFO: [ app_end ] --END-- [ RunTime:0.000864s ]

[ 2016-05-09T10:59:22+08:00 ] 127.0.0.1 /index.php/Admin/UserInfo/xls
INFO: [ app_init ] --START--
INFO: Run Behavior\BuildLiteBehavior [ RunTime:0.000011s ]
INFO: [ app_init ] --END-- [ RunTime:0.000302s ]
INFO: [ app_begin ] --START--
INFO: Run Behavior\ReadHtmlCacheBehavior [ RunTime:0.000616s ]
INFO: [ app_begin ] --END-- [ RunTime:0.000657s ]
SQL: SHOW COLUMNS FROM `imicms_citys` [ RunTime:0.0049s ]
SQL: SHOW COLUMNS FROM `imicms_userinfo` [ RunTime:0.0041s ]
SQL: SELECT * FROM `imicms_userinfo` ORDER BY addtime desc  [ RunTime:0.0003s ]
SQL: SELECT * FROM `imicms_citys` WHERE ( id=0 ) LIMIT 1   [ RunTime:0.0002s ]
SQL: SELECT * FROM `imicms_citys` WHERE ( id=0 ) LIMIT 1   [ RunTime:0.0002s ]
SQL: SELECT * FROM `imicms_citys` WHERE ( id=0 ) LIMIT 1   [ RunTime:0.0002s ]
SQL: SELECT * FROM `imicms_citys` WHERE ( id=0 ) LIMIT 1   [ RunTime:0.0002s ]
SQL: SELECT * FROM `imicms_citys` WHERE ( id=0 ) LIMIT 1   [ RunTime:0.0002s ]
SQL: SELECT * FROM `imicms_citys` WHERE ( id=0 ) LIMIT 1   [ RunTime:0.0002s ]
SQL: SELECT * FROM `imicms_citys` WHERE ( id=0 ) LIMIT 1   [ RunTime:0.0002s ]
SQL: SELECT * FROM `imicms_citys` WHERE ( id=0 ) LIMIT 1   [ RunTime:0.0002s ]
SQL: SELECT * FROM `imicms_citys` WHERE ( id=0 ) LIMIT 1   [ RunTime:0.0002s ]
SQL: SELECT * FROM `imicms_citys` WHERE ( id=0 ) LIMIT 1   [ RunTime:0.0002s ]
SQL: SELECT * FROM `imicms_citys` WHERE ( id=0 ) LIMIT 1   [ RunTime:0.0002s ]
SQL: SELECT * FROM `imicms_citys` WHERE ( id=0 ) LIMIT 1   [ RunTime:0.0002s ]
SQL: SELECT * FROM `imicms_citys` WHERE ( id=0 ) LIMIT 1   [ RunTime:0.0002s ]
SQL: SELECT * FROM `imicms_citys` WHERE ( id=0 ) LIMIT 1   [ RunTime:0.0002s ]
SQL: SELECT * FROM `imicms_citys` WHERE ( id=0 ) LIMIT 1   [ RunTime:0.0002s ]
SQL: SELECT * FROM `imicms_citys` WHERE ( id=0 ) LIMIT 1   [ RunTime:0.0002s ]
SQL: SELECT * FROM `imicms_citys` WHERE ( id=0 ) LIMIT 1   [ RunTime:0.0003s ]
SQL: SELECT * FROM `imicms_citys` WHERE ( id=0 ) LIMIT 1   [ RunTime:0.0003s ]
SQL: SELECT * FROM `imicms_citys` WHERE ( id=0 ) LIMIT 1   [ RunTime:0.0002s ]
SQL: SELECT * FROM `imicms_citys` WHERE ( id=0 ) LIMIT 1   [ RunTime:0.0003s ]
SQL: SELECT * FROM `imicms_citys` WHERE ( id=0 ) LIMIT 1   [ RunTime:0.0002s ]
SQL: SELECT * FROM `imicms_citys` WHERE ( id=0 ) LIMIT 1   [ RunTime:0.0002s ]
SQL: SELECT * FROM `imicms_citys` WHERE ( id=0 ) LIMIT 1   [ RunTime:0.0002s ]
SQL: SELECT * FROM `imicms_citys` WHERE ( id=0 ) LIMIT 1   [ RunTime:0.0002s ]
SQL: SELECT * FROM `imicms_citys` WHERE ( id=0 ) LIMIT 1   [ RunTime:0.0002s ]
SQL: SELECT * FROM `imicms_citys` WHERE ( id=0 ) LIMIT 1   [ RunTime:0.0002s ]
SQL: SELECT * FROM `imicms_citys` WHERE ( id=110000 ) LIMIT 1   [ RunTime:0.0002s ]
SQL: SELECT * FROM `imicms_citys` WHERE ( id=110100 ) LIMIT 1   [ RunTime:0.0002s ]
SQL: SELECT * FROM `imicms_citys` WHERE ( id=370000 ) LIMIT 1   [ RunTime:0.0002s ]
SQL: SELECT * FROM `imicms_citys` WHERE ( id=371700 ) LIMIT 1   [ RunTime:0.0001s ]
SQL: SELECT * FROM `imicms_citys` WHERE ( id=440000 ) LIMIT 1   [ RunTime:0.0002s ]
SQL: SELECT * FROM `imicms_citys` WHERE ( id=440100 ) LIMIT 1   [ RunTime:0.0002s ]
NOTIC: [2] Cannot modify header information - headers already sent by (output started at D:\jiameng\Shang\Admin\Controller\UserInfoController.class.php:64) D:\jiameng\Shang\Admin\Controller\UserInfoController.class.php 第 66 行.
NOTIC: [2] Cannot modify header information - headers already sent by (output started at D:\jiameng\Shang\Admin\Controller\UserInfoController.class.php:64) D:\jiameng\Shang\Admin\Controller\UserInfoController.class.php 第 67 行.
ERR: 模板不存在:./Shang/Admin/View/UserInfo/xls.html
NOTIC: [2] Cannot modify header information - headers already sent by (output started at D:\jiameng\Shang\Admin\Controller\UserInfoController.class.php:64) D:\jiameng\ThinkPHP\Library\Think\Think.class.php 第 229 行.
NOTIC: [2] Cannot modify header information - headers already sent by (output started at D:\jiameng\Shang\Admin\Controller\UserInfoController.class.php:64) D:\jiameng\ThinkPHP\Library\Think\Think.class.php 第 230 行.

[ 2016-05-09T10:59:29+08:00 ] 127.0.0.1 /index.php/Admin/UserInfo/xls
INFO: [ app_init ] --START--
INFO: Run Behavior\BuildLiteBehavior [ RunTime:0.000011s ]
INFO: [ app_init ] --END-- [ RunTime:0.000324s ]
INFO: [ app_begin ] --START--
INFO: Run Behavior\ReadHtmlCacheBehavior [ RunTime:0.000627s ]
INFO: [ app_begin ] --END-- [ RunTime:0.000664s ]
SQL: SHOW COLUMNS FROM `imicms_citys` [ RunTime:0.0048s ]
SQL: SHOW COLUMNS FROM `imicms_userinfo` [ RunTime:0.0044s ]
SQL: SELECT * FROM `imicms_userinfo` ORDER BY addtime desc  [ RunTime:0.0004s ]
SQL: SELECT * FROM `imicms_citys` WHERE ( id=0 ) LIMIT 1   [ RunTime:0.0003s ]
SQL: SELECT * FROM `imicms_citys` WHERE ( id=0 ) LIMIT 1   [ RunTime:0.0003s ]
SQL: SELECT * FROM `imicms_citys` WHERE ( id=0 ) LIMIT 1   [ RunTime:0.0003s ]
SQL: SELECT * FROM `imicms_citys` WHERE ( id=0 ) LIMIT 1   [ RunTime:0.0003s ]
SQL: SELECT * FROM `imicms_citys` WHERE ( id=0 ) LIMIT 1   [ RunTime:0.0003s ]
SQL: SELECT * FROM `imicms_citys` WHERE ( id=0 ) LIMIT 1   [ RunTime:0.0003s ]
SQL: SELECT * FROM `imicms_citys` WHERE ( id=0 ) LIMIT 1   [ RunTime:0.0003s ]
SQL: SELECT * FROM `imicms_citys` WHERE ( id=0 ) LIMIT 1   [ RunTime:0.0003s ]
SQL: SELECT * FROM `imicms_citys` WHERE ( id=0 ) LIMIT 1   [ RunTime:0.0003s ]
SQL: SELECT * FROM `imicms_citys` WHERE ( id=0 ) LIMIT 1   [ RunTime:0.0003s ]
SQL: SELECT * FROM `imicms_citys` WHERE ( id=0 ) LIMIT 1   [ RunTime:0.0003s ]
SQL: SELECT * FROM `imicms_citys` WHERE ( id=0 ) LIMIT 1   [ RunTime:0.0003s ]
SQL: SELECT * FROM `imicms_citys` WHERE ( id=0 ) LIMIT 1   [ RunTime:0.0003s ]
SQL: SELECT * FROM `imicms_citys` WHERE ( id=0 ) LIMIT 1   [ RunTime:0.0003s ]
SQL: SELECT * FROM `imicms_citys` WHERE ( id=0 ) LIMIT 1   [ RunTime:0.0003s ]
SQL: SELECT * FROM `imicms_citys` WHERE ( id=0 ) LIMIT 1   [ RunTime:0.0003s ]
SQL: SELECT * FROM `imicms_citys` WHERE ( id=0 ) LIMIT 1   [ RunTime:0.0003s ]
SQL: SELECT * FROM `imicms_citys` WHERE ( id=0 ) LIMIT 1   [ RunTime:0.0007s ]
SQL: SELECT * FROM `imicms_citys` WHERE ( id=0 ) LIMIT 1   [ RunTime:0.0004s ]
SQL: SELECT * FROM `imicms_citys` WHERE ( id=0 ) LIMIT 1   [ RunTime:0.0003s ]
SQL: SELECT * FROM `imicms_citys` WHERE ( id=0 ) LIMIT 1   [ RunTime:0.0003s ]
SQL: SELECT * FROM `imicms_citys` WHERE ( id=0 ) LIMIT 1   [ RunTime:0.0003s ]
SQL: SELECT * FROM `imicms_citys` WHERE ( id=0 ) LIMIT 1   [ RunTime:0.0003s ]
SQL: SELECT * FROM `imicms_citys` WHERE ( id=0 ) LIMIT 1   [ RunTime:0.0003s ]
SQL: SELECT * FROM `imicms_citys` WHERE ( id=0 ) LIMIT 1   [ RunTime:0.0003s ]
SQL: SELECT * FROM `imicms_citys` WHERE ( id=0 ) LIMIT 1   [ RunTime:0.0003s ]
SQL: SELECT * FROM `imicms_citys` WHERE ( id=110000 ) LIMIT 1   [ RunTime:0.0003s ]
SQL: SELECT * FROM `imicms_citys` WHERE ( id=110100 ) LIMIT 1   [ RunTime:0.0003s ]
SQL: SELECT * FROM `imicms_citys` WHERE ( id=370000 ) LIMIT 1   [ RunTime:0.0002s ]
SQL: SELECT * FROM `imicms_citys` WHERE ( id=371700 ) LIMIT 1   [ RunTime:0.0003s ]
SQL: SELECT * FROM `imicms_citys` WHERE ( id=440000 ) LIMIT 1   [ RunTime:0.0003s ]
SQL: SELECT * FROM `imicms_citys` WHERE ( id=440100 ) LIMIT 1   [ RunTime:0.0003s ]
NOTIC: [2] Cannot modify header information - headers already sent by (output started at D:\jiameng\Shang\Admin\Controller\UserInfoController.class.php:64) D:\jiameng\Shang\Admin\Controller\UserInfoController.class.php 第 66 行.
NOTIC: [2] Cannot modify header information - headers already sent by (output started at D:\jiameng\Shang\Admin\Controller\UserInfoController.class.php:64) D:\jiameng\Shang\Admin\Controller\UserInfoController.class.php 第 67 行.
ERR: 模板不存在:./Shang/Admin/View/UserInfo/xls.html
NOTIC: [2] Cannot modify header information - headers already sent by (output started at D:\jiameng\Shang\Admin\Controller\UserInfoController.class.php:64) D:\jiameng\ThinkPHP\Library\Think\Think.class.php 第 229 行.
NOTIC: [2] Cannot modify header information - headers already sent by (output started at D:\jiameng\Shang\Admin\Controller\UserInfoController.class.php:64) D:\jiameng\ThinkPHP\Library\Think\Think.class.php 第 230 行.

[ 2016-05-09T11:01:52+08:00 ] 127.0.0.1 /index.php/Admin/UserInfo/index
INFO: [ app_init ] --START--
INFO: Run Behavior\BuildLiteBehavior [ RunTime:0.000011s ]
INFO: [ app_init ] --END-- [ RunTime:0.000306s ]
INFO: [ app_begin ] --START--
INFO: Run Behavior\ReadHtmlCacheBehavior [ RunTime:0.000604s ]
INFO: [ app_begin ] --END-- [ RunTime:0.000641s ]
SQL: SHOW COLUMNS FROM `imicms_citys` [ RunTime:0.0043s ]
SQL: SHOW COLUMNS FROM `imicms_userinfo` [ RunTime:0.0050s ]
SQL: SELECT COUNT(*) AS tp_count FROM `imicms_userinfo` LIMIT 1   [ RunTime:0.0004s ]
SQL: SELECT * FROM `imicms_userinfo` ORDER BY addtime desc LIMIT 0,5   [ RunTime:0.0003s ]
SQL: SELECT * FROM `imicms_citys` WHERE ( id=0 ) LIMIT 1   [ RunTime:0.0002s ]
SQL: SELECT * FROM `imicms_citys` WHERE ( id=0 ) LIMIT 1   [ RunTime:0.0002s ]
SQL: SELECT * FROM `imicms_citys` WHERE ( id=0 ) LIMIT 1   [ RunTime:0.0002s ]
SQL: SELECT * FROM `imicms_citys` WHERE ( id=0 ) LIMIT 1   [ RunTime:0.0002s ]
SQL: SELECT * FROM `imicms_citys` WHERE ( id=0 ) LIMIT 1   [ RunTime:0.0002s ]
SQL: SELECT * FROM `imicms_citys` WHERE ( id=0 ) LIMIT 1   [ RunTime:0.0003s ]
SQL: SELECT * FROM `imicms_citys` WHERE ( id=0 ) LIMIT 1   [ RunTime:0.0004s ]
SQL: SELECT * FROM `imicms_citys` WHERE ( id=0 ) LIMIT 1   [ RunTime:0.0003s ]
SQL: SELECT * FROM `imicms_citys` WHERE ( id=0 ) LIMIT 1   [ RunTime:0.0005s ]
SQL: SELECT * FROM `imicms_citys` WHERE ( id=0 ) LIMIT 1   [ RunTime:0.0003s ]
INFO: [ view_parse ] --START--
INFO: [ template_filter ] --START--
INFO: Run Behavior\ContentReplaceBehavior [ RunTime:0.000060s ]
INFO: [ template_filter ] --END-- [ RunTime:0.000096s ]
INFO: Run Behavior\ParseTemplateBehavior [ RunTime:0.009344s ]
INFO: [ view_parse ] --END-- [ RunTime:0.009448s ]
INFO: [ view_filter ] --START--
INFO: Run Behavior\WriteHtmlCacheBehavior [ RunTime:0.000414s ]
INFO: [ view_filter ] --END-- [ RunTime:0.000444s ]
INFO: [ app_end ] --START--
INFO: Run Behavior\ShowPageTraceBehavior [ RunTime:0.000803s ]
INFO: [ app_end ] --END-- [ RunTime:0.000851s ]

[ 2016-05-09T11:01:54+08:00 ] 127.0.0.1 /index.php/Admin/UserInfo/xls
INFO: [ app_init ] --START--
INFO: Run Behavior\BuildLiteBehavior [ RunTime:0.000011s ]
INFO: [ app_init ] --END-- [ RunTime:0.000332s ]
INFO: [ app_begin ] --START--
INFO: Run Behavior\ReadHtmlCacheBehavior [ RunTime:0.000597s ]
INFO: [ app_begin ] --END-- [ RunTime:0.000635s ]
SQL: SHOW COLUMNS FROM `imicms_citys` [ RunTime:0.0051s ]
SQL: SHOW COLUMNS FROM `imicms_userinfo` [ RunTime:0.0049s ]
SQL: SELECT * FROM `imicms_userinfo` ORDER BY addtime desc  [ RunTime:0.0004s ]
SQL: SELECT * FROM `imicms_citys` WHERE ( id=0 ) LIMIT 1   [ RunTime:0.0004s ]
SQL: SELECT * FROM `imicms_citys` WHERE ( id=0 ) LIMIT 1   [ RunTime:0.0003s ]
SQL: SELECT * FROM `imicms_citys` WHERE ( id=0 ) LIMIT 1   [ RunTime:0.0002s ]
SQL: SELECT * FROM `imicms_citys` WHERE ( id=0 ) LIMIT 1   [ RunTime:0.0003s ]
SQL: SELECT * FROM `imicms_citys` WHERE ( id=0 ) LIMIT 1   [ RunTime:0.0003s ]
SQL: SELECT * FROM `imicms_citys` WHERE ( id=0 ) LIMIT 1   [ RunTime:0.0004s ]
SQL: SELECT * FROM `imicms_citys` WHERE ( id=0 ) LIMIT 1   [ RunTime:0.0002s ]
SQL: SELECT * FROM `imicms_citys` WHERE ( id=0 ) LIMIT 1   [ RunTime:0.0002s ]
SQL: SELECT * FROM `imicms_citys` WHERE ( id=0 ) LIMIT 1   [ RunTime:0.0004s ]
SQL: SELECT * FROM `imicms_citys` WHERE ( id=0 ) LIMIT 1   [ RunTime:0.0004s ]
SQL: SELECT * FROM `imicms_citys` WHERE ( id=0 ) LIMIT 1   [ RunTime:0.0002s ]
SQL: SELECT * FROM `imicms_citys` WHERE ( id=0 ) LIMIT 1   [ RunTime:0.0003s ]
SQL: SELECT * FROM `imicms_citys` WHERE ( id=0 ) LIMIT 1   [ RunTime:0.0003s ]
SQL: SELECT * FROM `imicms_citys` WHERE ( id=0 ) LIMIT 1   [ RunTime:0.0003s ]
SQL: SELECT * FROM `imicms_citys` WHERE ( id=0 ) LIMIT 1   [ RunTime:0.0002s ]
SQL: SELECT * FROM `imicms_citys` WHERE ( id=0 ) LIMIT 1   [ RunTime:0.0002s ]
SQL: SELECT * FROM `imicms_citys` WHERE ( id=0 ) LIMIT 1   [ RunTime:0.0002s ]
SQL: SELECT * FROM `imicms_citys` WHERE ( id=0 ) LIMIT 1   [ RunTime:0.0003s ]
SQL: SELECT * FROM `imicms_citys` WHERE ( id=0 ) LIMIT 1   [ RunTime:0.0003s ]
SQL: SELECT * FROM `imicms_citys` WHERE ( id=0 ) LIMIT 1   [ RunTime:0.0002s ]
SQL: SELECT * FROM `imicms_citys` WHERE ( id=0 ) LIMIT 1   [ RunTime:0.0003s ]
SQL: SELECT * FROM `imicms_citys` WHERE ( id=0 ) LIMIT 1   [ RunTime:0.0003s ]
SQL: SELECT * FROM `imicms_citys` WHERE ( id=0 ) LIMIT 1   [ RunTime:0.0003s ]
SQL: SELECT * FROM `imicms_citys` WHERE ( id=0 ) LIMIT 1   [ RunTime:0.0003s ]
SQL: SELECT * FROM `imicms_citys` WHERE ( id=0 ) LIMIT 1   [ RunTime:0.0003s ]
SQL: SELECT * FROM `imicms_citys` WHERE ( id=0 ) LIMIT 1   [ RunTime:0.0004s ]
SQL: SELECT * FROM `imicms_citys` WHERE ( id=110000 ) LIMIT 1   [ RunTime:0.0002s ]
SQL: SELECT * FROM `imicms_citys` WHERE ( id=110100 ) LIMIT 1   [ RunTime:0.0003s ]
SQL: SELECT * FROM `imicms_citys` WHERE ( id=370000 ) LIMIT 1   [ RunTime:0.0003s ]
SQL: SELECT * FROM `imicms_citys` WHERE ( id=371700 ) LIMIT 1   [ RunTime:0.0004s ]
SQL: SELECT * FROM `imicms_citys` WHERE ( id=440000 ) LIMIT 1   [ RunTime:0.0004s ]
SQL: SELECT * FROM `imicms_citys` WHERE ( id=440100 ) LIMIT 1   [ RunTime:0.0003s ]
NOTIC: [2] Cannot modify header information - headers already sent by (output started at D:\jiameng\Shang\Admin\Controller\UserInfoController.class.php:64) D:\jiameng\Shang\Admin\Controller\UserInfoController.class.php 第 67 行.
NOTIC: [2] Cannot modify header information - headers already sent by (output started at D:\jiameng\Shang\Admin\Controller\UserInfoController.class.php:64) D:\jiameng\Shang\Admin\Controller\UserInfoController.class.php 第 68 行.
INFO: [ app_end ] --START--
INFO: Run Behavior\ShowPageTraceBehavior [ RunTime:0.000712s ]
INFO: [ app_end ] --END-- [ RunTime:0.000757s ]

[ 2016-05-09T11:01:58+08:00 ] 127.0.0.1 /index.php/Admin/UserInfo/xls
INFO: [ app_init ] --START--
INFO: Run Behavior\BuildLiteBehavior [ RunTime:0.000014s ]
INFO: [ app_init ] --END-- [ RunTime:0.000383s ]
INFO: [ app_begin ] --START--
INFO: Run Behavior\ReadHtmlCacheBehavior [ RunTime:0.000662s ]
INFO: [ app_begin ] --END-- [ RunTime:0.000706s ]
SQL: SHOW COLUMNS FROM `imicms_citys` [ RunTime:0.0046s ]
SQL: SHOW COLUMNS FROM `imicms_userinfo` [ RunTime:0.0049s ]
SQL: SELECT * FROM `imicms_userinfo` ORDER BY addtime desc  [ RunTime:0.0003s ]
SQL: SELECT * FROM `imicms_citys` WHERE ( id=0 ) LIMIT 1   [ RunTime:0.0002s ]
SQL: SELECT * FROM `imicms_citys` WHERE ( id=0 ) LIMIT 1   [ RunTime:0.0002s ]
SQL: SELECT * FROM `imicms_citys` WHERE ( id=0 ) LIMIT 1   [ RunTime:0.0002s ]
SQL: SELECT * FROM `imicms_citys` WHERE ( id=0 ) LIMIT 1   [ RunTime:0.0002s ]
SQL: SELECT * FROM `imicms_citys` WHERE ( id=0 ) LIMIT 1   [ RunTime:0.0002s ]
SQL: SELECT * FROM `imicms_citys` WHERE ( id=0 ) LIMIT 1   [ RunTime:0.0002s ]
SQL: SELECT * FROM `imicms_citys` WHERE ( id=0 ) LIMIT 1   [ RunTime:0.0002s ]
SQL: SELECT * FROM `imicms_citys` WHERE ( id=0 ) LIMIT 1   [ RunTime:0.0002s ]
SQL: SELECT * FROM `imicms_citys` WHERE ( id=0 ) LIMIT 1   [ RunTime:0.0002s ]
SQL: SELECT * FROM `imicms_citys` WHERE ( id=0 ) LIMIT 1   [ RunTime:0.0002s ]
SQL: SELECT * FROM `imicms_citys` WHERE ( id=0 ) LIMIT 1   [ RunTime:0.0002s ]
SQL: SELECT * FROM `imicms_citys` WHERE ( id=0 ) LIMIT 1   [ RunTime:0.0002s ]
SQL: SELECT * FROM `imicms_citys` WHERE ( id=0 ) LIMIT 1   [ RunTime:0.0002s ]
SQL: SELECT * FROM `imicms_citys` WHERE ( id=0 ) LIMIT 1   [ RunTime:0.0002s ]
SQL: SELECT * FROM `imicms_citys` WHERE ( id=0 ) LIMIT 1   [ RunTime:0.0002s ]
SQL: SELECT * FROM `imicms_citys` WHERE ( id=0 ) LIMIT 1   [ RunTime:0.0002s ]
SQL: SELECT * FROM `imicms_citys` WHERE ( id=0 ) LIMIT 1   [ RunTime:0.0002s ]
SQL: SELECT * FROM `imicms_citys` WHERE ( id=0 ) LIMIT 1   [ RunTime:0.0002s ]
SQL: SELECT * FROM `imicms_citys` WHERE ( id=0 ) LIMIT 1   [ RunTime:0.0002s ]
SQL: SELECT * FROM `imicms_citys` WHERE ( id=0 ) LIMIT 1   [ RunTime:0.0002s ]
SQL: SELECT * FROM `imicms_citys` WHERE ( id=0 ) LIMIT 1   [ RunTime:0.0002s ]
SQL: SELECT * FROM `imicms_citys` WHERE ( id=0 ) LIMIT 1   [ RunTime:0.0002s ]
SQL: SELECT * FROM `imicms_citys` WHERE ( id=0 ) LIMIT 1   [ RunTime:0.0003s ]
SQL: SELECT * FROM `imicms_citys` WHERE ( id=0 ) LIMIT 1   [ RunTime:0.0005s ]
SQL: SELECT * FROM `imicms_citys` WHERE ( id=0 ) LIMIT 1   [ RunTime:0.0003s ]
SQL: SELECT * FROM `imicms_citys` WHERE ( id=0 ) LIMIT 1   [ RunTime:0.0002s ]
SQL: SELECT * FROM `imicms_citys` WHERE ( id=110000 ) LIMIT 1   [ RunTime:0.0002s ]
SQL: SELECT * FROM `imicms_citys` WHERE ( id=110100 ) LIMIT 1   [ RunTime:0.0002s ]
SQL: SELECT * FROM `imicms_citys` WHERE ( id=370000 ) LIMIT 1   [ RunTime:0.0002s ]
SQL: SELECT * FROM `imicms_citys` WHERE ( id=371700 ) LIMIT 1   [ RunTime:0.0002s ]
SQL: SELECT * FROM `imicms_citys` WHERE ( id=440000 ) LIMIT 1   [ RunTime:0.0004s ]
SQL: SELECT * FROM `imicms_citys` WHERE ( id=440100 ) LIMIT 1   [ RunTime:0.0003s ]
NOTIC: [2] Cannot modify header information - headers already sent by (output started at D:\jiameng\Shang\Admin\Controller\UserInfoController.class.php:64) D:\jiameng\Shang\Admin\Controller\UserInfoController.class.php 第 67 行.
NOTIC: [2] Cannot modify header information - headers already sent by (output started at D:\jiameng\Shang\Admin\Controller\UserInfoController.class.php:64) D:\jiameng\Shang\Admin\Controller\UserInfoController.class.php 第 68 行.
INFO: [ app_end ] --START--
INFO: Run Behavior\ShowPageTraceBehavior [ RunTime:0.000667s ]
INFO: [ app_end ] --END-- [ RunTime:0.000703s ]

[ 2016-05-09T11:02:00+08:00 ] 127.0.0.1 /index.php/Admin/UserInfo/xls
INFO: [ app_init ] --START--
INFO: Run Behavior\BuildLiteBehavior [ RunTime:0.000021s ]
INFO: [ app_init ] --END-- [ RunTime:0.000635s ]
INFO: [ app_begin ] --START--
INFO: Run Behavior\ReadHtmlCacheBehavior [ RunTime:0.001105s ]
INFO: [ app_begin ] --END-- [ RunTime:0.001285s ]
SQL: SHOW COLUMNS FROM `imicms_citys` [ RunTime:0.0046s ]
SQL: SHOW COLUMNS FROM `imicms_userinfo` [ RunTime:0.0047s ]
SQL: SELECT * FROM `imicms_userinfo` ORDER BY addtime desc  [ RunTime:0.0005s ]
SQL: SELECT * FROM `imicms_citys` WHERE ( id=0 ) LIMIT 1   [ RunTime:0.0003s ]
SQL: SELECT * FROM `imicms_citys` WHERE ( id=0 ) LIMIT 1   [ RunTime:0.0003s ]
SQL: SELECT * FROM `imicms_citys` WHERE ( id=0 ) LIMIT 1   [ RunTime:0.0003s ]
SQL: SELECT * FROM `imicms_citys` WHERE ( id=0 ) LIMIT 1   [ RunTime:0.0004s ]
SQL: SELECT * FROM `imicms_citys` WHERE ( id=0 ) LIMIT 1   [ RunTime:0.0003s ]
SQL: SELECT * FROM `imicms_citys` WHERE ( id=0 ) LIMIT 1   [ RunTime:0.0003s ]
SQL: SELECT * FROM `imicms_citys` WHERE ( id=0 ) LIMIT 1   [ RunTime:0.0004s ]
SQL: SELECT * FROM `imicms_citys` WHERE ( id=0 ) LIMIT 1   [ RunTime:0.0003s ]
SQL: SELECT * FROM `imicms_citys` WHERE ( id=0 ) LIMIT 1   [ RunTime:0.0003s ]
SQL: SELECT * FROM `imicms_citys` WHERE ( id=0 ) LIMIT 1   [ RunTime:0.0003s ]
SQL: SELECT * FROM `imicms_citys` WHERE ( id=0 ) LIMIT 1   [ RunTime:0.0003s ]
SQL: SELECT * FROM `imicms_citys` WHERE ( id=0 ) LIMIT 1   [ RunTime:0.0003s ]
SQL: SELECT * FROM `imicms_citys` WHERE ( id=0 ) LIMIT 1   [ RunTime:0.0003s ]
SQL: SELECT * FROM `imicms_citys` WHERE ( id=0 ) LIMIT 1   [ RunTime:0.0003s ]
SQL: SELECT * FROM `imicms_citys` WHERE ( id=0 ) LIMIT 1   [ RunTime:0.0003s ]
SQL: SELECT * FROM `imicms_citys` WHERE ( id=0 ) LIMIT 1   [ RunTime:0.0003s ]
SQL: SELECT * FROM `imicms_citys` WHERE ( id=0 ) LIMIT 1   [ RunTime:0.0003s ]
SQL: SELECT * FROM `imicms_citys` WHERE ( id=0 ) LIMIT 1   [ RunTime:0.0003s ]
SQL: SELECT * FROM `imicms_citys` WHERE ( id=0 ) LIMIT 1   [ RunTime:0.0003s ]
SQL: SELECT * FROM `imicms_citys` WHERE ( id=0 ) LIMIT 1   [ RunTime:0.0003s ]
SQL: SELECT * FROM `imicms_citys` WHERE ( id=0 ) LIMIT 1   [ RunTime:0.0003s ]
SQL: SELECT * FROM `imicms_citys` WHERE ( id=0 ) LIMIT 1   [ RunTime:0.0003s ]
SQL: SELECT * FROM `imicms_citys` WHERE ( id=0 ) LIMIT 1   [ RunTime:0.0003s ]
SQL: SELECT * FROM `imicms_citys` WHERE ( id=0 ) LIMIT 1   [ RunTime:0.0003s ]
SQL: SELECT * FROM `imicms_citys` WHERE ( id=0 ) LIMIT 1   [ RunTime:0.0003s ]
SQL: SELECT * FROM `imicms_citys` WHERE ( id=0 ) LIMIT 1   [ RunTime:0.0003s ]
SQL: SELECT * FROM `imicms_citys` WHERE ( id=110000 ) LIMIT 1   [ RunTime:0.0003s ]
SQL: SELECT * FROM `imicms_citys` WHERE ( id=110100 ) LIMIT 1   [ RunTime:0.0003s ]
SQL: SELECT * FROM `imicms_citys` WHERE ( id=370000 ) LIMIT 1   [ RunTime:0.0003s ]
SQL: SELECT * FROM `imicms_citys` WHERE ( id=371700 ) LIMIT 1   [ RunTime:0.0003s ]
SQL: SELECT * FROM `imicms_citys` WHERE ( id=440000 ) LIMIT 1   [ RunTime:0.0003s ]
SQL: SELECT * FROM `imicms_citys` WHERE ( id=440100 ) LIMIT 1   [ RunTime:0.0003s ]
NOTIC: [2] Cannot modify header information - headers already sent by (output started at D:\jiameng\Shang\Admin\Controller\UserInfoController.class.php:64) D:\jiameng\Shang\Admin\Controller\UserInfoController.class.php 第 67 行.
NOTIC: [2] Cannot modify header information - headers already sent by (output started at D:\jiameng\Shang\Admin\Controller\UserInfoController.class.php:64) D:\jiameng\Shang\Admin\Controller\UserInfoController.class.php 第 68 行.
INFO: [ app_end ] --START--
INFO: Run Behavior\ShowPageTraceBehavior [ RunTime:0.001010s ]
INFO: [ app_end ] --END-- [ RunTime:0.001062s ]

[ 2016-05-09T11:05:37+08:00 ] 127.0.0.1 /index.php/Admin/UserInfo/xls
INFO: [ app_init ] --START--
INFO: Run Behavior\BuildLiteBehavior [ RunTime:0.000012s ]
INFO: [ app_init ] --END-- [ RunTime:0.000479s ]
INFO: [ app_begin ] --START--
INFO: Run Behavior\ReadHtmlCacheBehavior [ RunTime:0.000783s ]
INFO: [ app_begin ] --END-- [ RunTime:0.000887s ]
SQL: SHOW COLUMNS FROM `imicms_citys` [ RunTime:0.0042s ]
SQL: SHOW COLUMNS FROM `imicms_userinfo` [ RunTime:0.0039s ]
SQL: SELECT * FROM `imicms_userinfo` ORDER BY addtime desc  [ RunTime:0.0003s ]
SQL: SELECT * FROM `imicms_citys` WHERE ( id=0 ) LIMIT 1   [ RunTime:0.0002s ]
SQL: SELECT * FROM `imicms_citys` WHERE ( id=0 ) LIMIT 1   [ RunTime:0.0002s ]
SQL: SELECT * FROM `imicms_citys` WHERE ( id=0 ) LIMIT 1   [ RunTime:0.0002s ]
SQL: SELECT * FROM `imicms_citys` WHERE ( id=0 ) LIMIT 1   [ RunTime:0.0002s ]
SQL: SELECT * FROM `imicms_citys` WHERE ( id=0 ) LIMIT 1   [ RunTime:0.0002s ]
SQL: SELECT * FROM `imicms_citys` WHERE ( id=0 ) LIMIT 1   [ RunTime:0.0002s ]
SQL: SELECT * FROM `imicms_citys` WHERE ( id=0 ) LIMIT 1   [ RunTime:0.0003s ]
SQL: SELECT * FROM `imicms_citys` WHERE ( id=0 ) LIMIT 1   [ RunTime:0.0002s ]
SQL: SELECT * FROM `imicms_citys` WHERE ( id=0 ) LIMIT 1   [ RunTime:0.0002s ]
SQL: SELECT * FROM `imicms_citys` WHERE ( id=0 ) LIMIT 1   [ RunTime:0.0002s ]
SQL: SELECT * FROM `imicms_citys` WHERE ( id=0 ) LIMIT 1   [ RunTime:0.0004s ]
SQL: SELECT * FROM `imicms_citys` WHERE ( id=0 ) LIMIT 1   [ RunTime:0.0002s ]
SQL: SELECT * FROM `imicms_citys` WHERE ( id=0 ) LIMIT 1   [ RunTime:0.0002s ]
SQL: SELECT * FROM `imicms_citys` WHERE ( id=0 ) LIMIT 1   [ RunTime:0.0002s ]
SQL: SELECT * FROM `imicms_citys` WHERE ( id=0 ) LIMIT 1   [ RunTime:0.0002s ]
SQL: SELECT * FROM `imicms_citys` WHERE ( id=0 ) LIMIT 1   [ RunTime:0.0002s ]
SQL: SELECT * FROM `imicms_citys` WHERE ( id=0 ) LIMIT 1   [ RunTime:0.0002s ]
SQL: SELECT * FROM `imicms_citys` WHERE ( id=0 ) LIMIT 1   [ RunTime:0.0002s ]
SQL: SELECT * FROM `imicms_citys` WHERE ( id=0 ) LIMIT 1   [ RunTime:0.0002s ]
SQL: SELECT * FROM `imicms_citys` WHERE ( id=0 ) LIMIT 1   [ RunTime:0.0002s ]
SQL: SELECT * FROM `imicms_citys` WHERE ( id=0 ) LIMIT 1   [ RunTime:0.0002s ]
SQL: SELECT * FROM `imicms_citys` WHERE ( id=0 ) LIMIT 1   [ RunTime:0.0002s ]
SQL: SELECT * FROM `imicms_citys` WHERE ( id=0 ) LIMIT 1   [ RunTime:0.0002s ]
SQL: SELECT * FROM `imicms_citys` WHERE ( id=0 ) LIMIT 1   [ RunTime:0.0002s ]
SQL: SELECT * FROM `imicms_citys` WHERE ( id=0 ) LIMIT 1   [ RunTime:0.0002s ]
SQL: SELECT * FROM `imicms_citys` WHERE ( id=0 ) LIMIT 1   [ RunTime:0.0002s ]
SQL: SELECT * FROM `imicms_citys` WHERE ( id=110000 ) LIMIT 1   [ RunTime:0.0002s ]
SQL: SELECT * FROM `imicms_citys` WHERE ( id=110100 ) LIMIT 1   [ RunTime:0.0002s ]
SQL: SELECT * FROM `imicms_citys` WHERE ( id=370000 ) LIMIT 1   [ RunTime:0.0002s ]
SQL: SELECT * FROM `imicms_citys` WHERE ( id=371700 ) LIMIT 1   [ RunTime:0.0002s ]
SQL: SELECT * FROM `imicms_citys` WHERE ( id=440000 ) LIMIT 1   [ RunTime:0.0002s ]
SQL: SELECT * FROM `imicms_citys` WHERE ( id=440100 ) LIMIT 1   [ RunTime:0.0002s ]
NOTIC: [2] Cannot modify header information - headers already sent by (output started at D:\jiameng\Shang\Admin\Controller\UserInfoController.class.php:64) D:\jiameng\Shang\Admin\Controller\UserInfoController.class.php 第 67 行.
NOTIC: [2] Cannot modify header information - headers already sent by (output started at D:\jiameng\Shang\Admin\Controller\UserInfoController.class.php:64) D:\jiameng\Shang\Admin\Controller\UserInfoController.class.php 第 68 行.
INFO: [ app_end ] --START--
INFO: Run Behavior\ShowPageTraceBehavior [ RunTime:0.000866s ]
INFO: [ app_end ] --END-- [ RunTime:0.000922s ]

[ 2016-05-09T11:05:56+08:00 ] 127.0.0.1 /index.php/Admin/UserInfo/xls
INFO: [ app_init ] --START--
INFO: Run Behavior\BuildLiteBehavior [ RunTime:0.000013s ]
INFO: [ app_init ] --END-- [ RunTime:0.000404s ]
INFO: [ app_begin ] --START--
INFO: Run Behavior\ReadHtmlCacheBehavior [ RunTime:0.000692s ]
INFO: [ app_begin ] --END-- [ RunTime:0.000730s ]
SQL: SHOW COLUMNS FROM `imicms_citys` [ RunTime:0.0039s ]
SQL: SHOW COLUMNS FROM `imicms_userinfo` [ RunTime:0.0048s ]
SQL: SELECT * FROM `imicms_userinfo` ORDER BY addtime desc  [ RunTime:0.0006s ]
SQL: SELECT * FROM `imicms_citys` WHERE ( id=0 ) LIMIT 1   [ RunTime:0.0003s ]
SQL: SELECT * FROM `imicms_citys` WHERE ( id=0 ) LIMIT 1   [ RunTime:0.0003s ]
SQL: SELECT * FROM `imicms_citys` WHERE ( id=0 ) LIMIT 1   [ RunTime:0.0003s ]
SQL: SELECT * FROM `imicms_citys` WHERE ( id=0 ) LIMIT 1   [ RunTime:0.0003s ]
SQL: SELECT * FROM `imicms_citys` WHERE ( id=0 ) LIMIT 1   [ RunTime:0.0003s ]
SQL: SELECT * FROM `imicms_citys` WHERE ( id=0 ) LIMIT 1   [ RunTime:0.0003s ]
SQL: SELECT * FROM `imicms_citys` WHERE ( id=0 ) LIMIT 1   [ RunTime:0.0003s ]
SQL: SELECT * FROM `imicms_citys` WHERE ( id=0 ) LIMIT 1   [ RunTime:0.0002s ]
SQL: SELECT * FROM `imicms_citys` WHERE ( id=0 ) LIMIT 1   [ RunTime:0.0002s ]
SQL: SELECT * FROM `imicms_citys` WHERE ( id=0 ) LIMIT 1   [ RunTime:0.0002s ]
SQL: SELECT * FROM `imicms_citys` WHERE ( id=0 ) LIMIT 1   [ RunTime:0.0003s ]
SQL: SELECT * FROM `imicms_citys` WHERE ( id=0 ) LIMIT 1   [ RunTime:0.0003s ]
SQL: SELECT * FROM `imicms_citys` WHERE ( id=0 ) LIMIT 1   [ RunTime:0.0003s ]
SQL: SELECT * FROM `imicms_citys` WHERE ( id=0 ) LIMIT 1   [ RunTime:0.0003s ]
SQL: SELECT * FROM `imicms_citys` WHERE ( id=0 ) LIMIT 1   [ RunTime:0.0003s ]
SQL: SELECT * FROM `imicms_citys` WHERE ( id=0 ) LIMIT 1   [ RunTime:0.0004s ]
SQL: SELECT * FROM `imicms_citys` WHERE ( id=0 ) LIMIT 1   [ RunTime:0.0005s ]
SQL: SELECT * FROM `imicms_citys` WHERE ( id=0 ) LIMIT 1   [ RunTime:0.0004s ]
SQL: SELECT * FROM `imicms_citys` WHERE ( id=0 ) LIMIT 1   [ RunTime:0.0003s ]
SQL: SELECT * FROM `imicms_citys` WHERE ( id=0 ) LIMIT 1   [ RunTime:0.0002s ]
SQL: SELECT * FROM `imicms_citys` WHERE ( id=0 ) LIMIT 1   [ RunTime:0.0003s ]
SQL: SELECT * FROM `imicms_citys` WHERE ( id=0 ) LIMIT 1   [ RunTime:0.0002s ]
SQL: SELECT * FROM `imicms_citys` WHERE ( id=0 ) LIMIT 1   [ RunTime:0.0002s ]
SQL: SELECT * FROM `imicms_citys` WHERE ( id=0 ) LIMIT 1   [ RunTime:0.0003s ]
SQL: SELECT * FROM `imicms_citys` WHERE ( id=0 ) LIMIT 1   [ RunTime:0.0002s ]
SQL: SELECT * FROM `imicms_citys` WHERE ( id=0 ) LIMIT 1   [ RunTime:0.0002s ]
SQL: SELECT * FROM `imicms_citys` WHERE ( id=110000 ) LIMIT 1   [ RunTime:0.0003s ]
SQL: SELECT * FROM `imicms_citys` WHERE ( id=110100 ) LIMIT 1   [ RunTime:0.0002s ]
SQL: SELECT * FROM `imicms_citys` WHERE ( id=370000 ) LIMIT 1   [ RunTime:0.0003s ]
SQL: SELECT * FROM `imicms_citys` WHERE ( id=371700 ) LIMIT 1   [ RunTime:0.0003s ]
SQL: SELECT * FROM `imicms_citys` WHERE ( id=440000 ) LIMIT 1   [ RunTime:0.0002s ]
SQL: SELECT * FROM `imicms_citys` WHERE ( id=440100 ) LIMIT 1   [ RunTime:0.0002s ]
NOTIC: [2] Cannot modify header information - headers already sent by (output started at D:\jiameng\Shang\Admin\Controller\UserInfoController.class.php:64) D:\jiameng\Shang\Admin\Controller\UserInfoController.class.php 第 67 行.
NOTIC: [2] Cannot modify header information - headers already sent by (output started at D:\jiameng\Shang\Admin\Controller\UserInfoController.class.php:64) D:\jiameng\Shang\Admin\Controller\UserInfoController.class.php 第 68 行.
INFO: [ app_end ] --START--
INFO: Run Behavior\ShowPageTraceBehavior [ RunTime:0.000782s ]
INFO: [ app_end ] --END-- [ RunTime:0.000817s ]

[ 2016-05-09T11:06:01+08:00 ] 127.0.0.1 /index.php/Admin/UserInfo/index
INFO: [ app_init ] --START--
INFO: Run Behavior\BuildLiteBehavior [ RunTime:0.000012s ]
INFO: [ app_init ] --END-- [ RunTime:0.000371s ]
INFO: [ app_begin ] --START--
INFO: Run Behavior\ReadHtmlCacheBehavior [ RunTime:0.000662s ]
INFO: [ app_begin ] --END-- [ RunTime:0.000722s ]
SQL: SHOW COLUMNS FROM `imicms_citys` [ RunTime:0.0044s ]
SQL: SHOW COLUMNS FROM `imicms_userinfo` [ RunTime:0.0036s ]
SQL: SELECT COUNT(*) AS tp_count FROM `imicms_userinfo` LIMIT 1   [ RunTime:0.0002s ]
SQL: SELECT * FROM `imicms_userinfo` ORDER BY addtime desc LIMIT 0,5   [ RunTime:0.0002s ]
SQL: SELECT * FROM `imicms_citys` WHERE ( id=0 ) LIMIT 1   [ RunTime:0.0002s ]
SQL: SELECT * FROM `imicms_citys` WHERE ( id=0 ) LIMIT 1   [ RunTime:0.0002s ]
SQL: SELECT * FROM `imicms_citys` WHERE ( id=0 ) LIMIT 1   [ RunTime:0.0002s ]
SQL: SELECT * FROM `imicms_citys` WHERE ( id=0 ) LIMIT 1   [ RunTime:0.0002s ]
SQL: SELECT * FROM `imicms_citys` WHERE ( id=0 ) LIMIT 1   [ RunTime:0.0002s ]
SQL: SELECT * FROM `imicms_citys` WHERE ( id=0 ) LIMIT 1   [ RunTime:0.0001s ]
SQL: SELECT * FROM `imicms_citys` WHERE ( id=0 ) LIMIT 1   [ RunTime:0.0002s ]
SQL: SELECT * FROM `imicms_citys` WHERE ( id=0 ) LIMIT 1   [ RunTime:0.0002s ]
SQL: SELECT * FROM `imicms_citys` WHERE ( id=0 ) LIMIT 1   [ RunTime:0.0001s ]
SQL: SELECT * FROM `imicms_citys` WHERE ( id=0 ) LIMIT 1   [ RunTime:0.0002s ]
INFO: [ view_parse ] --START--
INFO: [ template_filter ] --START--
INFO: Run Behavior\ContentReplaceBehavior [ RunTime:0.000082s ]
INFO: [ template_filter ] --END-- [ RunTime:0.000124s ]
INFO: Run Behavior\ParseTemplateBehavior [ RunTime:0.010165s ]
INFO: [ view_parse ] --END-- [ RunTime:0.010207s ]
INFO: [ view_filter ] --START--
INFO: Run Behavior\WriteHtmlCacheBehavior [ RunTime:0.000409s ]
INFO: [ view_filter ] --END-- [ RunTime:0.000439s ]
INFO: [ app_end ] --START--
INFO: Run Behavior\ShowPageTraceBehavior [ RunTime:0.000725s ]
INFO: [ app_end ] --END-- [ RunTime:0.000769s ]

[ 2016-05-09T11:06:02+08:00 ] 127.0.0.1 /index.php/Admin/UserInfo/xls
INFO: [ app_init ] --START--
INFO: Run Behavior\BuildLiteBehavior [ RunTime:0.000018s ]
INFO: [ app_init ] --END-- [ RunTime:0.000585s ]
INFO: [ app_begin ] --START--
INFO: Run Behavior\ReadHtmlCacheBehavior [ RunTime:0.001184s ]
INFO: [ app_begin ] --END-- [ RunTime:0.001284s ]
SQL: SHOW COLUMNS FROM `imicms_citys` [ RunTime:0.0048s ]
SQL: SHOW COLUMNS FROM `imicms_userinfo` [ RunTime:0.0042s ]
SQL: SELECT * FROM `imicms_userinfo` ORDER BY addtime desc  [ RunTime:0.0003s ]
SQL: SELECT * FROM `imicms_citys` WHERE ( id=0 ) LIMIT 1   [ RunTime:0.0002s ]
SQL: SELECT * FROM `imicms_citys` WHERE ( id=0 ) LIMIT 1   [ RunTime:0.0002s ]
SQL: SELECT * FROM `imicms_citys` WHERE ( id=0 ) LIMIT 1   [ RunTime:0.0002s ]
SQL: SELECT * FROM `imicms_citys` WHERE ( id=0 ) LIMIT 1   [ RunTime:0.0002s ]
SQL: SELECT * FROM `imicms_citys` WHERE ( id=0 ) LIMIT 1   [ RunTime:0.0002s ]
SQL: SELECT * FROM `imicms_citys` WHERE ( id=0 ) LIMIT 1   [ RunTime:0.0002s ]
SQL: SELECT * FROM `imicms_citys` WHERE ( id=0 ) LIMIT 1   [ RunTime:0.0002s ]
SQL: SELECT * FROM `imicms_citys` WHERE ( id=0 ) LIMIT 1   [ RunTime:0.0002s ]
SQL: SELECT * FROM `imicms_citys` WHERE ( id=0 ) LIMIT 1   [ RunTime:0.0002s ]
SQL: SELECT * FROM `imicms_citys` WHERE ( id=0 ) LIMIT 1   [ RunTime:0.0002s ]
SQL: SELECT * FROM `imicms_citys` WHERE ( id=0 ) LIMIT 1   [ RunTime:0.0002s ]
SQL: SELECT * FROM `imicms_citys` WHERE ( id=0 ) LIMIT 1   [ RunTime:0.0002s ]
SQL: SELECT * FROM `imicms_citys` WHERE ( id=0 ) LIMIT 1   [ RunTime:0.0002s ]
SQL: SELECT * FROM `imicms_citys` WHERE ( id=0 ) LIMIT 1   [ RunTime:0.0002s ]
SQL: SELECT * FROM `imicms_citys` WHERE ( id=0 ) LIMIT 1   [ RunTime:0.0002s ]
SQL: SELECT * FROM `imicms_citys` WHERE ( id=0 ) LIMIT 1   [ RunTime:0.0002s ]
SQL: SELECT * FROM `imicms_citys` WHERE ( id=0 ) LIMIT 1   [ RunTime:0.0002s ]
SQL: SELECT * FROM `imicms_citys` WHERE ( id=0 ) LIMIT 1   [ RunTime:0.0002s ]
SQL: SELECT * FROM `imicms_citys` WHERE ( id=0 ) LIMIT 1   [ RunTime:0.0002s ]
SQL: SELECT * FROM `imicms_citys` WHERE ( id=0 ) LIMIT 1   [ RunTime:0.0002s ]
SQL: SELECT * FROM `imicms_citys` WHERE ( id=0 ) LIMIT 1   [ RunTime:0.0002s ]
SQL: SELECT * FROM `imicms_citys` WHERE ( id=0 ) LIMIT 1   [ RunTime:0.0002s ]
SQL: SELECT * FROM `imicms_citys` WHERE ( id=0 ) LIMIT 1   [ RunTime:0.0002s ]
SQL: SELECT * FROM `imicms_citys` WHERE ( id=0 ) LIMIT 1   [ RunTime:0.0002s ]
SQL: SELECT * FROM `imicms_citys` WHERE ( id=0 ) LIMIT 1   [ RunTime:0.0002s ]
SQL: SELECT * FROM `imicms_citys` WHERE ( id=0 ) LIMIT 1   [ RunTime:0.0002s ]
SQL: SELECT * FROM `imicms_citys` WHERE ( id=110000 ) LIMIT 1   [ RunTime:0.0002s ]
SQL: SELECT * FROM `imicms_citys` WHERE ( id=110100 ) LIMIT 1   [ RunTime:0.0002s ]
SQL: SELECT * FROM `imicms_citys` WHERE ( id=370000 ) LIMIT 1   [ RunTime:0.0002s ]
SQL: SELECT * FROM `imicms_citys` WHERE ( id=371700 ) LIMIT 1   [ RunTime:0.0002s ]
SQL: SELECT * FROM `imicms_citys` WHERE ( id=440000 ) LIMIT 1   [ RunTime:0.0002s ]
SQL: SELECT * FROM `imicms_citys` WHERE ( id=440100 ) LIMIT 1   [ RunTime:0.0002s ]
NOTIC: [2] Cannot modify header information - headers already sent by (output started at D:\jiameng\Shang\Admin\Controller\UserInfoController.class.php:64) D:\jiameng\Shang\Admin\Controller\UserInfoController.class.php 第 67 行.
NOTIC: [2] Cannot modify header information - headers already sent by (output started at D:\jiameng\Shang\Admin\Controller\UserInfoController.class.php:64) D:\jiameng\Shang\Admin\Controller\UserInfoController.class.php 第 68 行.
INFO: [ app_end ] --START--
INFO: Run Behavior\ShowPageTraceBehavior [ RunTime:0.000778s ]
INFO: [ app_end ] --END-- [ RunTime:0.000813s ]

[ 2016-05-09T11:06:04+08:00 ] 127.0.0.1 /index.php/Admin/UserInfo/xls
INFO: [ app_init ] --START--
INFO: Run Behavior\BuildLiteBehavior [ RunTime:0.000012s ]
INFO: [ app_init ] --END-- [ RunTime:0.000332s ]
INFO: [ app_begin ] --START--
INFO: Run Behavior\ReadHtmlCacheBehavior [ RunTime:0.000725s ]
INFO: [ app_begin ] --END-- [ RunTime:0.000764s ]
SQL: SHOW COLUMNS FROM `imicms_citys` [ RunTime:0.0052s ]
SQL: SHOW COLUMNS FROM `imicms_userinfo` [ RunTime:0.0043s ]
SQL: SELECT * FROM `imicms_userinfo` ORDER BY addtime desc  [ RunTime:0.0006s ]
SQL: SELECT * FROM `imicms_citys` WHERE ( id=0 ) LIMIT 1   [ RunTime:0.0004s ]
SQL: SELECT * FROM `imicms_citys` WHERE ( id=0 ) LIMIT 1   [ RunTime:0.0003s ]
SQL: SELECT * FROM `imicms_citys` WHERE ( id=0 ) LIMIT 1   [ RunTime:0.0003s ]
SQL: SELECT * FROM `imicms_citys` WHERE ( id=0 ) LIMIT 1   [ RunTime:0.0003s ]
SQL: SELECT * FROM `imicms_citys` WHERE ( id=0 ) LIMIT 1   [ RunTime:0.0003s ]
SQL: SELECT * FROM `imicms_citys` WHERE ( id=0 ) LIMIT 1   [ RunTime:0.0003s ]
SQL: SELECT * FROM `imicms_citys` WHERE ( id=0 ) LIMIT 1   [ RunTime:0.0003s ]
SQL: SELECT * FROM `imicms_citys` WHERE ( id=0 ) LIMIT 1   [ RunTime:0.0005s ]
SQL: SELECT * FROM `imicms_citys` WHERE ( id=0 ) LIMIT 1   [ RunTime:0.0003s ]
SQL: SELECT * FROM `imicms_citys` WHERE ( id=0 ) LIMIT 1   [ RunTime:0.0003s ]
SQL: SELECT * FROM `imicms_citys` WHERE ( id=0 ) LIMIT 1   [ RunTime:0.0002s ]
SQL: SELECT * FROM `imicms_citys` WHERE ( id=0 ) LIMIT 1   [ RunTime:0.0003s ]
SQL: SELECT * FROM `imicms_citys` WHERE ( id=0 ) LIMIT 1   [ RunTime:0.0003s ]
SQL: SELECT * FROM `imicms_citys` WHERE ( id=0 ) LIMIT 1   [ RunTime:0.0004s ]
SQL: SELECT * FROM `imicms_citys` WHERE ( id=0 ) LIMIT 1   [ RunTime:0.0005s ]
SQL: SELECT * FROM `imicms_citys` WHERE ( id=0 ) LIMIT 1   [ RunTime:0.0006s ]
SQL: SELECT * FROM `imicms_citys` WHERE ( id=0 ) LIMIT 1   [ RunTime:0.0006s ]
SQL: SELECT * FROM `imicms_citys` WHERE ( id=0 ) LIMIT 1   [ RunTime:0.0003s ]
SQL: SELECT * FROM `imicms_citys` WHERE ( id=0 ) LIMIT 1   [ RunTime:0.0003s ]
SQL: SELECT * FROM `imicms_citys` WHERE ( id=0 ) LIMIT 1   [ RunTime:0.0003s ]
SQL: SELECT * FROM `imicms_citys` WHERE ( id=0 ) LIMIT 1   [ RunTime:0.0003s ]
SQL: SELECT * FROM `imicms_citys` WHERE ( id=0 ) LIMIT 1   [ RunTime:0.0003s ]
SQL: SELECT * FROM `imicms_citys` WHERE ( id=0 ) LIMIT 1   [ RunTime:0.0003s ]
SQL: SELECT * FROM `imicms_citys` WHERE ( id=0 ) LIMIT 1   [ RunTime:0.0003s ]
SQL: SELECT * FROM `imicms_citys` WHERE ( id=0 ) LIMIT 1   [ RunTime:0.0003s ]
SQL: SELECT * FROM `imicms_citys` WHERE ( id=0 ) LIMIT 1   [ RunTime:0.0004s ]
SQL: SELECT * FROM `imicms_citys` WHERE ( id=110000 ) LIMIT 1   [ RunTime:0.0003s ]
SQL: SELECT * FROM `imicms_citys` WHERE ( id=110100 ) LIMIT 1   [ RunTime:0.0003s ]
SQL: SELECT * FROM `imicms_citys` WHERE ( id=370000 ) LIMIT 1   [ RunTime:0.0003s ]
SQL: SELECT * FROM `imicms_citys` WHERE ( id=371700 ) LIMIT 1   [ RunTime:0.0002s ]
SQL: SELECT * FROM `imicms_citys` WHERE ( id=440000 ) LIMIT 1   [ RunTime:0.0003s ]
SQL: SELECT * FROM `imicms_citys` WHERE ( id=440100 ) LIMIT 1   [ RunTime:0.0002s ]
NOTIC: [2] Cannot modify header information - headers already sent by (output started at D:\jiameng\Shang\Admin\Controller\UserInfoController.class.php:64) D:\jiameng\Shang\Admin\Controller\UserInfoController.class.php 第 67 行.
NOTIC: [2] Cannot modify header information - headers already sent by (output started at D:\jiameng\Shang\Admin\Controller\UserInfoController.class.php:64) D:\jiameng\Shang\Admin\Controller\UserInfoController.class.php 第 68 行.
INFO: [ app_end ] --START--
INFO: Run Behavior\ShowPageTraceBehavior [ RunTime:0.000782s ]
INFO: [ app_end ] --END-- [ RunTime:0.000818s ]

[ 2016-05-09T11:06:06+08:00 ] 127.0.0.1 /index.php/Admin/UserInfo/xls
INFO: [ app_init ] --START--
INFO: Run Behavior\BuildLiteBehavior [ RunTime:0.000011s ]
INFO: [ app_init ] --END-- [ RunTime:0.000356s ]
INFO: [ app_begin ] --START--
INFO: Run Behavior\ReadHtmlCacheBehavior [ RunTime:0.000659s ]
INFO: [ app_begin ] --END-- [ RunTime:0.000696s ]
SQL: SHOW COLUMNS FROM `imicms_citys` [ RunTime:0.0043s ]
SQL: SHOW COLUMNS FROM `imicms_userinfo` [ RunTime:0.0038s ]
SQL: SELECT * FROM `imicms_userinfo` ORDER BY addtime desc  [ RunTime:0.0003s ]
SQL: SELECT * FROM `imicms_citys` WHERE ( id=0 ) LIMIT 1   [ RunTime:0.0002s ]
SQL: SELECT * FROM `imicms_citys` WHERE ( id=0 ) LIMIT 1   [ RunTime:0.0002s ]
SQL: SELECT * FROM `imicms_citys` WHERE ( id=0 ) LIMIT 1   [ RunTime:0.0002s ]
SQL: SELECT * FROM `imicms_citys` WHERE ( id=0 ) LIMIT 1   [ RunTime:0.0002s ]
SQL: SELECT * FROM `imicms_citys` WHERE ( id=0 ) LIMIT 1   [ RunTime:0.0002s ]
SQL: SELECT * FROM `imicms_citys` WHERE ( id=0 ) LIMIT 1   [ RunTime:0.0002s ]
SQL: SELECT * FROM `imicms_citys` WHERE ( id=0 ) LIMIT 1   [ RunTime:0.0004s ]
SQL: SELECT * FROM `imicms_citys` WHERE ( id=0 ) LIMIT 1   [ RunTime:0.0004s ]
SQL: SELECT * FROM `imicms_citys` WHERE ( id=0 ) LIMIT 1   [ RunTime:0.0002s ]
SQL: SELECT * FROM `imicms_citys` WHERE ( id=0 ) LIMIT 1   [ RunTime:0.0003s ]
SQL: SELECT * FROM `imicms_citys` WHERE ( id=0 ) LIMIT 1   [ RunTime:0.0003s ]
SQL: SELECT * FROM `imicms_citys` WHERE ( id=0 ) LIMIT 1   [ RunTime:0.0002s ]
SQL: SELECT * FROM `imicms_citys` WHERE ( id=0 ) LIMIT 1   [ RunTime:0.0002s ]
SQL: SELECT * FROM `imicms_citys` WHERE ( id=0 ) LIMIT 1   [ RunTime:0.0002s ]
SQL: SELECT * FROM `imicms_citys` WHERE ( id=0 ) LIMIT 1   [ RunTime:0.0002s ]
SQL: SELECT * FROM `imicms_citys` WHERE ( id=0 ) LIMIT 1   [ RunTime:0.0002s ]
SQL: SELECT * FROM `imicms_citys` WHERE ( id=0 ) LIMIT 1   [ RunTime:0.0003s ]
SQL: SELECT * FROM `imicms_citys` WHERE ( id=0 ) LIMIT 1   [ RunTime:0.0002s ]
SQL: SELECT * FROM `imicms_citys` WHERE ( id=0 ) LIMIT 1   [ RunTime:0.0002s ]
SQL: SELECT * FROM `imicms_citys` WHERE ( id=0 ) LIMIT 1   [ RunTime:0.0002s ]
SQL: SELECT * FROM `imicms_citys` WHERE ( id=0 ) LIMIT 1   [ RunTime:0.0002s ]
SQL: SELECT * FROM `imicms_citys` WHERE ( id=0 ) LIMIT 1   [ RunTime:0.0002s ]
SQL: SELECT * FROM `imicms_citys` WHERE ( id=0 ) LIMIT 1   [ RunTime:0.0002s ]
SQL: SELECT * FROM `imicms_citys` WHERE ( id=0 ) LIMIT 1   [ RunTime:0.0002s ]
SQL: SELECT * FROM `imicms_citys` WHERE ( id=0 ) LIMIT 1   [ RunTime:0.0002s ]
SQL: SELECT * FROM `imicms_citys` WHERE ( id=0 ) LIMIT 1   [ RunTime:0.0002s ]
SQL: SELECT * FROM `imicms_citys` WHERE ( id=110000 ) LIMIT 1   [ RunTime:0.0002s ]
SQL: SELECT * FROM `imicms_citys` WHERE ( id=110100 ) LIMIT 1   [ RunTime:0.0002s ]
SQL: SELECT * FROM `imicms_citys` WHERE ( id=370000 ) LIMIT 1   [ RunTime:0.0002s ]
SQL: SELECT * FROM `imicms_citys` WHERE ( id=371700 ) LIMIT 1   [ RunTime:0.0002s ]
SQL: SELECT * FROM `imicms_citys` WHERE ( id=440000 ) LIMIT 1   [ RunTime:0.0002s ]
SQL: SELECT * FROM `imicms_citys` WHERE ( id=440100 ) LIMIT 1   [ RunTime:0.0001s ]
NOTIC: [2] Cannot modify header information - headers already sent by (output started at D:\jiameng\Shang\Admin\Controller\UserInfoController.class.php:64) D:\jiameng\Shang\Admin\Controller\UserInfoController.class.php 第 67 行.
NOTIC: [2] Cannot modify header information - headers already sent by (output started at D:\jiameng\Shang\Admin\Controller\UserInfoController.class.php:64) D:\jiameng\Shang\Admin\Controller\UserInfoController.class.php 第 68 行.
INFO: [ app_end ] --START--
INFO: Run Behavior\ShowPageTraceBehavior [ RunTime:0.000786s ]
INFO: [ app_end ] --END-- [ RunTime:0.000821s ]

[ 2016-05-09T11:06:17+08:00 ] 127.0.0.1 /index.php/Admin/UserInfo/xls
INFO: [ app_init ] --START--
INFO: Run Behavior\BuildLiteBehavior [ RunTime:0.000014s ]
INFO: [ app_init ] --END-- [ RunTime:0.000344s ]
INFO: [ app_begin ] --START--
INFO: Run Behavior\ReadHtmlCacheBehavior [ RunTime:0.000667s ]
INFO: [ app_begin ] --END-- [ RunTime:0.000706s ]
SQL: SHOW COLUMNS FROM `imicms_citys` [ RunTime:0.0044s ]
SQL: SHOW COLUMNS FROM `imicms_userinfo` [ RunTime:0.0038s ]
SQL: SELECT * FROM `imicms_userinfo` ORDER BY addtime desc  [ RunTime:0.0003s ]
SQL: SELECT * FROM `imicms_citys` WHERE ( id=0 ) LIMIT 1   [ RunTime:0.0002s ]
SQL: SELECT * FROM `imicms_citys` WHERE ( id=0 ) LIMIT 1   [ RunTime:0.0002s ]
SQL: SELECT * FROM `imicms_citys` WHERE ( id=0 ) LIMIT 1   [ RunTime:0.0002s ]
SQL: SELECT * FROM `imicms_citys` WHERE ( id=0 ) LIMIT 1   [ RunTime:0.0002s ]
SQL: SELECT * FROM `imicms_citys` WHERE ( id=0 ) LIMIT 1   [ RunTime:0.0002s ]
SQL: SELECT * FROM `imicms_citys` WHERE ( id=0 ) LIMIT 1   [ RunTime:0.0002s ]
SQL: SELECT * FROM `imicms_citys` WHERE ( id=0 ) LIMIT 1   [ RunTime:0.0002s ]
SQL: SELECT * FROM `imicms_citys` WHERE ( id=0 ) LIMIT 1   [ RunTime:0.0002s ]
SQL: SELECT * FROM `imicms_citys` WHERE ( id=0 ) LIMIT 1   [ RunTime:0.0002s ]
SQL: SELECT * FROM `imicms_citys` WHERE ( id=0 ) LIMIT 1   [ RunTime:0.0002s ]
SQL: SELECT * FROM `imicms_citys` WHERE ( id=0 ) LIMIT 1   [ RunTime:0.0002s ]
SQL: SELECT * FROM `imicms_citys` WHERE ( id=0 ) LIMIT 1   [ RunTime:0.0003s ]
SQL: SELECT * FROM `imicms_citys` WHERE ( id=0 ) LIMIT 1   [ RunTime:0.0003s ]
SQL: SELECT * FROM `imicms_citys` WHERE ( id=0 ) LIMIT 1   [ RunTime:0.0003s ]
SQL: SELECT * FROM `imicms_citys` WHERE ( id=0 ) LIMIT 1   [ RunTime:0.0003s ]
SQL: SELECT * FROM `imicms_citys` WHERE ( id=0 ) LIMIT 1   [ RunTime:0.0002s ]
SQL: SELECT * FROM `imicms_citys` WHERE ( id=0 ) LIMIT 1   [ RunTime:0.0002s ]
SQL: SELECT * FROM `imicms_citys` WHERE ( id=0 ) LIMIT 1   [ RunTime:0.0002s ]
SQL: SELECT * FROM `imicms_citys` WHERE ( id=0 ) LIMIT 1   [ RunTime:0.0002s ]
SQL: SELECT * FROM `imicms_citys` WHERE ( id=0 ) LIMIT 1   [ RunTime:0.0002s ]
SQL: SELECT * FROM `imicms_citys` WHERE ( id=0 ) LIMIT 1   [ RunTime:0.0002s ]
SQL: SELECT * FROM `imicms_citys` WHERE ( id=0 ) LIMIT 1   [ RunTime:0.0002s ]
SQL: SELECT * FROM `imicms_citys` WHERE ( id=0 ) LIMIT 1   [ RunTime:0.0002s ]
SQL: SELECT * FROM `imicms_citys` WHERE ( id=0 ) LIMIT 1   [ RunTime:0.0002s ]
SQL: SELECT * FROM `imicms_citys` WHERE ( id=0 ) LIMIT 1   [ RunTime:0.0002s ]
SQL: SELECT * FROM `imicms_citys` WHERE ( id=0 ) LIMIT 1   [ RunTime:0.0002s ]
SQL: SELECT * FROM `imicms_citys` WHERE ( id=110000 ) LIMIT 1   [ RunTime:0.0002s ]
SQL: SELECT * FROM `imicms_citys` WHERE ( id=110100 ) LIMIT 1   [ RunTime:0.0002s ]
SQL: SELECT * FROM `imicms_citys` WHERE ( id=370000 ) LIMIT 1   [ RunTime:0.0002s ]
SQL: SELECT * FROM `imicms_citys` WHERE ( id=371700 ) LIMIT 1   [ RunTime:0.0002s ]
SQL: SELECT * FROM `imicms_citys` WHERE ( id=440000 ) LIMIT 1   [ RunTime:0.0002s ]
SQL: SELECT * FROM `imicms_citys` WHERE ( id=440100 ) LIMIT 1   [ RunTime:0.0002s ]
NOTIC: [2] Cannot modify header information - headers already sent by (output started at D:\jiameng\Shang\Admin\Controller\UserInfoController.class.php:64) D:\jiameng\Shang\Admin\Controller\UserInfoController.class.php 第 67 行.
NOTIC: [2] Cannot modify header information - headers already sent by (output started at D:\jiameng\Shang\Admin\Controller\UserInfoController.class.php:64) D:\jiameng\Shang\Admin\Controller\UserInfoController.class.php 第 68 行.
INFO: [ app_end ] --START--
INFO: Run Behavior\ShowPageTraceBehavior [ RunTime:0.000777s ]
INFO: [ app_end ] --END-- [ RunTime:0.000822s ]

[ 2016-05-09T11:06:26+08:00 ] 127.0.0.1 /index.php/Admin/UserInfo/xls
INFO: [ app_init ] --START--
INFO: Run Behavior\BuildLiteBehavior [ RunTime:0.000011s ]
INFO: [ app_init ] --END-- [ RunTime:0.000302s ]
INFO: [ app_begin ] --START--
INFO: Run Behavior\ReadHtmlCacheBehavior [ RunTime:0.000618s ]
INFO: [ app_begin ] --END-- [ RunTime:0.000666s ]
SQL: SHOW COLUMNS FROM `imicms_citys` [ RunTime:0.0049s ]
SQL: SHOW COLUMNS FROM `imicms_userinfo` [ RunTime:0.0046s ]
SQL: SELECT * FROM `imicms_userinfo` ORDER BY addtime desc  [ RunTime:0.0005s ]
SQL: SELECT * FROM `imicms_citys` WHERE ( id=0 ) LIMIT 1   [ RunTime:0.0003s ]
SQL: SELECT * FROM `imicms_citys` WHERE ( id=0 ) LIMIT 1   [ RunTime:0.0003s ]
SQL: SELECT * FROM `imicms_citys` WHERE ( id=0 ) LIMIT 1   [ RunTime:0.0003s ]
SQL: SELECT * FROM `imicms_citys` WHERE ( id=0 ) LIMIT 1   [ RunTime:0.0003s ]
SQL: SELECT * FROM `imicms_citys` WHERE ( id=0 ) LIMIT 1   [ RunTime:0.0003s ]
SQL: SELECT * FROM `imicms_citys` WHERE ( id=0 ) LIMIT 1   [ RunTime:0.0003s ]
SQL: SELECT * FROM `imicms_citys` WHERE ( id=0 ) LIMIT 1   [ RunTime:0.0003s ]
SQL: SELECT * FROM `imicms_citys` WHERE ( id=0 ) LIMIT 1   [ RunTime:0.0003s ]
SQL: SELECT * FROM `imicms_citys` WHERE ( id=0 ) LIMIT 1   [ RunTime:0.0003s ]
SQL: SELECT * FROM `imicms_citys` WHERE ( id=0 ) LIMIT 1   [ RunTime:0.0003s ]
SQL: SELECT * FROM `imicms_citys` WHERE ( id=0 ) LIMIT 1   [ RunTime:0.0003s ]
SQL: SELECT * FROM `imicms_citys` WHERE ( id=0 ) LIMIT 1   [ RunTime:0.0003s ]
SQL: SELECT * FROM `imicms_citys` WHERE ( id=0 ) LIMIT 1   [ RunTime:0.0003s ]
SQL: SELECT * FROM `imicms_citys` WHERE ( id=0 ) LIMIT 1   [ RunTime:0.0003s ]
SQL: SELECT * FROM `imicms_citys` WHERE ( id=0 ) LIMIT 1   [ RunTime:0.0003s ]
SQL: SELECT * FROM `imicms_citys` WHERE ( id=0 ) LIMIT 1   [ RunTime:0.0003s ]
SQL: SELECT * FROM `imicms_citys` WHERE ( id=0 ) LIMIT 1   [ RunTime:0.0003s ]
SQL: SELECT * FROM `imicms_citys` WHERE ( id=0 ) LIMIT 1   [ RunTime:0.0003s ]
SQL: SELECT * FROM `imicms_citys` WHERE ( id=0 ) LIMIT 1   [ RunTime:0.0003s ]
SQL: SELECT * FROM `imicms_citys` WHERE ( id=0 ) LIMIT 1   [ RunTime:0.0003s ]
SQL: SELECT * FROM `imicms_citys` WHERE ( id=0 ) LIMIT 1   [ RunTime:0.0004s ]
SQL: SELECT * FROM `imicms_citys` WHERE ( id=0 ) LIMIT 1   [ RunTime:0.0003s ]
SQL: SELECT * FROM `imicms_citys` WHERE ( id=0 ) LIMIT 1   [ RunTime:0.0003s ]
SQL: SELECT * FROM `imicms_citys` WHERE ( id=0 ) LIMIT 1   [ RunTime:0.0003s ]
SQL: SELECT * FROM `imicms_citys` WHERE ( id=0 ) LIMIT 1   [ RunTime:0.0004s ]
SQL: SELECT * FROM `imicms_citys` WHERE ( id=0 ) LIMIT 1   [ RunTime:0.0013s ]
SQL: SELECT * FROM `imicms_citys` WHERE ( id=110000 ) LIMIT 1   [ RunTime:0.0004s ]
SQL: SELECT * FROM `imicms_citys` WHERE ( id=110100 ) LIMIT 1   [ RunTime:0.0003s ]
SQL: SELECT * FROM `imicms_citys` WHERE ( id=370000 ) LIMIT 1   [ RunTime:0.0003s ]
SQL: SELECT * FROM `imicms_citys` WHERE ( id=371700 ) LIMIT 1   [ RunTime:0.0003s ]
SQL: SELECT * FROM `imicms_citys` WHERE ( id=440000 ) LIMIT 1   [ RunTime:0.0003s ]
SQL: SELECT * FROM `imicms_citys` WHERE ( id=440100 ) LIMIT 1   [ RunTime:0.0003s ]
NOTIC: [2] Cannot modify header information - headers already sent by (output started at D:\jiameng\Shang\Admin\Controller\UserInfoController.class.php:64) D:\jiameng\Shang\Admin\Controller\UserInfoController.class.php 第 67 行.
NOTIC: [2] Cannot modify header information - headers already sent by (output started at D:\jiameng\Shang\Admin\Controller\UserInfoController.class.php:64) D:\jiameng\Shang\Admin\Controller\UserInfoController.class.php 第 68 行.
INFO: [ app_end ] --START--
INFO: Run Behavior\ShowPageTraceBehavior [ RunTime:0.000722s ]
INFO: [ app_end ] --END-- [ RunTime:0.000770s ]

[ 2016-05-09T11:14:07+08:00 ] 127.0.0.1 /index.php/Admin/UserInfo/xls
INFO: [ app_init ] --START--
INFO: Run Behavior\BuildLiteBehavior [ RunTime:0.000020s ]
INFO: [ app_init ] --END-- [ RunTime:0.000595s ]
INFO: [ app_begin ] --START--
INFO: Run Behavior\ReadHtmlCacheBehavior [ RunTime:0.001197s ]
INFO: [ app_begin ] --END-- [ RunTime:0.001309s ]
SQL: SHOW COLUMNS FROM `imicms_citys` [ RunTime:0.0049s ]
SQL: SHOW COLUMNS FROM `imicms_userinfo` [ RunTime:0.0043s ]
SQL: SELECT * FROM `imicms_userinfo` ORDER BY addtime desc  [ RunTime:0.0006s ]
SQL: SELECT * FROM `imicms_citys` WHERE ( id=0 ) LIMIT 1   [ RunTime:0.0003s ]
SQL: SELECT * FROM `imicms_citys` WHERE ( id=0 ) LIMIT 1   [ RunTime:0.0002s ]
SQL: SELECT * FROM `imicms_citys` WHERE ( id=0 ) LIMIT 1   [ RunTime:0.0002s ]
SQL: SELECT * FROM `imicms_citys` WHERE ( id=0 ) LIMIT 1   [ RunTime:0.0002s ]
SQL: SELECT * FROM `imicms_citys` WHERE ( id=0 ) LIMIT 1   [ RunTime:0.0002s ]
SQL: SELECT * FROM `imicms_citys` WHERE ( id=0 ) LIMIT 1   [ RunTime:0.0002s ]
SQL: SELECT * FROM `imicms_citys` WHERE ( id=0 ) LIMIT 1   [ RunTime:0.0002s ]
SQL: SELECT * FROM `imicms_citys` WHERE ( id=0 ) LIMIT 1   [ RunTime:0.0002s ]
SQL: SELECT * FROM `imicms_citys` WHERE ( id=0 ) LIMIT 1   [ RunTime:0.0002s ]
SQL: SELECT * FROM `imicms_citys` WHERE ( id=0 ) LIMIT 1   [ RunTime:0.0002s ]
SQL: SELECT * FROM `imicms_citys` WHERE ( id=0 ) LIMIT 1   [ RunTime:0.0002s ]
SQL: SELECT * FROM `imicms_citys` WHERE ( id=0 ) LIMIT 1   [ RunTime:0.0002s ]
SQL: SELECT * FROM `imicms_citys` WHERE ( id=0 ) LIMIT 1   [ RunTime:0.0002s ]
SQL: SELECT * FROM `imicms_citys` WHERE ( id=0 ) LIMIT 1   [ RunTime:0.0002s ]
SQL: SELECT * FROM `imicms_citys` WHERE ( id=0 ) LIMIT 1   [ RunTime:0.0004s ]
SQL: SELECT * FROM `imicms_citys` WHERE ( id=0 ) LIMIT 1   [ RunTime:0.0002s ]
SQL: SELECT * FROM `imicms_citys` WHERE ( id=0 ) LIMIT 1   [ RunTime:0.0004s ]
SQL: SELECT * FROM `imicms_citys` WHERE ( id=0 ) LIMIT 1   [ RunTime:0.0002s ]
SQL: SELECT * FROM `imicms_citys` WHERE ( id=0 ) LIMIT 1   [ RunTime:0.0004s ]
SQL: SELECT * FROM `imicms_citys` WHERE ( id=0 ) LIMIT 1   [ RunTime:0.0002s ]
SQL: SELECT * FROM `imicms_citys` WHERE ( id=0 ) LIMIT 1   [ RunTime:0.0002s ]
SQL: SELECT * FROM `imicms_citys` WHERE ( id=0 ) LIMIT 1   [ RunTime:0.0002s ]
SQL: SELECT * FROM `imicms_citys` WHERE ( id=0 ) LIMIT 1   [ RunTime:0.0002s ]
SQL: SELECT * FROM `imicms_citys` WHERE ( id=0 ) LIMIT 1   [ RunTime:0.0002s ]
SQL: SELECT * FROM `imicms_citys` WHERE ( id=0 ) LIMIT 1   [ RunTime:0.0002s ]
SQL: SELECT * FROM `imicms_citys` WHERE ( id=0 ) LIMIT 1   [ RunTime:0.0002s ]
SQL: SELECT * FROM `imicms_citys` WHERE ( id=110000 ) LIMIT 1   [ RunTime:0.0002s ]
SQL: SELECT * FROM `imicms_citys` WHERE ( id=110100 ) LIMIT 1   [ RunTime:0.0002s ]
SQL: SELECT * FROM `imicms_citys` WHERE ( id=370000 ) LIMIT 1   [ RunTime:0.0002s ]
SQL: SELECT * FROM `imicms_citys` WHERE ( id=371700 ) LIMIT 1   [ RunTime:0.0002s ]
SQL: SELECT * FROM `imicms_citys` WHERE ( id=440000 ) LIMIT 1   [ RunTime:0.0002s ]
SQL: SELECT * FROM `imicms_citys` WHERE ( id=440100 ) LIMIT 1   [ RunTime:0.0002s ]
NOTIC: [2] Cannot modify header information - headers already sent by (output started at D:\jiameng\Shang\Admin\Controller\UserInfoController.class.php:64) D:\jiameng\Shang\Admin\Controller\UserInfoController.class.php 第 67 行.
NOTIC: [2] Cannot modify header information - headers already sent by (output started at D:\jiameng\Shang\Admin\Controller\UserInfoController.class.php:64) D:\jiameng\Shang\Admin\Controller\UserInfoController.class.php 第 68 行.
INFO: [ app_end ] --START--
INFO: Run Behavior\ShowPageTraceBehavior [ RunTime:0.000878s ]
INFO: [ app_end ] --END-- [ RunTime:0.000966s ]

[ 2016-05-09T11:14:58+08:00 ] 127.0.0.1 /index.php/Admin/UserInfo/xls
INFO: [ app_init ] --START--
INFO: Run Behavior\BuildLiteBehavior [ RunTime:0.000015s ]
INFO: [ app_init ] --END-- [ RunTime:0.000452s ]
INFO: [ app_begin ] --START--
INFO: Run Behavior\ReadHtmlCacheBehavior [ RunTime:0.000697s ]
INFO: [ app_begin ] --END-- [ RunTime:0.000739s ]
SQL: SHOW COLUMNS FROM `imicms_citys` [ RunTime:0.0049s ]
SQL: SHOW COLUMNS FROM `imicms_userinfo` [ RunTime:0.0047s ]
SQL: SELECT * FROM `imicms_userinfo` ORDER BY addtime desc  [ RunTime:0.0005s ]
SQL: SELECT * FROM `imicms_citys` WHERE ( id=0 ) LIMIT 1   [ RunTime:0.0005s ]
SQL: SELECT * FROM `imicms_citys` WHERE ( id=0 ) LIMIT 1   [ RunTime:0.0006s ]
SQL: SELECT * FROM `imicms_citys` WHERE ( id=0 ) LIMIT 1   [ RunTime:0.0004s ]
SQL: SELECT * FROM `imicms_citys` WHERE ( id=0 ) LIMIT 1   [ RunTime:0.0003s ]
SQL: SELECT * FROM `imicms_citys` WHERE ( id=0 ) LIMIT 1   [ RunTime:0.0002s ]
SQL: SELECT * FROM `imicms_citys` WHERE ( id=0 ) LIMIT 1   [ RunTime:0.0002s ]
SQL: SELECT * FROM `imicms_citys` WHERE ( id=0 ) LIMIT 1   [ RunTime:0.0002s ]
SQL: SELECT * FROM `imicms_citys` WHERE ( id=0 ) LIMIT 1   [ RunTime:0.0003s ]
SQL: SELECT * FROM `imicms_citys` WHERE ( id=0 ) LIMIT 1   [ RunTime:0.0003s ]
SQL: SELECT * FROM `imicms_citys` WHERE ( id=0 ) LIMIT 1   [ RunTime:0.0003s ]
SQL: SELECT * FROM `imicms_citys` WHERE ( id=0 ) LIMIT 1   [ RunTime:0.0003s ]
SQL: SELECT * FROM `imicms_citys` WHERE ( id=0 ) LIMIT 1   [ RunTime:0.0003s ]
SQL: SELECT * FROM `imicms_citys` WHERE ( id=0 ) LIMIT 1   [ RunTime:0.0003s ]
SQL: SELECT * FROM `imicms_citys` WHERE ( id=0 ) LIMIT 1   [ RunTime:0.0003s ]
SQL: SELECT * FROM `imicms_citys` WHERE ( id=0 ) LIMIT 1   [ RunTime:0.0003s ]
SQL: SELECT * FROM `imicms_citys` WHERE ( id=0 ) LIMIT 1   [ RunTime:0.0003s ]
SQL: SELECT * FROM `imicms_citys` WHERE ( id=0 ) LIMIT 1   [ RunTime:0.0003s ]
SQL: SELECT * FROM `imicms_citys` WHERE ( id=0 ) LIMIT 1   [ RunTime:0.0003s ]
SQL: SELECT * FROM `imicms_citys` WHERE ( id=0 ) LIMIT 1   [ RunTime:0.0003s ]
SQL: SELECT * FROM `imicms_citys` WHERE ( id=0 ) LIMIT 1   [ RunTime:0.0003s ]
SQL: SELECT * FROM `imicms_citys` WHERE ( id=0 ) LIMIT 1   [ RunTime:0.0004s ]
SQL: SELECT * FROM `imicms_citys` WHERE ( id=0 ) LIMIT 1   [ RunTime:0.0003s ]
SQL: SELECT * FROM `imicms_citys` WHERE ( id=0 ) LIMIT 1   [ RunTime:0.0003s ]
SQL: SELECT * FROM `imicms_citys` WHERE ( id=0 ) LIMIT 1   [ RunTime:0.0003s ]
SQL: SELECT * FROM `imicms_citys` WHERE ( id=0 ) LIMIT 1   [ RunTime:0.0003s ]
SQL: SELECT * FROM `imicms_citys` WHERE ( id=0 ) LIMIT 1   [ RunTime:0.0003s ]
SQL: SELECT * FROM `imicms_citys` WHERE ( id=110000 ) LIMIT 1   [ RunTime:0.0003s ]
SQL: SELECT * FROM `imicms_citys` WHERE ( id=110100 ) LIMIT 1   [ RunTime:0.0003s ]
SQL: SELECT * FROM `imicms_citys` WHERE ( id=370000 ) LIMIT 1   [ RunTime:0.0003s ]
SQL: SELECT * FROM `imicms_citys` WHERE ( id=371700 ) LIMIT 1   [ RunTime:0.0003s ]
SQL: SELECT * FROM `imicms_citys` WHERE ( id=440000 ) LIMIT 1   [ RunTime:0.0003s ]
SQL: SELECT * FROM `imicms_citys` WHERE ( id=440100 ) LIMIT 1   [ RunTime:0.0003s ]
NOTIC: [2] Cannot modify header information - headers already sent by (output started at D:\jiameng\Shang\Admin\Controller\UserInfoController.class.php:64) D:\jiameng\Shang\Admin\Controller\UserInfoController.class.php 第 67 行.
NOTIC: [2] Cannot modify header information - headers already sent by (output started at D:\jiameng\Shang\Admin\Controller\UserInfoController.class.php:64) D:\jiameng\Shang\Admin\Controller\UserInfoController.class.php 第 68 行.
INFO: [ app_end ] --START--
INFO: Run Behavior\ShowPageTraceBehavior [ RunTime:0.001385s ]
INFO: [ app_end ] --END-- [ RunTime:0.001456s ]

[ 2016-05-09T11:17:03+08:00 ] 127.0.0.1 /index.php/Admin/UserInfo/xls
INFO: [ app_init ] --START--
INFO: Run Behavior\BuildLiteBehavior [ RunTime:0.000011s ]
INFO: [ app_init ] --END-- [ RunTime:0.000395s ]
INFO: [ app_begin ] --START--
INFO: Run Behavior\ReadHtmlCacheBehavior [ RunTime:0.000658s ]
INFO: [ app_begin ] --END-- [ RunTime:0.000723s ]
SQL: SHOW COLUMNS FROM `imicms_citys` [ RunTime:0.0045s ]
SQL: SHOW COLUMNS FROM `imicms_userinfo` [ RunTime:0.0043s ]
SQL: SELECT * FROM `imicms_userinfo` ORDER BY addtime desc  [ RunTime:0.0004s ]
SQL: SELECT * FROM `imicms_citys` WHERE ( id=0 ) LIMIT 1   [ RunTime:0.0003s ]
SQL: SELECT * FROM `imicms_citys` WHERE ( id=0 ) LIMIT 1   [ RunTime:0.0003s ]
SQL: SELECT * FROM `imicms_citys` WHERE ( id=0 ) LIMIT 1   [ RunTime:0.0003s ]
SQL: SELECT * FROM `imicms_citys` WHERE ( id=0 ) LIMIT 1   [ RunTime:0.0004s ]
SQL: SELECT * FROM `imicms_citys` WHERE ( id=0 ) LIMIT 1   [ RunTime:0.0002s ]
SQL: SELECT * FROM `imicms_citys` WHERE ( id=0 ) LIMIT 1   [ RunTime:0.0003s ]
SQL: SELECT * FROM `imicms_citys` WHERE ( id=0 ) LIMIT 1   [ RunTime:0.0003s ]
SQL: SELECT * FROM `imicms_citys` WHERE ( id=0 ) LIMIT 1   [ RunTime:0.0003s ]
SQL: SELECT * FROM `imicms_citys` WHERE ( id=0 ) LIMIT 1   [ RunTime:0.0003s ]
SQL: SELECT * FROM `imicms_citys` WHERE ( id=0 ) LIMIT 1   [ RunTime:0.0003s ]
SQL: SELECT * FROM `imicms_citys` WHERE ( id=0 ) LIMIT 1   [ RunTime:0.0003s ]
SQL: SELECT * FROM `imicms_citys` WHERE ( id=0 ) LIMIT 1   [ RunTime:0.0003s ]
SQL: SELECT * FROM `imicms_citys` WHERE ( id=0 ) LIMIT 1   [ RunTime:0.0003s ]
SQL: SELECT * FROM `imicms_citys` WHERE ( id=0 ) LIMIT 1   [ RunTime:0.0003s ]
SQL: SELECT * FROM `imicms_citys` WHERE ( id=0 ) LIMIT 1   [ RunTime:0.0003s ]
SQL: SELECT * FROM `imicms_citys` WHERE ( id=0 ) LIMIT 1   [ RunTime:0.0003s ]
SQL: SELECT * FROM `imicms_citys` WHERE ( id=0 ) LIMIT 1   [ RunTime:0.0003s ]
SQL: SELECT * FROM `imicms_citys` WHERE ( id=0 ) LIMIT 1   [ RunTime:0.0003s ]
SQL: SELECT * FROM `imicms_citys` WHERE ( id=0 ) LIMIT 1   [ RunTime:0.0002s ]
SQL: SELECT * FROM `imicms_citys` WHERE ( id=0 ) LIMIT 1   [ RunTime:0.0003s ]
SQL: SELECT * FROM `imicms_citys` WHERE ( id=0 ) LIMIT 1   [ RunTime:0.0003s ]
SQL: SELECT * FROM `imicms_citys` WHERE ( id=0 ) LIMIT 1   [ RunTime:0.0003s ]
SQL: SELECT * FROM `imicms_citys` WHERE ( id=0 ) LIMIT 1   [ RunTime:0.0003s ]
SQL: SELECT * FROM `imicms_citys` WHERE ( id=0 ) LIMIT 1   [ RunTime:0.0003s ]
SQL: SELECT * FROM `imicms_citys` WHERE ( id=0 ) LIMIT 1   [ RunTime:0.0003s ]
SQL: SELECT * FROM `imicms_citys` WHERE ( id=0 ) LIMIT 1   [ RunTime:0.0003s ]
SQL: SELECT * FROM `imicms_citys` WHERE ( id=110000 ) LIMIT 1   [ RunTime:0.0003s ]
SQL: SELECT * FROM `imicms_citys` WHERE ( id=110100 ) LIMIT 1   [ RunTime:0.0003s ]
SQL: SELECT * FROM `imicms_citys` WHERE ( id=370000 ) LIMIT 1   [ RunTime:0.0005s ]
SQL: SELECT * FROM `imicms_citys` WHERE ( id=371700 ) LIMIT 1   [ RunTime:0.0004s ]
SQL: SELECT * FROM `imicms_citys` WHERE ( id=440000 ) LIMIT 1   [ RunTime:0.0003s ]
SQL: SELECT * FROM `imicms_citys` WHERE ( id=440100 ) LIMIT 1   [ RunTime:0.0002s ]
NOTIC: [2] Cannot modify header information - headers already sent by (output started at D:\jiameng\Shang\Admin\Controller\UserInfoController.class.php:64) D:\jiameng\Shang\Admin\Controller\UserInfoController.class.php 第 67 行.
NOTIC: [2] Cannot modify header information - headers already sent by (output started at D:\jiameng\Shang\Admin\Controller\UserInfoController.class.php:64) D:\jiameng\Shang\Admin\Controller\UserInfoController.class.php 第 68 行.
INFO: [ app_end ] --START--
INFO: Run Behavior\ShowPageTraceBehavior [ RunTime:0.000950s ]
INFO: [ app_end ] --END-- [ RunTime:0.000999s ]

[ 2016-05-09T11:17:43+08:00 ] 127.0.0.1 /index.php/Admin/UserInfo/index
INFO: [ app_init ] --START--
INFO: Run Behavior\BuildLiteBehavior [ RunTime:0.000013s ]
INFO: [ app_init ] --END-- [ RunTime:0.000369s ]
INFO: [ app_begin ] --START--
INFO: Run Behavior\ReadHtmlCacheBehavior [ RunTime:0.000612s ]
INFO: [ app_begin ] --END-- [ RunTime:0.000649s ]
SQL: SHOW COLUMNS FROM `imicms_citys` [ RunTime:0.0050s ]
SQL: SHOW COLUMNS FROM `imicms_userinfo` [ RunTime:0.0040s ]
SQL: SELECT COUNT(*) AS tp_count FROM `imicms_userinfo` LIMIT 1   [ RunTime:0.0002s ]
SQL: SELECT * FROM `imicms_userinfo` ORDER BY addtime desc LIMIT 0,5   [ RunTime:0.0002s ]
SQL: SELECT * FROM `imicms_citys` WHERE ( id=0 ) LIMIT 1   [ RunTime:0.0002s ]
SQL: SELECT * FROM `imicms_citys` WHERE ( id=0 ) LIMIT 1   [ RunTime:0.0002s ]
SQL: SELECT * FROM `imicms_citys` WHERE ( id=0 ) LIMIT 1   [ RunTime:0.0002s ]
SQL: SELECT * FROM `imicms_citys` WHERE ( id=0 ) LIMIT 1   [ RunTime:0.0002s ]
SQL: SELECT * FROM `imicms_citys` WHERE ( id=0 ) LIMIT 1   [ RunTime:0.0002s ]
SQL: SELECT * FROM `imicms_citys` WHERE ( id=0 ) LIMIT 1   [ RunTime:0.0002s ]
SQL: SELECT * FROM `imicms_citys` WHERE ( id=0 ) LIMIT 1   [ RunTime:0.0002s ]
SQL: SELECT * FROM `imicms_citys` WHERE ( id=0 ) LIMIT 1   [ RunTime:0.0002s ]
SQL: SELECT * FROM `imicms_citys` WHERE ( id=0 ) LIMIT 1   [ RunTime:0.0002s ]
SQL: SELECT * FROM `imicms_citys` WHERE ( id=0 ) LIMIT 1   [ RunTime:0.0002s ]
INFO: [ view_parse ] --START--
INFO: [ template_filter ] --START--
INFO: Run Behavior\ContentReplaceBehavior [ RunTime:0.000081s ]
INFO: [ template_filter ] --END-- [ RunTime:0.000128s ]
INFO: Run Behavior\ParseTemplateBehavior [ RunTime:0.009726s ]
INFO: [ view_parse ] --END-- [ RunTime:0.009809s ]
INFO: [ view_filter ] --START--
INFO: Run Behavior\WriteHtmlCacheBehavior [ RunTime:0.000384s ]
INFO: [ view_filter ] --END-- [ RunTime:0.000413s ]
INFO: [ app_end ] --START--
INFO: Run Behavior\ShowPageTraceBehavior [ RunTime:0.000875s ]
INFO: [ app_end ] --END-- [ RunTime:0.000934s ]

[ 2016-05-09T11:17:44+08:00 ] 127.0.0.1 /index.php/Admin/UserInfo/xls
INFO: [ app_init ] --START--
INFO: Run Behavior\BuildLiteBehavior [ RunTime:0.000011s ]
INFO: [ app_init ] --END-- [ RunTime:0.000360s ]
INFO: [ app_begin ] --START--
INFO: Run Behavior\ReadHtmlCacheBehavior [ RunTime:0.000634s ]
INFO: [ app_begin ] --END-- [ RunTime:0.000694s ]
SQL: SHOW COLUMNS FROM `imicms_citys` [ RunTime:0.0043s ]
SQL: SHOW COLUMNS FROM `imicms_userinfo` [ RunTime:0.0043s ]
SQL: SELECT * FROM `imicms_userinfo` ORDER BY addtime desc  [ RunTime:0.0005s ]
SQL: SELECT * FROM `imicms_citys` WHERE ( id=0 ) LIMIT 1   [ RunTime:0.0002s ]
SQL: SELECT * FROM `imicms_citys` WHERE ( id=0 ) LIMIT 1   [ RunTime:0.0002s ]
SQL: SELECT * FROM `imicms_citys` WHERE ( id=0 ) LIMIT 1   [ RunTime:0.0002s ]
SQL: SELECT * FROM `imicms_citys` WHERE ( id=0 ) LIMIT 1   [ RunTime:0.0001s ]
SQL: SELECT * FROM `imicms_citys` WHERE ( id=0 ) LIMIT 1   [ RunTime:0.0002s ]
SQL: SELECT * FROM `imicms_citys` WHERE ( id=0 ) LIMIT 1   [ RunTime:0.0002s ]
SQL: SELECT * FROM `imicms_citys` WHERE ( id=0 ) LIMIT 1   [ RunTime:0.0002s ]
SQL: SELECT * FROM `imicms_citys` WHERE ( id=0 ) LIMIT 1   [ RunTime:0.0002s ]
SQL: SELECT * FROM `imicms_citys` WHERE ( id=0 ) LIMIT 1   [ RunTime:0.0002s ]
SQL: SELECT * FROM `imicms_citys` WHERE ( id=0 ) LIMIT 1   [ RunTime:0.0002s ]
SQL: SELECT * FROM `imicms_citys` WHERE ( id=0 ) LIMIT 1   [ RunTime:0.0003s ]
SQL: SELECT * FROM `imicms_citys` WHERE ( id=0 ) LIMIT 1   [ RunTime:0.0002s ]
SQL: SELECT * FROM `imicms_citys` WHERE ( id=0 ) LIMIT 1   [ RunTime:0.0002s ]
SQL: SELECT * FROM `imicms_citys` WHERE ( id=0 ) LIMIT 1   [ RunTime:0.0002s ]
SQL: SELECT * FROM `imicms_citys` WHERE ( id=0 ) LIMIT 1   [ RunTime:0.0002s ]
SQL: SELECT * FROM `imicms_citys` WHERE ( id=0 ) LIMIT 1   [ RunTime:0.0002s ]
SQL: SELECT * FROM `imicms_citys` WHERE ( id=0 ) LIMIT 1   [ RunTime:0.0002s ]
SQL: SELECT * FROM `imicms_citys` WHERE ( id=0 ) LIMIT 1   [ RunTime:0.0002s ]
SQL: SELECT * FROM `imicms_citys` WHERE ( id=0 ) LIMIT 1   [ RunTime:0.0002s ]
SQL: SELECT * FROM `imicms_citys` WHERE ( id=0 ) LIMIT 1   [ RunTime:0.0002s ]
SQL: SELECT * FROM `imicms_citys` WHERE ( id=0 ) LIMIT 1   [ RunTime:0.0002s ]
SQL: SELECT * FROM `imicms_citys` WHERE ( id=0 ) LIMIT 1   [ RunTime:0.0002s ]
SQL: SELECT * FROM `imicms_citys` WHERE ( id=0 ) LIMIT 1   [ RunTime:0.0002s ]
SQL: SELECT * FROM `imicms_citys` WHERE ( id=0 ) LIMIT 1   [ RunTime:0.0002s ]
SQL: SELECT * FROM `imicms_citys` WHERE ( id=0 ) LIMIT 1   [ RunTime:0.0002s ]
SQL: SELECT * FROM `imicms_citys` WHERE ( id=0 ) LIMIT 1   [ RunTime:0.0002s ]
SQL: SELECT * FROM `imicms_citys` WHERE ( id=110000 ) LIMIT 1   [ RunTime:0.0002s ]
SQL: SELECT * FROM `imicms_citys` WHERE ( id=110100 ) LIMIT 1   [ RunTime:0.0002s ]
SQL: SELECT * FROM `imicms_citys` WHERE ( id=370000 ) LIMIT 1   [ RunTime:0.0002s ]
SQL: SELECT * FROM `imicms_citys` WHERE ( id=371700 ) LIMIT 1   [ RunTime:0.0001s ]
SQL: SELECT * FROM `imicms_citys` WHERE ( id=440000 ) LIMIT 1   [ RunTime:0.0002s ]
SQL: SELECT * FROM `imicms_citys` WHERE ( id=440100 ) LIMIT 1   [ RunTime:0.0002s ]
INFO: [ app_end ] --START--
INFO: Run Behavior\ShowPageTraceBehavior [ RunTime:0.000671s ]
INFO: [ app_end ] --END-- [ RunTime:0.000708s ]

